#
# There is insufficient memory for the Java Runtime Environment to continue.
# Native memory allocation (malloc) failed to allocate 1074320 bytes. Error detail: Chunk::new
# Possible reasons:
#   The system is out of physical RAM or swap space
#   This process is running with CompressedOops enabled, and the Java Heap may be blocking the growth of the native heap
# Possible solutions:
#   Reduce memory load on the system
#   Increase physical memory or swap space
#   Check if swap backing store is full
#   Decrease Java heap size (-Xmx/-Xms)
#   Decrease number of Java threads
#   Decrease Java thread stack sizes (-Xss)
#   Set larger code cache with -XX:ReservedCodeCacheSize=
#   JVM is running with Unscaled Compressed Oops mode in which the Java heap is
#     placed in the first 4GB address space. The Java Heap base address is the
#     maximum limit for the native heap growth. Please use -XX:HeapBaseMinAddress
#     to set the Java Heap base and to place the Java Heap above 4GB virtual address.
# This output file may be truncated or incomplete.
#
#  Out of Memory Error (arena.cpp:168), pid=22988, tid=21040
#
# JRE version: OpenJDK Runtime Environment Temurin-21.0.7+6 (21.0.7+6) (build 21.0.7+6-LTS)
# Java VM: OpenJDK 64-Bit Server VM Temurin-21.0.7+6 (21.0.7+6-LTS, mixed mode, sharing, tiered, compressed oops, compressed class ptrs, parallel gc, windows-amd64)
# No core dump will be written. Minidumps are not enabled by default on client versions of Windows
#

---------------  S U M M A R Y ------------

Command Line: --add-modules=ALL-SYSTEM --add-opens=java.base/java.util=ALL-UNNAMED --add-opens=java.base/java.lang=ALL-UNNAMED --add-opens=java.base/sun.nio.fs=ALL-UNNAMED -Declipse.application=org.eclipse.jdt.ls.core.id1 -Dosgi.bundles.defaultStartLevel=4 -Declipse.product=org.eclipse.jdt.ls.core.product -Djava.import.generatesMetadataFilesAtProjectRoot=false -DDetectVMInstallationsJob.disabled=true -Dfile.encoding=utf8 -XX:+UseParallelGC -XX:GCTimeRatio=4 -XX:AdaptiveSizePolicyWeight=90 -Dsun.zip.disableMemoryMapping=true -Xmx2G -Xms100m -Xlog:disable -javaagent:c:\Users\wazee\.cursor\extensions\redhat.java-1.43.1-win32-x64\lombok\lombok-1.18.39-4050.jar -XX:+HeapDumpOnOutOfMemoryError -XX:HeapDumpPath=c:\Users\wazee\AppData\Roaming\Cursor\User\workspaceStorage\51a8fbe1f2815d3058810539ce643cc5\redhat.java -Daether.dependencyCollector.impl=bf c:\Users\wazee\.cursor\extensions\redhat.java-1.43.1-win32-x64\server\plugins\org.eclipse.equinox.launcher_1.7.0.v20250519-0528.jar -configuration c:\Users\wazee\AppData\Roaming\Cursor\User\globalStorage\redhat.java\1.43.1\config_win -data c:\Users\wazee\AppData\Roaming\Cursor\User\workspaceStorage\51a8fbe1f2815d3058810539ce643cc5\redhat.java\jdt_ws --pipe=\\.\pipe\lsp-723db4ebb008678be02166f619c9d3f2-sock

Host: Intel(R) Core(TM) i5-10210U CPU @ 1.60GHz, 8 cores, 7G,  Windows 11 , 64 bit Build 26100 (10.0.26100.3912)
Time: Mon Jul  7 12:23:05 2025 Sri Lanka Standard Time elapsed time: 50.523026 seconds (0d 0h 0m 50s)

---------------  T H R E A D  ---------------

Current thread (0x000001616ee98880):  JavaThread "C2 CompilerThread0" daemon [_thread_in_native, id=21040, stack(0x00000026d0300000,0x00000026d0400000) (1024K)]


Current CompileTask:
C2:50523 14822       4       java.lang.reflect.Field::set (43 bytes)

Stack: [0x00000026d0300000,0x00000026d0400000]
Native frames: (J=compiled Java code, j=interpreted, Vv=VM code, C=native code)
V  [jvm.dll+0x6ce119]
V  [jvm.dll+0x8a84a1]
V  [jvm.dll+0x8aa9ce]
V  [jvm.dll+0x8ab0b3]
V  [jvm.dll+0x27f8a6]
V  [jvm.dll+0xc507d]
V  [jvm.dll+0xc55b3]
V  [jvm.dll+0x3b692c]
V  [jvm.dll+0x1dfe33]
V  [jvm.dll+0x247c42]
V  [jvm.dll+0x2470cf]
V  [jvm.dll+0x1c760e]
V  [jvm.dll+0x25695a]
V  [jvm.dll+0x254efa]
V  [jvm.dll+0x3f03f6]
V  [jvm.dll+0x851f6b]
V  [jvm.dll+0x6cc7dd]
C  [ucrtbase.dll+0x37b0]
C  [KERNEL32.DLL+0x2e8d7]
C  [ntdll.dll+0x9c5dc]


---------------  P R O C E S S  ---------------

Threads class SMR info:
_java_thread_list=0x00000161510a0a30, length=61, elements={
0x000001616ef1f4c0, 0x000001616ee8d5f0, 0x000001616ee8f7a0, 0x000001616ee922f0,
0x000001616ee93190, 0x000001616ee97000, 0x000001616ee97a50, 0x000001616ee98880,
0x000001616eec8b40, 0x000001617821f7e0, 0x00000161784d5d10, 0x0000016178d11da0,
0x000001617d010a20, 0x000001617817e4c0, 0x0000016178182d40, 0x0000016178ccf600,
0x00000161789ef150, 0x000001617875e790, 0x0000016178760860, 0x000001617875d3e0,
0x000001617875e100, 0x000001617875fb40, 0x00000161787601d0, 0x000001617875da70,
0x0000016178b05300, 0x0000016178b03f50, 0x0000016178b045e0, 0x0000016178b02ba0,
0x0000016178b06020, 0x0000016178b04c70, 0x0000016178b066b0, 0x0000016178b03230,
0x0000016178b038c0, 0x0000016178b06d40, 0x0000016178b08780, 0x0000016178b05990,
0x0000016178b073d0, 0x0000016178b094a0, 0x0000016178b09b30, 0x000001615014d9e0,
0x000001615014ed90, 0x000001615014e070, 0x000001615014e700, 0x000001615014f420,
0x000001615014d350, 0x000001615014fab0, 0x000001615014ccc0, 0x00000161501535c0,
0x0000016150153c50, 0x0000016150152f30, 0x00000161501528a0, 0x00000161501514f0,
0x00000161501507d0, 0x00000161524e37c0, 0x00000161524e3e50, 0x00000161524e44e0,
0x00000161524e16f0, 0x00000161524e1060, 0x00000161524e4b70, 0x00000161524e5200,
0x000001615287e1d0
}

Java Threads: ( => current thread )
  0x000001616ef1f4c0 JavaThread "main"                              [_thread_blocked, id=18760, stack(0x00000026cf900000,0x00000026cfa00000) (1024K)]
  0x000001616ee8d5f0 JavaThread "Reference Handler"          daemon [_thread_blocked, id=4180, stack(0x00000026cfd00000,0x00000026cfe00000) (1024K)]
  0x000001616ee8f7a0 JavaThread "Finalizer"                  daemon [_thread_blocked, id=4124, stack(0x00000026cfe00000,0x00000026cff00000) (1024K)]
  0x000001616ee922f0 JavaThread "Signal Dispatcher"          daemon [_thread_blocked, id=22280, stack(0x00000026cff00000,0x00000026d0000000) (1024K)]
  0x000001616ee93190 JavaThread "Attach Listener"            daemon [_thread_blocked, id=13040, stack(0x00000026d0000000,0x00000026d0100000) (1024K)]
  0x000001616ee97000 JavaThread "Service Thread"             daemon [_thread_blocked, id=8200, stack(0x00000026d0100000,0x00000026d0200000) (1024K)]
  0x000001616ee97a50 JavaThread "Monitor Deflation Thread"   daemon [_thread_blocked, id=15592, stack(0x00000026d0200000,0x00000026d0300000) (1024K)]
=>0x000001616ee98880 JavaThread "C2 CompilerThread0"         daemon [_thread_in_native, id=21040, stack(0x00000026d0300000,0x00000026d0400000) (1024K)]
  0x000001616eec8b40 JavaThread "C1 CompilerThread0"         daemon [_thread_in_native, id=18804, stack(0x00000026d0400000,0x00000026d0500000) (1024K)]
  0x000001617821f7e0 JavaThread "Common-Cleaner"             daemon [_thread_blocked, id=19412, stack(0x00000026d0500000,0x00000026d0600000) (1024K)]
  0x00000161784d5d10 JavaThread "Notification Thread"        daemon [_thread_blocked, id=3544, stack(0x00000026d0700000,0x00000026d0800000) (1024K)]
  0x0000016178d11da0 JavaThread "Active Thread: Equinox Container: fe19b2f2-4fff-41d4-a67a-3958c1a9d6eb"        [_thread_blocked, id=21712, stack(0x00000026d0e00000,0x00000026d0f00000) (1024K)]
  0x000001617d010a20 JavaThread "Refresh Thread: Equinox Container: fe19b2f2-4fff-41d4-a67a-3958c1a9d6eb" daemon [_thread_blocked, id=11188, stack(0x00000026d0f00000,0x00000026d1000000) (1024K)]
  0x000001617817e4c0 JavaThread "Framework Event Dispatcher: Equinox Container: fe19b2f2-4fff-41d4-a67a-3958c1a9d6eb" daemon [_thread_blocked, id=1512, stack(0x00000026d1000000,0x00000026d1100000) (1024K)]
  0x0000016178182d40 JavaThread "Start Level: Equinox Container: fe19b2f2-4fff-41d4-a67a-3958c1a9d6eb" daemon [_thread_blocked, id=8008, stack(0x00000026d1100000,0x00000026d1200000) (1024K)]
  0x0000016178ccf600 JavaThread "Bundle File Closer"         daemon [_thread_blocked, id=6904, stack(0x00000026d1200000,0x00000026d1300000) (1024K)]
  0x00000161789ef150 JavaThread "SCR Component Actor"        daemon [_thread_blocked, id=22612, stack(0x00000026d1300000,0x00000026d1400000) (1024K)]
  0x000001617875e790 JavaThread "Worker-JM"                         [_thread_blocked, id=10116, stack(0x00000026d1600000,0x00000026d1700000) (1024K)]
  0x0000016178760860 JavaThread "JNA Cleaner"                daemon [_thread_blocked, id=16732, stack(0x00000026d1700000,0x00000026d1800000) (1024K)]
  0x000001617875d3e0 JavaThread "Worker-0"                          [_thread_blocked, id=16076, stack(0x00000026d1800000,0x00000026d1900000) (1024K)]
  0x000001617875e100 JavaThread "Worker-1"                          [_thread_blocked, id=20716, stack(0x00000026d1900000,0x00000026d1a00000) (1024K)]
  0x000001617875fb40 JavaThread "Java indexing"              daemon [_thread_in_Java, id=1100, stack(0x00000026d1500000,0x00000026d1600000) (1024K)]
  0x00000161787601d0 JavaThread "Worker-2"                          [_thread_blocked, id=4344, stack(0x00000026d1d00000,0x00000026d1e00000) (1024K)]
  0x000001617875da70 JavaThread "Worker-3: Java indexing... "        [_thread_blocked, id=6620, stack(0x00000026d1e00000,0x00000026d1f00000) (1024K)]
  0x0000016178b05300 JavaThread "Worker-4: Building"                [_thread_in_native, id=16608, stack(0x00000026d1f00000,0x00000026d2000000) (1024K)]
  0x0000016178b03f50 JavaThread "Thread-2"                   daemon [_thread_in_native, id=13600, stack(0x00000026d2000000,0x00000026d2100000) (1024K)]
  0x0000016178b045e0 JavaThread "Thread-3"                   daemon [_thread_in_native, id=19720, stack(0x00000026d2100000,0x00000026d2200000) (1024K)]
  0x0000016178b02ba0 JavaThread "Thread-4"                   daemon [_thread_in_native, id=1604, stack(0x00000026d2200000,0x00000026d2300000) (1024K)]
  0x0000016178b06020 JavaThread "Thread-5"                   daemon [_thread_in_native, id=14332, stack(0x00000026d2300000,0x00000026d2400000) (1024K)]
  0x0000016178b04c70 JavaThread "Thread-6"                   daemon [_thread_in_native, id=15520, stack(0x00000026d2400000,0x00000026d2500000) (1024K)]
  0x0000016178b066b0 JavaThread "Thread-7"                   daemon [_thread_in_native, id=16360, stack(0x00000026d2500000,0x00000026d2600000) (1024K)]
  0x0000016178b03230 JavaThread "Thread-8"                   daemon [_thread_in_native, id=6044, stack(0x00000026d2600000,0x00000026d2700000) (1024K)]
  0x0000016178b038c0 JavaThread "Thread-9"                   daemon [_thread_in_native, id=5384, stack(0x00000026d2700000,0x00000026d2800000) (1024K)]
  0x0000016178b06d40 JavaThread "Thread-10"                  daemon [_thread_in_native, id=4968, stack(0x00000026d2800000,0x00000026d2900000) (1024K)]
  0x0000016178b08780 JavaThread "pool-2-thread-1"                   [_thread_blocked, id=12880, stack(0x00000026d2900000,0x00000026d2a00000) (1024K)]
  0x0000016178b05990 JavaThread "WorkspaceEventsHandler"            [_thread_blocked, id=22484, stack(0x00000026d2b00000,0x00000026d2c00000) (1024K)]
  0x0000016178b073d0 JavaThread "pool-1-thread-1"                   [_thread_blocked, id=17836, stack(0x00000026d2c00000,0x00000026d2d00000) (1024K)]
  0x0000016178b094a0 JavaThread "Worker-5"                          [_thread_blocked, id=11092, stack(0x00000026d2e00000,0x00000026d2f00000) (1024K)]
  0x0000016178b09b30 JavaThread "Worker-6"                          [_thread_blocked, id=9128, stack(0x00000026d2f00000,0x00000026d3000000) (1024K)]
  0x000001615014d9e0 JavaThread "LocalFile Deleter"          daemon [_thread_blocked, id=20576, stack(0x00000026d3100000,0x00000026d3200000) (1024K)]
  0x000001615014ed90 JavaThread "LocalFile Deleter"          daemon [_thread_blocked, id=5760, stack(0x00000026d3200000,0x00000026d3300000) (1024K)]
  0x000001615014e070 JavaThread "LocalFile Deleter"          daemon [_thread_blocked, id=22056, stack(0x00000026d3300000,0x00000026d3400000) (1024K)]
  0x000001615014e700 JavaThread "LocalFile Deleter"          daemon [_thread_blocked, id=19324, stack(0x00000026d3400000,0x00000026d3500000) (1024K)]
  0x000001615014f420 JavaThread "LocalFile Deleter"          daemon [_thread_blocked, id=19392, stack(0x00000026d3500000,0x00000026d3600000) (1024K)]
  0x000001615014d350 JavaThread "LocalFile Deleter"          daemon [_thread_blocked, id=17400, stack(0x00000026d3600000,0x00000026d3700000) (1024K)]
  0x000001615014fab0 JavaThread "LocalFile Deleter"          daemon [_thread_blocked, id=17644, stack(0x00000026d3700000,0x00000026d3800000) (1024K)]
  0x000001615014ccc0 JavaThread "LocalFile Deleter"          daemon [_thread_blocked, id=20600, stack(0x00000026d3800000,0x00000026d3900000) (1024K)]
  0x00000161501535c0 JavaThread "Compiler Source File Reader" daemon [_thread_blocked, id=13808, stack(0x00000026d1400000,0x00000026d1500000) (1024K)]
  0x0000016150153c50 JavaThread "Compiler Source File Reader" daemon [_thread_blocked, id=1104, stack(0x00000026d3900000,0x00000026d3a00000) (1024K)]
  0x0000016150152f30 JavaThread "Compiler Source File Reader" daemon [_thread_blocked, id=14424, stack(0x00000026d3a00000,0x00000026d3b00000) (1024K)]
  0x00000161501528a0 JavaThread "Compiler Source File Reader" daemon [_thread_blocked, id=19100, stack(0x00000026d3b00000,0x00000026d3c00000) (1024K)]
  0x00000161501514f0 JavaThread "Compiler Source File Reader" daemon [_thread_blocked, id=12768, stack(0x00000026d3c00000,0x00000026d3d00000) (1024K)]
  0x00000161501507d0 JavaThread "Compiler Source File Reader" daemon [_thread_blocked, id=21396, stack(0x00000026d3d00000,0x00000026d3e00000) (1024K)]
  0x00000161524e37c0 JavaThread "Compiler Processing Task"   daemon [_thread_blocked, id=21644, stack(0x00000026d3e00000,0x00000026d3f00000) (1024K)]
  0x00000161524e3e50 JavaThread "Compiler Class File Writer" daemon [_thread_blocked, id=6196, stack(0x00000026d3f00000,0x00000026d4000000) (1024K)]
  0x00000161524e44e0 JavaThread "Compiler Class File Writer" daemon [_thread_blocked, id=23456, stack(0x00000026d4000000,0x00000026d4100000) (1024K)]
  0x00000161524e16f0 JavaThread "Compiler Class File Writer" daemon [_thread_blocked, id=2560, stack(0x00000026d4100000,0x00000026d4200000) (1024K)]
  0x00000161524e1060 JavaThread "Compiler Class File Writer" daemon [_thread_blocked, id=22756, stack(0x00000026d4200000,0x00000026d4300000) (1024K)]
  0x00000161524e4b70 JavaThread "Compiler Class File Writer" daemon [_thread_blocked, id=7880, stack(0x00000026d4300000,0x00000026d4400000) (1024K)]
  0x00000161524e5200 JavaThread "Compiler Class File Writer" daemon [_thread_blocked, id=22532, stack(0x00000026d4400000,0x00000026d4500000) (1024K)]
  0x000001615287e1d0 JavaThread "C2 CompilerThread1"         daemon [_thread_in_native, id=20704, stack(0x00000026d1a00000,0x00000026d1b00000) (1024K)]
Total: 61

Other Threads:
  0x000001616ee728b0 VMThread "VM Thread"                           [id=4384, stack(0x00000026cfc00000,0x00000026cfd00000) (1024K)]
  0x000001616edac9f0 WatcherThread "VM Periodic Task Thread"        [id=1872, stack(0x00000026cfb00000,0x00000026cfc00000) (1024K)]
  0x000001616ef3dcb0 WorkerThread "GC Thread#0"                     [id=16736, stack(0x00000026cfa00000,0x00000026cfb00000) (1024K)]
  0x0000016178859f90 WorkerThread "GC Thread#1"                     [id=14096, stack(0x00000026d0800000,0x00000026d0900000) (1024K)]
  0x0000016178b385d0 WorkerThread "GC Thread#2"                     [id=23116, stack(0x00000026d0900000,0x00000026d0a00000) (1024K)]
  0x000001617885a330 WorkerThread "GC Thread#3"                     [id=22824, stack(0x00000026d0a00000,0x00000026d0b00000) (1024K)]
  0x0000016178d4e5a0 WorkerThread "GC Thread#4"                     [id=8816, stack(0x00000026d0b00000,0x00000026d0c00000) (1024K)]
  0x0000016178d4e940 WorkerThread "GC Thread#5"                     [id=14876, stack(0x00000026d0c00000,0x00000026d0d00000) (1024K)]
  0x000001617873c430 WorkerThread "GC Thread#6"                     [id=20752, stack(0x00000026d0d00000,0x00000026d0e00000) (1024K)]
  0x000001617d010680 WorkerThread "GC Thread#7"                     [id=3164, stack(0x00000026d0600000,0x00000026d0700000) (1024K)]
Total: 10

Threads with active compile tasks:
C2 CompilerThread0  50571 14822       4       java.lang.reflect.Field::set (43 bytes)
C1 CompilerThread0  50571 14922       3       com.sun.jna.platform.win32.WinBase$FILETIME::filetimeToDate (38 bytes)
C2 CompilerThread1  50571 14917       4       java.util.regex.Matcher::matches (10 bytes)
Total: 3

VM state: not at safepoint (normal execution)

VM Mutex/Monitor currently owned by a thread: None

Heap address: 0x0000000080000000, size: 2048 MB, Compressed Oops mode: 32-bit

CDS archive(s) mapped at: [0x000001610f000000-0x000001610fba0000-0x000001610fba0000), size 12189696, SharedBaseAddress: 0x000001610f000000, ArchiveRelocationMode: 1.
Compressed class space mapped at: 0x0000016110000000-0x0000016150000000, reserved size: 1073741824
Narrow klass base: 0x000001610f000000, Narrow klass shift: 0, Narrow klass range: 0x100000000

GC Precious Log:
 CardTable entry size: 512
 CPUs: 8 total, 8 available
 Memory: 8013M
 Large Page Support: Disabled
 NUMA Support: Disabled
 Compressed Oops: Enabled (32-bit)
 Alignments: Space 512K, Generation 512K, Heap 2M
 Heap Min Capacity: 100M
 Heap Initial Capacity: 100M
 Heap Max Capacity: 2G
 Pre-touch: Disabled
 Parallel Workers: 8

Heap:
 PSYoungGen      total 7168K, used 5649K [0x00000000d5580000, 0x00000000d5f00000, 0x0000000100000000)
  eden space 6144K, 78% used [0x00000000d5580000,0x00000000d5a3c6f8,0x00000000d5b80000)
  from space 1024K, 78% used [0x00000000d5b80000,0x00000000d5c48000,0x00000000d5c80000)
  to   space 1024K, 0% used [0x00000000d5e00000,0x00000000d5e00000,0x00000000d5f00000)
 ParOldGen       total 457728K, used 457487K [0x0000000080000000, 0x000000009bf00000, 0x00000000d5580000)
  object space 457728K, 99% used [0x0000000080000000,0x000000009bec3f18,0x000000009bf00000)
 Metaspace       used 69349K, committed 70848K, reserved 1114112K
  class space    used 6983K, committed 7616K, reserved 1048576K

Card table byte_map: [0x000001616e8c0000,0x000001616ecd0000] _byte_map_base: 0x000001616e4c0000

Marking Bits: (ParMarkBitMap*) 0x00007ffc9f5231f0
 Begin Bits: [0x00000161723c0000, 0x00000161743c0000)
 End Bits:   [0x00000161743c0000, 0x00000161763c0000)

Polling page: 0x000001616cc70000

Metaspace:

Usage:
  Non-class:     60.90 MB used.
      Class:      6.82 MB used.
       Both:     67.72 MB used.

Virtual space:
  Non-class space:       64.00 MB reserved,      61.75 MB ( 96%) committed,  1 nodes.
      Class space:        1.00 GB reserved,       7.44 MB ( <1%) committed,  1 nodes.
             Both:        1.06 GB reserved,      69.19 MB (  6%) committed. 

Chunk freelists:
   Non-Class:  1.59 MB
       Class:  8.56 MB
        Both:  10.16 MB

MaxMetaspaceSize: unlimited
CompressedClassSpaceSize: 1.00 GB
Initial GC threshold: 21.00 MB
Current GC threshold: 110.75 MB
CDS: on
 - commit_granule_bytes: 65536.
 - commit_granule_words: 8192.
 - virtual_space_node_default_size: 8388608.
 - enlarge_chunks_in_place: 1.
 - use_allocation_guard: 0.


Internal statistics:

num_allocs_failed_limit: 9.
num_arena_births: 1308.
num_arena_deaths: 14.
num_vsnodes_births: 2.
num_vsnodes_deaths: 0.
num_space_committed: 1107.
num_space_uncommitted: 0.
num_chunks_returned_to_freelist: 23.
num_chunks_taken_from_freelist: 4465.
num_chunk_merges: 13.
num_chunk_splits: 2709.
num_chunks_enlarged: 1491.
num_inconsistent_stats: 0.

CodeHeap 'non-profiled nmethods': size=120000Kb used=9753Kb max_used=9753Kb free=110246Kb
 bounds [0x0000016107ad0000, 0x0000016108460000, 0x000001610f000000]
CodeHeap 'profiled nmethods': size=120000Kb used=30962Kb max_used=30962Kb free=89037Kb
 bounds [0x0000016100000000, 0x0000016101e40000, 0x0000016107530000]
CodeHeap 'non-nmethods': size=5760Kb used=1464Kb max_used=1557Kb free=4295Kb
 bounds [0x0000016107530000, 0x00000161077a0000, 0x0000016107ad0000]
 total_blobs=13985 nmethods=13207 adapters=683
 compilation: enabled
              stopped_count=0, restarted_count=0
 full_count=0

Compilation events (20 events):
Event: 49.796 Thread 0x000001616eec8b40 14890       3       org.eclipse.core.filesystem.provider.FileInfo::exists (7 bytes)
Event: 49.796 Thread 0x000001616eec8b40 nmethod 14890 0x0000016101e30b90 code [0x0000016101e30d40, 0x0000016101e30ea0]
Event: 49.797 Thread 0x000001616eec8b40 14891       3       java.util.LinkedList::removeFirst (23 bytes)
Event: 49.797 Thread 0x000001616eec8b40 nmethod 14891 0x0000016101e30f90 code [0x0000016101e31160, 0x0000016101e313b0]
Event: 49.797 Thread 0x000001616eec8b40 14892       3       java.util.LinkedList::unlinkFirst (64 bytes)
Event: 49.797 Thread 0x000001616eec8b40 nmethod 14892 0x0000016101e31490 code [0x0000016101e31640, 0x0000016101e31830]
Event: 49.806 Thread 0x000001615287e1d0 nmethod 14871 0x000001610844a690 code [0x000001610844a900, 0x000001610844c010]
Event: 49.806 Thread 0x000001615287e1d0 14889       4       org.eclipse.osgi.container.ModuleRevision::getWiring (12 bytes)
Event: 49.814 Thread 0x000001616eec8b40 14893   !   3       java.util.AbstractList$Itr::next (46 bytes)
Event: 49.815 Thread 0x000001616eec8b40 nmethod 14893 0x0000016101e31910 code [0x0000016101e31b20, 0x0000016101e32130]
Event: 49.815 Thread 0x000001616eec8b40 14894       1       org.eclipse.core.internal.localstore.UnifiedTreeNode::getFirstChild (5 bytes)
Event: 49.815 Thread 0x000001616eec8b40 nmethod 14894 0x000001610844ca10 code [0x000001610844cba0, 0x000001610844cc68]
Event: 49.815 Thread 0x000001616eec8b40 14895       1       org.eclipse.core.internal.localstore.UnifiedTreeNode::getResource (5 bytes)
Event: 49.815 Thread 0x000001616eec8b40 nmethod 14895 0x000001610844cd10 code [0x000001610844cea0, 0x000001610844cf68]
Event: 49.815 Thread 0x000001616eec8b40 14896       3       org.eclipse.core.runtime.SubProgressMonitor::worked (7 bytes)
Event: 49.815 Thread 0x000001616eec8b40 nmethod 14896 0x0000016101e32410 code [0x0000016101e325c0, 0x0000016101e32718]
Event: 49.818 Thread 0x000001616eec8b40 14899       1       org.eclipse.core.internal.resources.FilterDescription::getType (5 bytes)
Event: 49.818 Thread 0x000001616eec8b40 nmethod 14899 0x000001610844d010 code [0x000001610844d1a0, 0x000001610844d268]
Event: 49.818 Thread 0x000001616eec8b40 14900       3       java.util.LinkedList::add (7 bytes)
Event: 49.818 Thread 0x000001616eec8b40 nmethod 14900 0x0000016101e32810 code [0x0000016101e329c0, 0x0000016101e32b88]

GC Heap History (20 events):
Event: 49.412 GC heap after
{Heap after GC invocations=691 (full 4):
 PSYoungGen      total 4608K, used 576K [0x00000000d5580000, 0x00000000d5b00000, 0x0000000100000000)
  eden space 3584K, 0% used [0x00000000d5580000,0x00000000d5580000,0x00000000d5900000)
  from space 1024K, 56% used [0x00000000d5a00000,0x00000000d5a90020,0x00000000d5b00000)
  to   space 1024K, 0% used [0x00000000d5900000,0x00000000d5900000,0x00000000d5a00000)
 ParOldGen       total 451072K, used 450821K [0x0000000080000000, 0x000000009b880000, 0x00000000d5580000)
  object space 451072K, 99% used [0x0000000080000000,0x000000009b841520,0x000000009b880000)
 Metaspace       used 68639K, committed 70080K, reserved 1114112K
  class space    used 6912K, committed 7552K, reserved 1048576K
}
Event: 49.430 GC heap before
{Heap before GC invocations=692 (full 4):
 PSYoungGen      total 4608K, used 4159K [0x00000000d5580000, 0x00000000d5b00000, 0x0000000100000000)
  eden space 3584K, 99% used [0x00000000d5580000,0x00000000d58ffc70,0x00000000d5900000)
  from space 1024K, 56% used [0x00000000d5a00000,0x00000000d5a90020,0x00000000d5b00000)
  to   space 1024K, 0% used [0x00000000d5900000,0x00000000d5900000,0x00000000d5a00000)
 ParOldGen       total 451072K, used 450821K [0x0000000080000000, 0x000000009b880000, 0x00000000d5580000)
  object space 451072K, 99% used [0x0000000080000000,0x000000009b841520,0x000000009b880000)
 Metaspace       used 68643K, committed 70080K, reserved 1114112K
  class space    used 6913K, committed 7552K, reserved 1048576K
}
Event: 49.432 GC heap after
{Heap after GC invocations=692 (full 4):
 PSYoungGen      total 4608K, used 1009K [0x00000000d5580000, 0x00000000d5d00000, 0x0000000100000000)
  eden space 3584K, 0% used [0x00000000d5580000,0x00000000d5580000,0x00000000d5900000)
  from space 1024K, 98% used [0x00000000d5900000,0x00000000d59fc788,0x00000000d5a00000)
  to   space 2048K, 0% used [0x00000000d5b00000,0x00000000d5b00000,0x00000000d5d00000)
 ParOldGen       total 451584K, used 451304K [0x0000000080000000, 0x000000009b900000, 0x00000000d5580000)
  object space 451584K, 99% used [0x0000000080000000,0x000000009b8ba290,0x000000009b900000)
 Metaspace       used 68643K, committed 70080K, reserved 1114112K
  class space    used 6913K, committed 7552K, reserved 1048576K
}
Event: 49.516 GC heap before
{Heap before GC invocations=693 (full 4):
 PSYoungGen      total 4608K, used 4593K [0x00000000d5580000, 0x00000000d5d00000, 0x0000000100000000)
  eden space 3584K, 100% used [0x00000000d5580000,0x00000000d5900000,0x00000000d5900000)
  from space 1024K, 98% used [0x00000000d5900000,0x00000000d59fc788,0x00000000d5a00000)
  to   space 2048K, 0% used [0x00000000d5b00000,0x00000000d5b00000,0x00000000d5d00000)
 ParOldGen       total 451584K, used 451304K [0x0000000080000000, 0x000000009b900000, 0x00000000d5580000)
  object space 451584K, 99% used [0x0000000080000000,0x000000009b8ba290,0x000000009b900000)
 Metaspace       used 68764K, committed 70208K, reserved 1114112K
  class space    used 6929K, committed 7552K, reserved 1048576K
}
Event: 49.519 GC heap after
{Heap after GC invocations=693 (full 4):
 PSYoungGen      total 4096K, used 320K [0x00000000d5580000, 0x00000000d5b80000, 0x0000000100000000)
  eden space 3584K, 0% used [0x00000000d5580000,0x00000000d5580000,0x00000000d5900000)
  from space 512K, 62% used [0x00000000d5b00000,0x00000000d5b50000,0x00000000d5b80000)
  to   space 1024K, 0% used [0x00000000d5980000,0x00000000d5980000,0x00000000d5a80000)
 ParOldGen       total 452096K, used 451734K [0x0000000080000000, 0x000000009b980000, 0x00000000d5580000)
  object space 452096K, 99% used [0x0000000080000000,0x000000009b925a08,0x000000009b980000)
 Metaspace       used 68764K, committed 70208K, reserved 1114112K
  class space    used 6929K, committed 7552K, reserved 1048576K
}
Event: 49.541 GC heap before
{Heap before GC invocations=694 (full 4):
 PSYoungGen      total 4096K, used 3904K [0x00000000d5580000, 0x00000000d5b80000, 0x0000000100000000)
  eden space 3584K, 100% used [0x00000000d5580000,0x00000000d5900000,0x00000000d5900000)
  from space 512K, 62% used [0x00000000d5b00000,0x00000000d5b50000,0x00000000d5b80000)
  to   space 1024K, 0% used [0x00000000d5980000,0x00000000d5980000,0x00000000d5a80000)
 ParOldGen       total 452096K, used 451734K [0x0000000080000000, 0x000000009b980000, 0x00000000d5580000)
  object space 452096K, 99% used [0x0000000080000000,0x000000009b925a08,0x000000009b980000)
 Metaspace       used 68819K, committed 70272K, reserved 1114112K
  class space    used 6936K, committed 7552K, reserved 1048576K
}
Event: 49.544 GC heap after
{Heap after GC invocations=694 (full 4):
 PSYoungGen      total 4608K, used 640K [0x00000000d5580000, 0x00000000d5b80000, 0x0000000100000000)
  eden space 3584K, 0% used [0x00000000d5580000,0x00000000d5580000,0x00000000d5900000)
  from space 1024K, 62% used [0x00000000d5980000,0x00000000d5a20000,0x00000000d5a80000)
  to   space 1024K, 0% used [0x00000000d5a80000,0x00000000d5a80000,0x00000000d5b80000)
 ParOldGen       total 452096K, used 451936K [0x0000000080000000, 0x000000009b980000, 0x00000000d5580000)
  object space 452096K, 99% used [0x0000000080000000,0x000000009b958328,0x000000009b980000)
 Metaspace       used 68819K, committed 70272K, reserved 1114112K
  class space    used 6936K, committed 7552K, reserved 1048576K
}
Event: 49.564 GC heap before
{Heap before GC invocations=695 (full 4):
 PSYoungGen      total 4608K, used 4224K [0x00000000d5580000, 0x00000000d5b80000, 0x0000000100000000)
  eden space 3584K, 100% used [0x00000000d5580000,0x00000000d5900000,0x00000000d5900000)
  from space 1024K, 62% used [0x00000000d5980000,0x00000000d5a20000,0x00000000d5a80000)
  to   space 1024K, 0% used [0x00000000d5a80000,0x00000000d5a80000,0x00000000d5b80000)
 ParOldGen       total 452096K, used 451936K [0x0000000080000000, 0x000000009b980000, 0x00000000d5580000)
  object space 452096K, 99% used [0x0000000080000000,0x000000009b958328,0x000000009b980000)
 Metaspace       used 68867K, committed 70336K, reserved 1114112K
  class space    used 6946K, committed 7616K, reserved 1048576K
}
Event: 49.568 GC heap after
{Heap after GC invocations=695 (full 4):
 PSYoungGen      total 4608K, used 608K [0x00000000d5580000, 0x00000000d5b80000, 0x0000000100000000)
  eden space 3584K, 0% used [0x00000000d5580000,0x00000000d5580000,0x00000000d5900000)
  from space 1024K, 59% used [0x00000000d5a80000,0x00000000d5b18000,0x00000000d5b80000)
  to   space 1024K, 0% used [0x00000000d5980000,0x00000000d5980000,0x00000000d5a80000)
 ParOldGen       total 452608K, used 452413K [0x0000000080000000, 0x000000009ba00000, 0x00000000d5580000)
  object space 452608K, 99% used [0x0000000080000000,0x000000009b9cf4a8,0x000000009ba00000)
 Metaspace       used 68867K, committed 70336K, reserved 1114112K
  class space    used 6946K, committed 7616K, reserved 1048576K
}
Event: 49.642 GC heap before
{Heap before GC invocations=696 (full 4):
 PSYoungGen      total 4608K, used 4144K [0x00000000d5580000, 0x00000000d5b80000, 0x0000000100000000)
  eden space 3584K, 98% used [0x00000000d5580000,0x00000000d58f43b8,0x00000000d5900000)
  from space 1024K, 59% used [0x00000000d5a80000,0x00000000d5b18000,0x00000000d5b80000)
  to   space 1024K, 0% used [0x00000000d5980000,0x00000000d5980000,0x00000000d5a80000)
 ParOldGen       total 452608K, used 452413K [0x0000000080000000, 0x000000009ba00000, 0x00000000d5580000)
  object space 452608K, 99% used [0x0000000080000000,0x000000009b9cf4a8,0x000000009ba00000)
 Metaspace       used 69209K, committed 70656K, reserved 1114112K
  class space    used 6966K, committed 7616K, reserved 1048576K
}
Event: 49.645 GC heap after
{Heap after GC invocations=696 (full 4):
 PSYoungGen      total 4608K, used 397K [0x00000000d5580000, 0x00000000d5b00000, 0x0000000100000000)
  eden space 3584K, 0% used [0x00000000d5580000,0x00000000d5580000,0x00000000d5900000)
  from space 1024K, 38% used [0x00000000d5980000,0x00000000d59e34a0,0x00000000d5a80000)
  to   space 512K, 0% used [0x00000000d5a80000,0x00000000d5a80000,0x00000000d5b00000)
 ParOldGen       total 453120K, used 452896K [0x0000000080000000, 0x000000009ba80000, 0x00000000d5580000)
  object space 453120K, 99% used [0x0000000080000000,0x000000009ba480b0,0x000000009ba80000)
 Metaspace       used 69209K, committed 70656K, reserved 1114112K
  class space    used 6966K, committed 7616K, reserved 1048576K
}
Event: 49.678 GC heap before
{Heap before GC invocations=697 (full 4):
 PSYoungGen      total 4608K, used 3981K [0x00000000d5580000, 0x00000000d5b00000, 0x0000000100000000)
  eden space 3584K, 100% used [0x00000000d5580000,0x00000000d5900000,0x00000000d5900000)
  from space 1024K, 38% used [0x00000000d5980000,0x00000000d59e34a0,0x00000000d5a80000)
  to   space 512K, 0% used [0x00000000d5a80000,0x00000000d5a80000,0x00000000d5b00000)
 ParOldGen       total 453120K, used 452896K [0x0000000080000000, 0x000000009ba80000, 0x00000000d5580000)
  object space 453120K, 99% used [0x0000000080000000,0x000000009ba480b0,0x000000009ba80000)
 Metaspace       used 69277K, committed 70720K, reserved 1114112K
  class space    used 6975K, committed 7616K, reserved 1048576K
}
Event: 49.681 GC heap after
{Heap after GC invocations=697 (full 4):
 PSYoungGen      total 4096K, used 507K [0x00000000d5580000, 0x00000000d5b00000, 0x0000000100000000)
  eden space 3584K, 0% used [0x00000000d5580000,0x00000000d5580000,0x00000000d5900000)
  from space 512K, 99% used [0x00000000d5a80000,0x00000000d5afee70,0x00000000d5b00000)
  to   space 1024K, 0% used [0x00000000d5900000,0x00000000d5900000,0x00000000d5a00000)
 ParOldGen       total 453632K, used 453180K [0x0000000080000000, 0x000000009bb00000, 0x00000000d5580000)
  object space 453632K, 99% used [0x0000000080000000,0x000000009ba8f3b8,0x000000009bb00000)
 Metaspace       used 69277K, committed 70720K, reserved 1114112K
  class space    used 6975K, committed 7616K, reserved 1048576K
}
Event: 49.731 GC heap before
{Heap before GC invocations=698 (full 4):
 PSYoungGen      total 4096K, used 4091K [0x00000000d5580000, 0x00000000d5b00000, 0x0000000100000000)
  eden space 3584K, 100% used [0x00000000d5580000,0x00000000d5900000,0x00000000d5900000)
  from space 512K, 99% used [0x00000000d5a80000,0x00000000d5afee70,0x00000000d5b00000)
  to   space 1024K, 0% used [0x00000000d5900000,0x00000000d5900000,0x00000000d5a00000)
 ParOldGen       total 453632K, used 453180K [0x0000000080000000, 0x000000009bb00000, 0x00000000d5580000)
  object space 453632K, 99% used [0x0000000080000000,0x000000009ba8f3b8,0x000000009bb00000)
 Metaspace       used 69297K, committed 70720K, reserved 1114112K
  class space    used 6976K, committed 7616K, reserved 1048576K
}
Event: 49.735 GC heap after
{Heap after GC invocations=698 (full 4):
 PSYoungGen      total 4608K, used 544K [0x00000000d5580000, 0x00000000d5b00000, 0x0000000100000000)
  eden space 3584K, 0% used [0x00000000d5580000,0x00000000d5580000,0x00000000d5900000)
  from space 1024K, 53% used [0x00000000d5900000,0x00000000d59883a8,0x00000000d5a00000)
  to   space 1024K, 0% used [0x00000000d5a00000,0x00000000d5a00000,0x00000000d5b00000)
 ParOldGen       total 453632K, used 453595K [0x0000000080000000, 0x000000009bb00000, 0x00000000d5580000)
  object space 453632K, 99% used [0x0000000080000000,0x000000009baf6ff8,0x000000009bb00000)
 Metaspace       used 69297K, committed 70720K, reserved 1114112K
  class space    used 6976K, committed 7616K, reserved 1048576K
}
Event: 49.774 GC heap before
{Heap before GC invocations=699 (full 4):
 PSYoungGen      total 4608K, used 4128K [0x00000000d5580000, 0x00000000d5b00000, 0x0000000100000000)
  eden space 3584K, 100% used [0x00000000d5580000,0x00000000d5900000,0x00000000d5900000)
  from space 1024K, 53% used [0x00000000d5900000,0x00000000d59883a8,0x00000000d5a00000)
  to   space 1024K, 0% used [0x00000000d5a00000,0x00000000d5a00000,0x00000000d5b00000)
 ParOldGen       total 453632K, used 453595K [0x0000000080000000, 0x000000009bb00000, 0x00000000d5580000)
  object space 453632K, 99% used [0x0000000080000000,0x000000009baf6ff8,0x000000009bb00000)
 Metaspace       used 69301K, committed 70720K, reserved 1114112K
  class space    used 6976K, committed 7616K, reserved 1048576K
}
Event: 49.777 GC heap after
{Heap after GC invocations=699 (full 4):
 PSYoungGen      total 4608K, used 610K [0x00000000d5580000, 0x00000000d5b00000, 0x0000000100000000)
  eden space 3584K, 0% used [0x00000000d5580000,0x00000000d5580000,0x00000000d5900000)
  from space 1024K, 59% used [0x00000000d5a00000,0x00000000d5a98ad0,0x00000000d5b00000)
  to   space 1024K, 0% used [0x00000000d5900000,0x00000000d5900000,0x00000000d5a00000)
 ParOldGen       total 454144K, used 453999K [0x0000000080000000, 0x000000009bb80000, 0x00000000d5580000)
  object space 454144K, 99% used [0x0000000080000000,0x000000009bb5bc00,0x000000009bb80000)
 Metaspace       used 69301K, committed 70720K, reserved 1114112K
  class space    used 6976K, committed 7616K, reserved 1048576K
}
Event: 49.799 GC heap before
{Heap before GC invocations=700 (full 4):
 PSYoungGen      total 4608K, used 4194K [0x00000000d5580000, 0x00000000d5b00000, 0x0000000100000000)
  eden space 3584K, 100% used [0x00000000d5580000,0x00000000d5900000,0x00000000d5900000)
  from space 1024K, 59% used [0x00000000d5a00000,0x00000000d5a98ad0,0x00000000d5b00000)
  to   space 1024K, 0% used [0x00000000d5900000,0x00000000d5900000,0x00000000d5a00000)
 ParOldGen       total 454144K, used 453999K [0x0000000080000000, 0x000000009bb80000, 0x00000000d5580000)
  object space 454144K, 99% used [0x0000000080000000,0x000000009bb5bc00,0x000000009bb80000)
 Metaspace       used 69342K, committed 70784K, reserved 1114112K
  class space    used 6983K, committed 7616K, reserved 1048576K
}
Event: 49.804 GC heap after
{Heap after GC invocations=700 (full 4):
 PSYoungGen      total 4608K, used 502K [0x00000000d5580000, 0x00000000d5b00000, 0x0000000100000000)
  eden space 3584K, 0% used [0x00000000d5580000,0x00000000d5580000,0x00000000d5900000)
  from space 1024K, 49% used [0x00000000d5900000,0x00000000d597d808,0x00000000d5a00000)
  to   space 1024K, 0% used [0x00000000d5a00000,0x00000000d5a00000,0x00000000d5b00000)
 ParOldGen       total 454656K, used 454463K [0x0000000080000000, 0x000000009bc00000, 0x00000000d5580000)
  object space 454656K, 99% used [0x0000000080000000,0x000000009bbcfc00,0x000000009bc00000)
 Metaspace       used 69342K, committed 70784K, reserved 1114112K
  class space    used 6983K, committed 7616K, reserved 1048576K
}
Event: 49.825 GC heap before
{Heap before GC invocations=701 (full 4):
 PSYoungGen      total 4608K, used 4086K [0x00000000d5580000, 0x00000000d5b00000, 0x0000000100000000)
  eden space 3584K, 100% used [0x00000000d5580000,0x00000000d5900000,0x00000000d5900000)
  from space 1024K, 49% used [0x00000000d5900000,0x00000000d597d808,0x00000000d5a00000)
  to   space 1024K, 0% used [0x00000000d5a00000,0x00000000d5a00000,0x00000000d5b00000)
 ParOldGen       total 454656K, used 454463K [0x0000000080000000, 0x000000009bc00000, 0x00000000d5580000)
  object space 454656K, 99% used [0x0000000080000000,0x000000009bbcfc00,0x000000009bc00000)
 Metaspace       used 69343K, committed 70784K, reserved 1114112K
  class space    used 6983K, committed 7616K, reserved 1048576K
}

Dll operation events (12 events):
Event: 0.012 Loaded shared library c:\Users\wazee\.cursor\extensions\redhat.java-1.43.1-win32-x64\jre\21.0.7-win32-x86_64\bin\java.dll
Event: 0.120 Loaded shared library c:\Users\wazee\.cursor\extensions\redhat.java-1.43.1-win32-x64\jre\21.0.7-win32-x86_64\bin\zip.dll
Event: 0.149 Loaded shared library C:\Users\wazee\.cursor\extensions\redhat.java-1.43.1-win32-x64\jre\21.0.7-win32-x86_64\bin\instrument.dll
Event: 0.156 Loaded shared library C:\Users\wazee\.cursor\extensions\redhat.java-1.43.1-win32-x64\jre\21.0.7-win32-x86_64\bin\net.dll
Event: 0.160 Loaded shared library C:\Users\wazee\.cursor\extensions\redhat.java-1.43.1-win32-x64\jre\21.0.7-win32-x86_64\bin\nio.dll
Event: 0.164 Loaded shared library C:\Users\wazee\.cursor\extensions\redhat.java-1.43.1-win32-x64\jre\21.0.7-win32-x86_64\bin\zip.dll
Event: 0.186 Loaded shared library C:\Users\wazee\.cursor\extensions\redhat.java-1.43.1-win32-x64\jre\21.0.7-win32-x86_64\bin\jimage.dll
Event: 0.302 Loaded shared library c:\Users\wazee\.cursor\extensions\redhat.java-1.43.1-win32-x64\jre\21.0.7-win32-x86_64\bin\verify.dll
Event: 8.807 Loaded shared library C:\Users\wazee\AppData\Roaming\Cursor\User\globalStorage\redhat.java\1.43.1\config_win\org.eclipse.equinox.launcher\org.eclipse.equinox.launcher.win32.win32.x86_64_1.2.1300.v20250331-1702\eclipse_11911.dll
Event: 23.943 Loaded shared library C:\Users\wazee\AppData\Local\Temp\jna-112909200\jna16088086294634334612.dll
Event: 26.208 Loaded shared library C:\Users\wazee\.cursor\extensions\redhat.java-1.43.1-win32-x64\jre\21.0.7-win32-x86_64\bin\sunmscapi.dll
Event: 26.382 Loaded shared library C:\Users\wazee\.cursor\extensions\redhat.java-1.43.1-win32-x64\jre\21.0.7-win32-x86_64\bin\extnet.dll

Deoptimization events (20 events):
Event: 49.723 Thread 0x0000016178b05300 Uncommon trap: trap_request=0xffffffc6 fr.pc=0x00000161080e4144 relative=0x0000000000000104
Event: 49.723 Thread 0x0000016178b05300 Uncommon trap: reason=bimorphic_or_optimized_type_check action=maybe_recompile pc=0x00000161080e4144 method=org.eclipse.core.runtime.SubMonitor$RootInfo.isCanceled()Z @ 4 c2
Event: 49.723 Thread 0x0000016178b05300 DEOPT PACKING pc=0x00000161080e4144 sp=0x00000026d1ffe380
Event: 49.723 Thread 0x0000016178b05300 DEOPT UNPACKING pc=0x0000016107583aa2 sp=0x00000026d1ffe2c0 mode 2
Event: 49.778 Thread 0x0000016178b05300 Uncommon trap: trap_request=0xffffffc6 fr.pc=0x00000161080e4144 relative=0x0000000000000104
Event: 49.778 Thread 0x0000016178b05300 Uncommon trap: reason=bimorphic_or_optimized_type_check action=maybe_recompile pc=0x00000161080e4144 method=org.eclipse.core.runtime.SubMonitor$RootInfo.isCanceled()Z @ 4 c2
Event: 49.778 Thread 0x0000016178b05300 DEOPT PACKING pc=0x00000161080e4144 sp=0x00000026d1ffe140
Event: 49.778 Thread 0x0000016178b05300 DEOPT UNPACKING pc=0x0000016107583aa2 sp=0x00000026d1ffe080 mode 2
Event: 49.785 Thread 0x0000016178b05300 Uncommon trap: trap_request=0xffffff45 fr.pc=0x0000016107dfeb84 relative=0x0000000000000064
Event: 49.785 Thread 0x0000016178b05300 Uncommon trap: reason=unstable_if action=reinterpret pc=0x0000016107dfeb84 method=java.util.regex.Pattern$LastNode.match(Ljava/util/regex/Matcher;ILjava/lang/CharSequence;)Z @ 13 c2
Event: 49.786 Thread 0x0000016178b05300 DEOPT PACKING pc=0x0000016107dfeb84 sp=0x00000026d1ffdbc0
Event: 49.786 Thread 0x0000016178b05300 DEOPT UNPACKING pc=0x0000016107583aa2 sp=0x00000026d1ffdb38 mode 2
Event: 49.792 Thread 0x0000016178b05300 Uncommon trap: trap_request=0xffffffc6 fr.pc=0x00000161080e4144 relative=0x0000000000000104
Event: 49.792 Thread 0x0000016178b05300 Uncommon trap: reason=bimorphic_or_optimized_type_check action=maybe_recompile pc=0x00000161080e4144 method=org.eclipse.core.runtime.SubMonitor$RootInfo.isCanceled()Z @ 4 c2
Event: 49.792 Thread 0x0000016178b05300 DEOPT PACKING pc=0x00000161080e4144 sp=0x00000026d1ffe140
Event: 49.792 Thread 0x0000016178b05300 DEOPT UNPACKING pc=0x0000016107583aa2 sp=0x00000026d1ffe080 mode 2
Event: 49.792 Thread 0x0000016178b05300 Uncommon trap: trap_request=0xffffffc6 fr.pc=0x00000161080e4144 relative=0x0000000000000104
Event: 49.792 Thread 0x0000016178b05300 Uncommon trap: reason=bimorphic_or_optimized_type_check action=maybe_recompile pc=0x00000161080e4144 method=org.eclipse.core.runtime.SubMonitor$RootInfo.isCanceled()Z @ 4 c2
Event: 49.792 Thread 0x0000016178b05300 DEOPT PACKING pc=0x00000161080e4144 sp=0x00000026d1ffe140
Event: 49.792 Thread 0x0000016178b05300 DEOPT UNPACKING pc=0x0000016107583aa2 sp=0x00000026d1ffe080 mode 2

Classes loaded (20 events):
Event: 41.979 Loading class sun/nio/cs/ISO_8859_1$Decoder
Event: 41.980 Loading class sun/nio/cs/ISO_8859_1$Decoder done
Event: 43.368 Loading class java/util/stream/DistinctOps
Event: 43.375 Loading class java/util/stream/DistinctOps done
Event: 43.375 Loading class java/util/stream/DistinctOps$1
Event: 43.375 Loading class java/util/stream/DistinctOps$1 done
Event: 43.378 Loading class java/util/stream/DistinctOps$1$2
Event: 43.379 Loading class java/util/stream/DistinctOps$1$2 done
Event: 43.402 Loading class sun/nio/fs/WindowsFileCopy
Event: 43.402 Loading class sun/nio/fs/WindowsFileCopy done
Event: 49.668 Loading class java/nio/file/attribute/PosixFileAttributes
Event: 49.674 Loading class java/nio/file/attribute/PosixFileAttributes done
Event: 49.784 Loading class java/util/regex/PatternSyntaxException
Event: 49.785 Loading class java/util/regex/PatternSyntaxException done
Event: 49.786 Loading class java/util/AbstractList$RandomAccessSubList
Event: 49.787 Loading class java/util/AbstractList$SubList
Event: 49.791 Loading class java/util/AbstractList$SubList done
Event: 49.791 Loading class java/util/AbstractList$RandomAccessSubList done
Event: 49.791 Loading class java/util/AbstractList$SubList$1
Event: 49.792 Loading class java/util/AbstractList$SubList$1 done

Classes unloaded (7 events):
Event: 24.565 Thread 0x000001616ee728b0 Unloading class 0x00000161101a5000 'java/lang/invoke/LambdaForm$MH+0x00000161101a5000'
Event: 24.565 Thread 0x000001616ee728b0 Unloading class 0x00000161101a4c00 'java/lang/invoke/LambdaForm$MH+0x00000161101a4c00'
Event: 24.565 Thread 0x000001616ee728b0 Unloading class 0x00000161101a4800 'java/lang/invoke/LambdaForm$MH+0x00000161101a4800'
Event: 24.565 Thread 0x000001616ee728b0 Unloading class 0x00000161101a4400 'java/lang/invoke/LambdaForm$MH+0x00000161101a4400'
Event: 24.565 Thread 0x000001616ee728b0 Unloading class 0x00000161101a4000 'java/lang/invoke/LambdaForm$BMH+0x00000161101a4000'
Event: 24.565 Thread 0x000001616ee728b0 Unloading class 0x00000161101a3c00 'java/lang/invoke/LambdaForm$DMH+0x00000161101a3c00'
Event: 24.565 Thread 0x000001616ee728b0 Unloading class 0x00000161101a2800 'java/lang/invoke/LambdaForm$DMH+0x00000161101a2800'

Classes redefined (0 events):
No events

Internal exceptions (20 events):
Event: 44.365 Thread 0x000001617875fb40 Exception <a 'sun/nio/fs/WindowsException'{0x00000000d55c3500}> (0x00000000d55c3500) 
thrown [s\src\hotspot\share\prims\jni.cpp, line 520]
Event: 44.426 Thread 0x0000016178b05300 Exception <a 'java/io/FileNotFoundException'{0x00000000d56c64e0}> (0x00000000d56c64e0) 
thrown [s\src\hotspot\share\prims\jni.cpp, line 520]
Event: 44.427 Thread 0x0000016178b05300 Exception <a 'java/io/FileNotFoundException'{0x00000000d56c7788}> (0x00000000d56c7788) 
thrown [s\src\hotspot\share\prims\jni.cpp, line 520]
Event: 44.427 Thread 0x0000016178b05300 Exception <a 'java/io/FileNotFoundException'{0x00000000d56d8a78}> (0x00000000d56d8a78) 
thrown [s\src\hotspot\share\prims\jni.cpp, line 520]
Event: 45.127 Thread 0x000001617875fb40 Exception <a 'sun/nio/fs/WindowsException'{0x00000000d57428e0}> (0x00000000d57428e0) 
thrown [s\src\hotspot\share\prims\jni.cpp, line 520]
Event: 45.249 Thread 0x000001617875fb40 Exception <a 'sun/nio/fs/WindowsException'{0x00000000d5596b18}> (0x00000000d5596b18) 
thrown [s\src\hotspot\share\prims\jni.cpp, line 520]
Event: 45.598 Thread 0x000001617875fb40 Exception <a 'sun/nio/fs/WindowsException'{0x00000000d55e62d0}> (0x00000000d55e62d0) 
thrown [s\src\hotspot\share\prims\jni.cpp, line 520]
Event: 47.581 Thread 0x000001617875fb40 Exception <a 'sun/nio/fs/WindowsException'{0x00000000d565ad68}> (0x00000000d565ad68) 
thrown [s\src\hotspot\share\prims\jni.cpp, line 520]
Event: 47.621 Thread 0x000001617875fb40 Exception <a 'sun/nio/fs/WindowsException'{0x00000000d562d720}> (0x00000000d562d720) 
thrown [s\src\hotspot\share\prims\jni.cpp, line 520]
Event: 48.425 Thread 0x000001617875fb40 Exception <a 'sun/nio/fs/WindowsException'{0x00000000d57646d8}> (0x00000000d57646d8) 
thrown [s\src\hotspot\share\prims\jni.cpp, line 520]
Event: 48.512 Thread 0x000001617875fb40 Exception <a 'sun/nio/fs/WindowsException'{0x00000000d577e3a0}> (0x00000000d577e3a0) 
thrown [s\src\hotspot\share\prims\jni.cpp, line 520]
Event: 48.567 Thread 0x000001617875fb40 Exception <a 'sun/nio/fs/WindowsException'{0x00000000d55e1b38}> (0x00000000d55e1b38) 
thrown [s\src\hotspot\share\prims\jni.cpp, line 520]
Event: 48.607 Thread 0x000001617875fb40 Exception <a 'sun/nio/fs/WindowsException'{0x00000000d5628490}> (0x00000000d5628490) 
thrown [s\src\hotspot\share\prims\jni.cpp, line 520]
Event: 48.660 Thread 0x000001617875fb40 Exception <a 'sun/nio/fs/WindowsException'{0x00000000d5769098}> (0x00000000d5769098) 
thrown [s\src\hotspot\share\prims\jni.cpp, line 520]
Event: 48.932 Thread 0x000001617875fb40 Exception <a 'sun/nio/fs/WindowsException'{0x00000000d56c7768}> (0x00000000d56c7768) 
thrown [s\src\hotspot\share\prims\jni.cpp, line 520]
Event: 48.995 Thread 0x000001617875fb40 Exception <a 'sun/nio/fs/WindowsException'{0x00000000d56e3058}> (0x00000000d56e3058) 
thrown [s\src\hotspot\share\prims\jni.cpp, line 520]
Event: 49.040 Thread 0x000001617875fb40 Exception <a 'sun/nio/fs/WindowsException'{0x00000000d57dfef8}> (0x00000000d57dfef8) 
thrown [s\src\hotspot\share\prims\jni.cpp, line 520]
Event: 49.149 Thread 0x000001617875fb40 Exception <a 'sun/nio/fs/WindowsException'{0x00000000d57b4630}> (0x00000000d57b4630) 
thrown [s\src\hotspot\share\prims\jni.cpp, line 520]
Event: 49.500 Thread 0x000001617875fb40 Exception <a 'sun/nio/fs/WindowsException'{0x00000000d580a900}> (0x00000000d580a900) 
thrown [s\src\hotspot\share\prims\jni.cpp, line 520]
Event: 49.628 Thread 0x000001617875fb40 Exception <a 'sun/nio/fs/WindowsException'{0x00000000d56b6430}> (0x00000000d56b6430) 
thrown [s\src\hotspot\share\prims\jni.cpp, line 520]

ZGC Phase Switch (0 events):
No events

VM Operations (20 events):
Event: 49.412 Executing VM operation: ParallelGCFailedAllocation (Allocation Failure) done
Event: 49.429 Executing VM operation: ParallelGCFailedAllocation (Allocation Failure)
Event: 49.432 Executing VM operation: ParallelGCFailedAllocation (Allocation Failure) done
Event: 49.516 Executing VM operation: ParallelGCFailedAllocation (Allocation Failure)
Event: 49.519 Executing VM operation: ParallelGCFailedAllocation (Allocation Failure) done
Event: 49.541 Executing VM operation: ParallelGCFailedAllocation (Allocation Failure)
Event: 49.544 Executing VM operation: ParallelGCFailedAllocation (Allocation Failure) done
Event: 49.564 Executing VM operation: ParallelGCFailedAllocation (Allocation Failure)
Event: 49.568 Executing VM operation: ParallelGCFailedAllocation (Allocation Failure) done
Event: 49.642 Executing VM operation: ParallelGCFailedAllocation (Allocation Failure)
Event: 49.645 Executing VM operation: ParallelGCFailedAllocation (Allocation Failure) done
Event: 49.678 Executing VM operation: ParallelGCFailedAllocation (Allocation Failure)
Event: 49.681 Executing VM operation: ParallelGCFailedAllocation (Allocation Failure) done
Event: 49.731 Executing VM operation: ParallelGCFailedAllocation (Allocation Failure)
Event: 49.735 Executing VM operation: ParallelGCFailedAllocation (Allocation Failure) done
Event: 49.774 Executing VM operation: ParallelGCFailedAllocation (Allocation Failure)
Event: 49.777 Executing VM operation: ParallelGCFailedAllocation (Allocation Failure) done
Event: 49.799 Executing VM operation: ParallelGCFailedAllocation (Allocation Failure)
Event: 49.804 Executing VM operation: ParallelGCFailedAllocation (Allocation Failure) done
Event: 49.825 Executing VM operation: ParallelGCFailedAllocation (Allocation Failure)

Memory protections (0 events):
No events

Nmethod flushes (20 events):
Event: 39.964 Thread 0x000001616ee728b0 flushing  nmethod 0x0000016100e63010
Event: 39.964 Thread 0x000001616ee728b0 flushing  nmethod 0x0000016100e64910
Event: 39.964 Thread 0x000001616ee728b0 flushing  nmethod 0x0000016100e64d10
Event: 39.964 Thread 0x000001616ee728b0 flushing  nmethod 0x0000016100e65190
Event: 39.964 Thread 0x000001616ee728b0 flushing osr nmethod 0x0000016100e8db90
Event: 39.964 Thread 0x000001616ee728b0 flushing  nmethod 0x0000016100ea1110
Event: 39.964 Thread 0x000001616ee728b0 flushing  nmethod 0x0000016100ea4490
Event: 39.964 Thread 0x000001616ee728b0 flushing osr nmethod 0x0000016100ec8510
Event: 39.964 Thread 0x000001616ee728b0 flushing  nmethod 0x0000016100ecb110
Event: 39.964 Thread 0x000001616ee728b0 flushing  nmethod 0x0000016100ecd990
Event: 39.964 Thread 0x000001616ee728b0 flushing  nmethod 0x0000016100f0b910
Event: 39.964 Thread 0x000001616ee728b0 flushing  nmethod 0x0000016100f21290
Event: 39.964 Thread 0x000001616ee728b0 flushing  nmethod 0x0000016100f28310
Event: 39.964 Thread 0x000001616ee728b0 flushing  nmethod 0x0000016100f29090
Event: 39.964 Thread 0x000001616ee728b0 flushing  nmethod 0x0000016100f2a290
Event: 39.964 Thread 0x000001616ee728b0 flushing  nmethod 0x0000016100f2ad10
Event: 39.964 Thread 0x000001616ee728b0 flushing  nmethod 0x0000016100f2b210
Event: 39.964 Thread 0x000001616ee728b0 flushing  nmethod 0x0000016100f2bb10
Event: 39.964 Thread 0x000001616ee728b0 flushing  nmethod 0x0000016100f2c690
Event: 39.964 Thread 0x000001616ee728b0 flushing  nmethod 0x0000016100f4b090

Events (20 events):
Event: 40.951 Thread 0x0000016178b05300 Thread added: 0x00000161524e6c40
Event: 41.203 Thread 0x000001616eec8b40 Thread added: 0x000001617d63fd00
Event: 43.160 Thread 0x00000161524e65b0 Thread exited: 0x00000161524e65b0
Event: 43.160 Thread 0x00000161524e5f20 Thread exited: 0x00000161524e5f20
Event: 43.160 Thread 0x00000161524e3130 Thread exited: 0x00000161524e3130
Event: 43.160 Thread 0x00000161524e2aa0 Thread exited: 0x00000161524e2aa0
Event: 43.161 Thread 0x00000161524e6c40 Thread exited: 0x00000161524e6c40
Event: 44.497 Thread 0x0000016178b05300 Thread added: 0x00000161524e5f20
Event: 44.498 Thread 0x0000016178b05300 Thread added: 0x00000161524e2aa0
Event: 44.498 Thread 0x0000016178b05300 Thread added: 0x00000161524e65b0
Event: 44.498 Thread 0x0000016178b05300 Thread added: 0x00000161524e3130
Event: 44.498 Thread 0x0000016178b05300 Thread added: 0x00000161524e6c40
Event: 45.759 Thread 0x00000161524e2aa0 Thread exited: 0x00000161524e2aa0
Event: 45.759 Thread 0x00000161524e5f20 Thread exited: 0x00000161524e5f20
Event: 45.759 Thread 0x00000161524e3130 Thread exited: 0x00000161524e3130
Event: 45.759 Thread 0x00000161524e6c40 Thread exited: 0x00000161524e6c40
Event: 45.759 Thread 0x00000161524e65b0 Thread exited: 0x00000161524e65b0
Event: 47.929 Thread 0x000001617d63fd00 Thread exited: 0x000001617d63fd00
Event: 47.929 Thread 0x000001617eb19cc0 Thread exited: 0x000001617eb19cc0
Event: 49.548 Thread 0x000001616eec8b40 Thread added: 0x000001615287e1d0


Dynamic libraries:
0x00007ff6302e0000 - 0x00007ff6302ee000 	c:\Users\wazee\.cursor\extensions\redhat.java-1.43.1-win32-x64\jre\21.0.7-win32-x86_64\bin\java.exe
0x00007ffd14a40000 - 0x00007ffd14ca6000 	C:\WINDOWS\SYSTEM32\ntdll.dll
0x00007ffd13a70000 - 0x00007ffd13b39000 	C:\WINDOWS\System32\KERNEL32.DLL
0x00007ffd120a0000 - 0x00007ffd1246c000 	C:\WINDOWS\System32\KERNELBASE.dll
0x00007ffd11e90000 - 0x00007ffd11fdb000 	C:\WINDOWS\System32\ucrtbase.dll
0x00007ffd0b0b0000 - 0x00007ffd0b0c8000 	c:\Users\wazee\.cursor\extensions\redhat.java-1.43.1-win32-x64\jre\21.0.7-win32-x86_64\bin\jli.dll
0x00007ffd13b40000 - 0x00007ffd13d0a000 	C:\WINDOWS\System32\USER32.dll
0x00007ffd12730000 - 0x00007ffd12757000 	C:\WINDOWS\System32\win32u.dll
0x00007ffd14230000 - 0x00007ffd1425b000 	C:\WINDOWS\System32\GDI32.dll
0x00007ffd0b090000 - 0x00007ffd0b0ae000 	c:\Users\wazee\.cursor\extensions\redhat.java-1.43.1-win32-x64\jre\21.0.7-win32-x86_64\bin\VCRUNTIME140.dll
0x00007ffcfc730000 - 0x00007ffcfc9ca000 	C:\WINDOWS\WinSxS\amd64_microsoft.windows.common-controls_6595b64144ccf1df_6.0.26100.3912_none_3e07963ce335137e\COMCTL32.dll
0x00007ffd11d50000 - 0x00007ffd11e82000 	C:\WINDOWS\System32\gdi32full.dll
0x00007ffd129c0000 - 0x00007ffd12a69000 	C:\WINDOWS\System32\msvcrt.dll
0x00007ffd12470000 - 0x00007ffd12513000 	C:\WINDOWS\System32\msvcp_win.dll
0x00007ffd13970000 - 0x00007ffd139a0000 	C:\WINDOWS\System32\IMM32.DLL
0x00007ffd0b080000 - 0x00007ffd0b08c000 	c:\Users\wazee\.cursor\extensions\redhat.java-1.43.1-win32-x64\jre\21.0.7-win32-x86_64\bin\vcruntime140_1.dll
0x00007ffd0a9a0000 - 0x00007ffd0aa2d000 	c:\Users\wazee\.cursor\extensions\redhat.java-1.43.1-win32-x64\jre\21.0.7-win32-x86_64\bin\msvcp140.dll
0x00007ffc9e870000 - 0x00007ffc9f600000 	c:\Users\wazee\.cursor\extensions\redhat.java-1.43.1-win32-x64\jre\21.0.7-win32-x86_64\bin\server\jvm.dll
0x00007ffd139b0000 - 0x00007ffd13a62000 	C:\WINDOWS\System32\ADVAPI32.dll
0x00007ffd14260000 - 0x00007ffd14306000 	C:\WINDOWS\System32\sechost.dll
0x00007ffd12ad0000 - 0x00007ffd12be6000 	C:\WINDOWS\System32\RPCRT4.dll
0x00007ffd12da0000 - 0x00007ffd12e14000 	C:\WINDOWS\System32\WS2_32.dll
0x00007ffd10d10000 - 0x00007ffd10d6e000 	C:\WINDOWS\SYSTEM32\POWRPROF.dll
0x00007ffcfc6f0000 - 0x00007ffcfc726000 	C:\WINDOWS\SYSTEM32\WINMM.dll
0x00007ffd0b220000 - 0x00007ffd0b22b000 	C:\WINDOWS\SYSTEM32\VERSION.dll
0x00007ffd10ca0000 - 0x00007ffd10cb4000 	C:\WINDOWS\SYSTEM32\UMPDC.dll
0x00007ffd10960000 - 0x00007ffd1097a000 	C:\WINDOWS\SYSTEM32\kernel.appcore.dll
0x00007ffd0b070000 - 0x00007ffd0b07a000 	c:\Users\wazee\.cursor\extensions\redhat.java-1.43.1-win32-x64\jre\21.0.7-win32-x86_64\bin\jimage.dll
0x00007ffd02510000 - 0x00007ffd02751000 	C:\WINDOWS\SYSTEM32\DBGHELP.DLL
0x00007ffd145f0000 - 0x00007ffd14974000 	C:\WINDOWS\System32\combase.dll
0x00007ffd12fe0000 - 0x00007ffd130c0000 	C:\WINDOWS\System32\OLEAUT32.dll
0x00007ffcfb0d0000 - 0x00007ffcfb109000 	C:\WINDOWS\SYSTEM32\dbgcore.DLL
0x00007ffd12760000 - 0x00007ffd127f9000 	C:\WINDOWS\System32\bcryptPrimitives.dll
0x00007ffd0b060000 - 0x00007ffd0b06f000 	c:\Users\wazee\.cursor\extensions\redhat.java-1.43.1-win32-x64\jre\21.0.7-win32-x86_64\bin\instrument.dll
0x00007ffd0a980000 - 0x00007ffd0a99f000 	c:\Users\wazee\.cursor\extensions\redhat.java-1.43.1-win32-x64\jre\21.0.7-win32-x86_64\bin\java.dll
0x00007ffd130d0000 - 0x00007ffd137fd000 	C:\WINDOWS\System32\SHELL32.dll
0x00007ffd11bd0000 - 0x00007ffd11d44000 	C:\WINDOWS\System32\wintypes.dll
0x00007ffd0f820000 - 0x00007ffd10076000 	C:\WINDOWS\SYSTEM32\windows.storage.dll
0x00007ffd128a0000 - 0x00007ffd1298f000 	C:\WINDOWS\System32\SHCORE.dll
0x00007ffd12830000 - 0x00007ffd12899000 	C:\WINDOWS\System32\shlwapi.dll
0x00007ffd11ae0000 - 0x00007ffd11b0f000 	C:\WINDOWS\SYSTEM32\profapi.dll
0x00007ffd0a960000 - 0x00007ffd0a978000 	c:\Users\wazee\.cursor\extensions\redhat.java-1.43.1-win32-x64\jre\21.0.7-win32-x86_64\bin\zip.dll
0x00007ffd0b050000 - 0x00007ffd0b060000 	C:\Users\wazee\.cursor\extensions\redhat.java-1.43.1-win32-x64\jre\21.0.7-win32-x86_64\bin\net.dll
0x00007ffd0af10000 - 0x00007ffd0b02e000 	C:\WINDOWS\SYSTEM32\WINHTTP.dll
0x00007ffd11020000 - 0x00007ffd1108a000 	C:\WINDOWS\system32\mswsock.dll
0x00007ffd0a940000 - 0x00007ffd0a956000 	C:\Users\wazee\.cursor\extensions\redhat.java-1.43.1-win32-x64\jre\21.0.7-win32-x86_64\bin\nio.dll
0x00007ffd0a930000 - 0x00007ffd0a940000 	c:\Users\wazee\.cursor\extensions\redhat.java-1.43.1-win32-x64\jre\21.0.7-win32-x86_64\bin\verify.dll
0x00007ffcbfae0000 - 0x00007ffcbfb25000 	C:\Users\wazee\AppData\Roaming\Cursor\User\globalStorage\redhat.java\1.43.1\config_win\org.eclipse.equinox.launcher\org.eclipse.equinox.launcher.win32.win32.x86_64_1.2.1300.v20250331-1702\eclipse_11911.dll
0x00007ffd12bf0000 - 0x00007ffd12d8f000 	C:\WINDOWS\System32\ole32.dll
0x00007ffd112c0000 - 0x00007ffd112dc000 	C:\WINDOWS\SYSTEM32\CRYPTSP.dll
0x00007ffd108c0000 - 0x00007ffd108fa000 	C:\WINDOWS\system32\rsaenh.dll
0x00007ffd110c0000 - 0x00007ffd110eb000 	C:\WINDOWS\SYSTEM32\USERENV.dll
0x00007ffd11ab0000 - 0x00007ffd11ad6000 	C:\WINDOWS\SYSTEM32\bcrypt.dll
0x00007ffd112e0000 - 0x00007ffd112ec000 	C:\WINDOWS\SYSTEM32\CRYPTBASE.dll
0x00007ffd10360000 - 0x00007ffd10393000 	C:\WINDOWS\SYSTEM32\IPHLPAPI.DLL
0x00007ffd12ed0000 - 0x00007ffd12eda000 	C:\WINDOWS\System32\NSI.dll
0x00007ffcbbc80000 - 0x00007ffcbbcc9000 	C:\Users\wazee\AppData\Local\Temp\jna-112909200\jna16088086294634334612.dll
0x00007ffd14310000 - 0x00007ffd14318000 	C:\WINDOWS\System32\PSAPI.DLL
0x00007ffd0a4e0000 - 0x00007ffd0a4ff000 	C:\WINDOWS\SYSTEM32\dhcpcsvc6.DLL
0x00007ffd0a4b0000 - 0x00007ffd0a4d5000 	C:\WINDOWS\SYSTEM32\dhcpcsvc.DLL
0x00007ffd0a8b0000 - 0x00007ffd0a8be000 	C:\Users\wazee\.cursor\extensions\redhat.java-1.43.1-win32-x64\jre\21.0.7-win32-x86_64\bin\sunmscapi.dll
0x00007ffd12520000 - 0x00007ffd12697000 	C:\WINDOWS\System32\CRYPT32.dll
0x00007ffd114d0000 - 0x00007ffd11500000 	C:\WINDOWS\SYSTEM32\ncrypt.dll
0x00007ffd11480000 - 0x00007ffd114bf000 	C:\WINDOWS\SYSTEM32\NTASN1.dll
0x00007ffd103f0000 - 0x00007ffd10517000 	C:\WINDOWS\SYSTEM32\DNSAPI.dll
0x00007ffd01f60000 - 0x00007ffd01f6b000 	C:\Windows\System32\rasadhlp.dll
0x00007ffd08fd0000 - 0x00007ffd09056000 	C:\WINDOWS\System32\fwpuclnt.dll
0x00007ffcf9450000 - 0x00007ffcf9459000 	C:\Users\wazee\.cursor\extensions\redhat.java-1.43.1-win32-x64\jre\21.0.7-win32-x86_64\bin\extnet.dll

dbghelp: loaded successfully - version: 4.0.5 - missing functions: none
symbol engine: initialized successfully - sym options: 0x614 - pdb path: .;c:\Users\wazee\.cursor\extensions\redhat.java-1.43.1-win32-x64\jre\21.0.7-win32-x86_64\bin;C:\WINDOWS\SYSTEM32;C:\WINDOWS\WinSxS\amd64_microsoft.windows.common-controls_6595b64144ccf1df_6.0.26100.3912_none_3e07963ce335137e;c:\Users\wazee\.cursor\extensions\redhat.java-1.43.1-win32-x64\jre\21.0.7-win32-x86_64\bin\server;C:\Users\wazee\AppData\Roaming\Cursor\User\globalStorage\redhat.java\1.43.1\config_win\org.eclipse.equinox.launcher\org.eclipse.equinox.launcher.win32.win32.x86_64_1.2.1300.v20250331-1702;C:\Users\wazee\AppData\Local\Temp\jna-112909200

VM Arguments:
jvm_args: --add-modules=ALL-SYSTEM --add-opens=java.base/java.util=ALL-UNNAMED --add-opens=java.base/java.lang=ALL-UNNAMED --add-opens=java.base/sun.nio.fs=ALL-UNNAMED -Declipse.application=org.eclipse.jdt.ls.core.id1 -Dosgi.bundles.defaultStartLevel=4 -Declipse.product=org.eclipse.jdt.ls.core.product -Djava.import.generatesMetadataFilesAtProjectRoot=false -DDetectVMInstallationsJob.disabled=true -Dfile.encoding=utf8 -XX:+UseParallelGC -XX:GCTimeRatio=4 -XX:AdaptiveSizePolicyWeight=90 -Dsun.zip.disableMemoryMapping=true -Xmx2G -Xms100m -Xlog:disable -javaagent:c:\Users\wazee\.cursor\extensions\redhat.java-1.43.1-win32-x64\lombok\lombok-1.18.39-4050.jar -XX:+HeapDumpOnOutOfMemoryError -XX:HeapDumpPath=c:\Users\wazee\AppData\Roaming\Cursor\User\workspaceStorage\51a8fbe1f2815d3058810539ce643cc5\redhat.java -Daether.dependencyCollector.impl=bf 
java_command: c:\Users\wazee\.cursor\extensions\redhat.java-1.43.1-win32-x64\server\plugins\org.eclipse.equinox.launcher_1.7.0.v20250519-0528.jar -configuration c:\Users\wazee\AppData\Roaming\Cursor\User\globalStorage\redhat.java\1.43.1\config_win -data c:\Users\wazee\AppData\Roaming\Cursor\User\workspaceStorage\51a8fbe1f2815d3058810539ce643cc5\redhat.java\jdt_ws --pipe=\\.\pipe\lsp-723db4ebb008678be02166f619c9d3f2-sock
java_class_path (initial): c:\Users\wazee\.cursor\extensions\redhat.java-1.43.1-win32-x64\server\plugins\org.eclipse.equinox.launcher_1.7.0.v20250519-0528.jar
Launcher Type: SUN_STANDARD

[Global flags]
    uintx AdaptiveSizePolicyWeight                 = 90                                        {product} {command line}
     intx CICompilerCount                          = 4                                         {product} {ergonomic}
    uintx GCTimeRatio                              = 4                                         {product} {command line}
     bool HeapDumpOnOutOfMemoryError               = true                                   {manageable} {command line}
    ccstr HeapDumpPath                             = c:\Users\wazee\AppData\Roaming\Cursor\User\workspaceStorage\51a8fbe1f2815d3058810539ce643cc5\redhat.java         {manageable} {command line}
   size_t InitialHeapSize                          = 104857600                                 {product} {command line}
   size_t MaxHeapSize                              = 2147483648                                {product} {command line}
   size_t MaxNewSize                               = 715653120                                 {product} {ergonomic}
   size_t MinHeapDeltaBytes                        = 524288                                    {product} {ergonomic}
   size_t MinHeapSize                              = 104857600                                 {product} {command line}
   size_t NewSize                                  = 34603008                                  {product} {ergonomic}
    uintx NonNMethodCodeHeapSize                   = 5839372                                {pd product} {ergonomic}
    uintx NonProfiledCodeHeapSize                  = 122909434                              {pd product} {ergonomic}
   size_t OldSize                                  = 70254592                                  {product} {ergonomic}
    uintx ProfiledCodeHeapSize                     = 122909434                              {pd product} {ergonomic}
    uintx ReservedCodeCacheSize                    = 251658240                              {pd product} {ergonomic}
     bool SegmentedCodeCache                       = true                                      {product} {ergonomic}
   size_t SoftMaxHeapSize                          = 2147483648                             {manageable} {ergonomic}
     bool UseCompressedOops                        = true                           {product lp64_product} {ergonomic}
     bool UseLargePagesIndividualAllocation        = false                                  {pd product} {ergonomic}
     bool UseParallelGC                            = true                                      {product} {command line}

Logging:
Log output configuration:
 #0: stdout all=off uptime,level,tags foldmultilines=false
 #1: stderr all=off uptime,level,tags foldmultilines=false

Environment Variables:
PATH=C:\Program Files\Python311\Scripts\;C:\Program Files\Python311\;C:\Program Files\Common Files\Oracle\Java\javapath;C:\WINDOWS\system32;C:\WINDOWS;C:\WINDOWS\System32\Wbem;C:\WINDOWS\System32\WindowsPowerShell\v1.0\;C:\WINDOWS\System32\OpenSSH\;C:\Program Files\Java\jdk-17\bin;C:\Program Files\Git\cmd;C:\Program Files\nodejs\;C:\ApacheMaven\apache-maven-3.9.10\bin;C:\Program Files\MySQL\MySQL Shell 8.0\bin\;C:\Users\wazee\AppData\Local\Microsoft\WindowsApps;C:\Users\wazee\AppData\Local\Programs\Microsoft VS Code\bin;C:\Users\wazee\AppData\Roaming\npm;C:\cursor\resources\app\bin
USERNAME=wazee
OS=Windows_NT
PROCESSOR_IDENTIFIER=Intel64 Family 6 Model 142 Stepping 12, GenuineIntel
TMP=C:\Users\wazee\AppData\Local\Temp
TEMP=C:\Users\wazee\AppData\Local\Temp




Periodic native trim disabled

---------------  S Y S T E M  ---------------

OS:
 Windows 11 , 64 bit Build 26100 (10.0.26100.3912)
OS uptime: 2 days 13:35 hours
Hyper-V role detected

CPU: total 8 (initial active 8) (4 cores per cpu, 2 threads per core) family 6 model 142 stepping 12 microcode 0xde, cx8, cmov, fxsr, ht, mmx, 3dnowpref, sse, sse2, sse3, ssse3, sse4.1, sse4.2, popcnt, lzcnt, tsc, tscinvbit, avx, avx2, aes, erms, clmul, bmi1, bmi2, adx, fma, vzeroupper, clflush, clflushopt, hv, rdtscp, f16c
Processor Information for the first 8 processors :
  Max Mhz: 2112, Current Mhz: 1609, Mhz Limit: 1605

Memory: 4k page, system-wide physical 8013M (604M free)
TotalPageFile size 23134M (AvailPageFile size 23M)
current process WorkingSet (physical memory assigned to process): 809M, peak: 829M
current process commit charge ("private bytes"): 796M, peak: 796M

vm_info: OpenJDK 64-Bit Server VM (21.0.7+6-LTS) for windows-amd64 JRE (21.0.7+6-LTS), built on 2025-04-15T00:00:00Z by "admin" with MS VC++ 17.7 (VS2022)

END.
