#
# There is insufficient memory for the Java Runtime Environment to continue.
# Native memory allocation (mmap) failed to map 132120576 bytes for G1 virtual space
# Possible reasons:
#   The system is out of physical RAM or swap space
#   The process is running with CompressedOops enabled, and the Java Heap may be blocking the growth of the native heap
# Possible solutions:
#   Reduce memory load on the system
#   Increase physical memory or swap space
#   Check if swap backing store is full
#   Decrease Java heap size (-Xmx/-Xms)
#   Decrease number of Java threads
#   Decrease Java thread stack sizes (-Xss)
#   Set larger code cache with -XX:ReservedCodeCacheSize=
#   JVM is running with Unscaled Compressed Oops mode in which the Java heap is
#     placed in the first 4GB address space. The Java Heap base address is the
#     maximum limit for the native heap growth. Please use -XX:HeapBaseMinAddress
#     to set the Java Heap base and to place the Java Heap above 4GB virtual address.
# This output file may be truncated or incomplete.
#
#  Out of Memory Error (os_windows.cpp:3548), pid=9756, tid=19996
#
# JRE version:  (17.0.12+8) (build )
# Java VM: Java HotSpot(TM) 64-Bit Server VM (17.0.12+8-LTS-286, mixed mode, emulated-client, sharing, tiered, compressed oops, compressed class ptrs, g1 gc, windows-amd64)
# No core dump will be written. Minidumps are not enabled by default on client versions of Windows
#

---------------  S U M M A R Y ------------

Command Line: -Dcom.sun.management.jmxremote -Dcom.sun.management.jmxremote.port=53321 -Dcom.sun.management.jmxremote.authenticate=false -Dcom.sun.management.jmxremote.ssl=false -Djava.rmi.server.hostname=localhost -Dspring.jmx.enabled=true -Dmanagement.endpoints.jmx.exposure.include=* -Dspring.application.admin.enabled=true -Dspring.output.ansi.enabled=always -XX:TieredStopAtLevel=1 -Dspring.boot.project.name=e_com_api -Dfile.encoding=UTF-8 -Dstdout.encoding=UTF-8 -Dstderr.encoding=UTF-8 -XX:+ShowCodeDetailsInExceptionMessages com.e_com.EComApplication

Host: Intel(R) Core(TM) i5-10210U CPU @ 1.60GHz, 8 cores, 7G,  Windows 11 , 64 bit Build 26100 (10.0.26100.3912)
Time: Tue Jul  8 12:10:19 2025 Sri Lanka Standard Time elapsed time: 2.071429 seconds (0d 0h 0m 2s)

---------------  T H R E A D  ---------------

Current thread (0x000001f755f6b7e0):  JavaThread "Unknown thread" [_thread_in_vm, id=19996, stack(0x0000006800900000,0x0000006800a00000)]

Stack: [0x0000006800900000,0x0000006800a00000]
Native frames: (J=compiled Java code, j=interpreted, Vv=VM code, C=native code)
V  [jvm.dll+0x67a04a]
V  [jvm.dll+0x7da4ed]
V  [jvm.dll+0x7dbe33]
V  [jvm.dll+0x7dc4a3]
V  [jvm.dll+0x24508f]
V  [jvm.dll+0x677089]
V  [jvm.dll+0x66bd32]
V  [jvm.dll+0x301fa6]
V  [jvm.dll+0x309546]
V  [jvm.dll+0x359d2e]
V  [jvm.dll+0x359f5f]
V  [jvm.dll+0x2d9078]
V  [jvm.dll+0x2d9fe4]
V  [jvm.dll+0x7aca21]
V  [jvm.dll+0x367591]
V  [jvm.dll+0x78b999]
V  [jvm.dll+0x3ec83f]
V  [jvm.dll+0x3ee471]
C  [jli.dll+0x5297]
C  [ucrtbase.dll+0x37b0]
C  [KERNEL32.DLL+0x2e8d7]
C  [ntdll.dll+0x9c5dc]


---------------  P R O C E S S  ---------------

Threads class SMR info:
_java_thread_list=0x00007ffca1057a18, length=0, elements={
}

Java Threads: ( => current thread )

Other Threads:
  0x000001f755fc7da0 GCTaskThread "GC Thread#0" [stack: 0x0000006800a00000,0x0000006800b00000] [id=18020]
  0x000001f755fd9af0 ConcurrentGCThread "G1 Main Marker" [stack: 0x0000006800b00000,0x0000006800c00000] [id=17244]
  0x000001f755fda410 ConcurrentGCThread "G1 Conc#0" [stack: 0x0000006800c00000,0x0000006800d00000] [id=10444]

[error occurred during error reporting (printing all threads), id 0xc0000005, EXCEPTION_ACCESS_VIOLATION (0xc0000005) at pc=0x00007ffca0889b67]

VM state: not at safepoint (not fully initialized)

VM Mutex/Monitor currently owned by a thread:  ([mutex/lock_event])
[0x000001f755f67c00] Heap_lock - owner thread: 0x000001f755f6b7e0

Heap address: 0x0000000082c00000, size: 2004 MB, Compressed Oops mode: 32-bit

CDS archive(s) mapped at: [0x0000000000000000-0x0000000000000000-0x0000000000000000), size 0, SharedBaseAddress: 0x0000000800000000, ArchiveRelocationMode: 1.
Narrow klass base: 0x0000000000000000, Narrow klass shift: 0, Narrow klass range: 0x0

GC Precious Log:
<Empty>

Heap:
 garbage-first heap   total 0K, used 0K [0x0000000082c00000, 0x0000000100000000)
  region size 1024K, 0 young (0K), 0 survivors (0K)

[error occurred during error reporting (printing heap information), id 0xc0000005, EXCEPTION_ACCESS_VIOLATION (0xc0000005) at pc=0x00007ffca0c73859]

GC Heap History (0 events):
No events

Deoptimization events (0 events):
No events

Classes unloaded (0 events):
No events

Classes redefined (0 events):
No events

Internal exceptions (0 events):
No events

VM Operations (0 events):
No events

Events (1 events):
Event: 0.018 Loaded shared library C:\Program Files\Java\jdk-17\bin\java.dll


Dynamic libraries:
0x00007ff7da120000 - 0x00007ff7da130000 	C:\Program Files\Java\jdk-17\bin\javaw.exe
0x00007ffd14a40000 - 0x00007ffd14ca6000 	C:\WINDOWS\SYSTEM32\ntdll.dll
0x00007ffd13a70000 - 0x00007ffd13b39000 	C:\WINDOWS\System32\KERNEL32.DLL
0x00007ffd120a0000 - 0x00007ffd1246c000 	C:\WINDOWS\System32\KERNELBASE.dll
0x00007ffd11e90000 - 0x00007ffd11fdb000 	C:\WINDOWS\System32\ucrtbase.dll
0x00007ffcf9730000 - 0x00007ffcf974b000 	C:\Program Files\Java\jdk-17\bin\VCRUNTIME140.dll
0x00007ffd00840000 - 0x00007ffd00859000 	C:\Program Files\Java\jdk-17\bin\jli.dll
0x00007ffd139b0000 - 0x00007ffd13a62000 	C:\WINDOWS\System32\ADVAPI32.dll
0x00007ffd129c0000 - 0x00007ffd12a69000 	C:\WINDOWS\System32\msvcrt.dll
0x00007ffd14260000 - 0x00007ffd14306000 	C:\WINDOWS\System32\sechost.dll
0x00007ffd12ad0000 - 0x00007ffd12be6000 	C:\WINDOWS\System32\RPCRT4.dll
0x00007ffd13b40000 - 0x00007ffd13d0a000 	C:\WINDOWS\System32\USER32.dll
0x00007ffd12730000 - 0x00007ffd12757000 	C:\WINDOWS\System32\win32u.dll
0x00007ffd14230000 - 0x00007ffd1425b000 	C:\WINDOWS\System32\GDI32.dll
0x00007ffcfc730000 - 0x00007ffcfc9ca000 	C:\WINDOWS\WinSxS\amd64_microsoft.windows.common-controls_6595b64144ccf1df_6.0.26100.3912_none_3e07963ce335137e\COMCTL32.dll
0x00007ffd11d50000 - 0x00007ffd11e82000 	C:\WINDOWS\System32\gdi32full.dll
0x00007ffd12470000 - 0x00007ffd12513000 	C:\WINDOWS\System32\msvcp_win.dll
0x00007ffd0b220000 - 0x00007ffd0b22b000 	C:\WINDOWS\SYSTEM32\VERSION.dll
0x00007ffd13970000 - 0x00007ffd139a0000 	C:\WINDOWS\System32\IMM32.DLL
0x00007ffd0ab30000 - 0x00007ffd0ab3c000 	C:\Program Files\Java\jdk-17\bin\vcruntime140_1.dll
0x00007ffceb580000 - 0x00007ffceb60e000 	C:\Program Files\Java\jdk-17\bin\msvcp140.dll
0x00007ffca05a0000 - 0x00007ffca1180000 	C:\Program Files\Java\jdk-17\bin\server\jvm.dll
0x00007ffd14310000 - 0x00007ffd14318000 	C:\WINDOWS\System32\PSAPI.DLL
0x00007ffd0d810000 - 0x00007ffd0d81a000 	C:\WINDOWS\SYSTEM32\WSOCK32.dll
0x00007ffd12da0000 - 0x00007ffd12e14000 	C:\WINDOWS\System32\WS2_32.dll
0x00007ffcfc6f0000 - 0x00007ffcfc726000 	C:\WINDOWS\SYSTEM32\WINMM.dll
0x00007ffd10960000 - 0x00007ffd1097a000 	C:\WINDOWS\SYSTEM32\kernel.appcore.dll
0x00007ffd00cb0000 - 0x00007ffd00cba000 	C:\Program Files\Java\jdk-17\bin\jimage.dll
0x00007ffd02510000 - 0x00007ffd02751000 	C:\WINDOWS\SYSTEM32\DBGHELP.DLL
0x00007ffd145f0000 - 0x00007ffd14974000 	C:\WINDOWS\System32\combase.dll
0x00007ffd12fe0000 - 0x00007ffd130c0000 	C:\WINDOWS\System32\OLEAUT32.dll
0x00007ffcfb0d0000 - 0x00007ffcfb109000 	C:\WINDOWS\SYSTEM32\dbgcore.DLL
0x00007ffd12760000 - 0x00007ffd127f9000 	C:\WINDOWS\System32\bcryptPrimitives.dll
0x00007ffcf27a0000 - 0x00007ffcf27c5000 	C:\Program Files\Java\jdk-17\bin\java.dll

dbghelp: loaded successfully - version: 4.0.5 - missing functions: none
symbol engine: initialized successfully - sym options: 0x614 - pdb path: .;C:\Program Files\Java\jdk-17\bin;C:\WINDOWS\SYSTEM32;C:\WINDOWS\WinSxS\amd64_microsoft.windows.common-controls_6595b64144ccf1df_6.0.26100.3912_none_3e07963ce335137e;C:\Program Files\Java\jdk-17\bin\server

VM Arguments:
jvm_args: -Dcom.sun.management.jmxremote -Dcom.sun.management.jmxremote.port=53321 -Dcom.sun.management.jmxremote.authenticate=false -Dcom.sun.management.jmxremote.ssl=false -Djava.rmi.server.hostname=localhost -Dspring.jmx.enabled=true -Dmanagement.endpoints.jmx.exposure.include=* -Dspring.application.admin.enabled=true -Dspring.output.ansi.enabled=always -XX:TieredStopAtLevel=1 -Dspring.boot.project.name=e_com_api -Dfile.encoding=UTF-8 -Dstdout.encoding=UTF-8 -Dstderr.encoding=UTF-8 -XX:+ShowCodeDetailsInExceptionMessages 
java_command: com.e_com.EComApplication
java_class_path (initial): D:\Codearson\e-comm\e_com_be\target\classes;C:\Users\wazee\.m2\repository\org\springframework\boot\spring-boot-starter-data-jpa\2.6.1\spring-boot-starter-data-jpa-2.6.1.jar;C:\Users\wazee\.m2\repository\org\springframework\boot\spring-boot-starter-aop\2.6.1\spring-boot-starter-aop-2.6.1.jar;C:\Users\wazee\.m2\repository\org\aspectj\aspectjweaver\1.9.7\aspectjweaver-1.9.7.jar;C:\Users\wazee\.m2\repository\org\springframework\boot\spring-boot-starter-jdbc\2.6.1\spring-boot-starter-jdbc-2.6.1.jar;C:\Users\wazee\.m2\repository\com\zaxxer\HikariCP\4.0.3\HikariCP-4.0.3.jar;C:\Users\wazee\.m2\repository\org\springframework\spring-jdbc\5.3.13\spring-jdbc-5.3.13.jar;C:\Users\wazee\.m2\repository\jakarta\transaction\jakarta.transaction-api\1.3.3\jakarta.transaction-api-1.3.3.jar;C:\Users\wazee\.m2\repository\jakarta\persistence\jakarta.persistence-api\2.2.3\jakarta.persistence-api-2.2.3.jar;C:\Users\wazee\.m2\repository\org\hibernate\hibernate-core\5.6.1.Final\hibernate-core-5.6.1.Final.jar;C:\Users\wazee\.m2\repository\org\jboss\logging\jboss-logging\3.4.2.Final\jboss-logging-3.4.2.Final.jar;C:\Users\wazee\.m2\repository\net\bytebuddy\byte-buddy\1.11.22\byte-buddy-1.11.22.jar;C:\Users\wazee\.m2\repository\antlr\antlr\2.7.7\antlr-2.7.7.jar;C:\Users\wazee\.m2\repository\org\jboss\jandex\2.2.3.Final\jandex-2.2.3.Final.jar;C:\Users\wazee\.m2\repository\com\fasterxml\classmate\1.5.1\classmate-1.5.1.jar;C:\Users\wazee\.m2\repository\org\hibernate\common\hibernate-commons-annotations\5.1.2.Final\hibernate-commons-annotations-5.1.2.Final.jar;C:\Users\wazee\.m2\repository\org\glassfish\jaxb\jaxb-runtime\2.3.5\jaxb-runtime-2.3.5.jar;C:\Users\wazee\.m2\repository\org\glassfish\jaxb\txw2\2.3.5\txw2-2.3.5.jar;C:\Users\wazee\.m2\repository\com\sun\istack\istack-commons-runtime\3.0.12\istack-commons-runtime-3.0.12.jar;C:\Users\wazee\.m2\repository\org\springframework\data\spring-data-jpa\2.6.0\spring-data-jpa-2.6.0.jar;C:\Users\wazee\.m2\repository\org\springfr
Launcher Type: SUN_STANDARD

[Global flags]
     intx CICompilerCount                          = 4                                         {product} {ergonomic}
     uint ConcGCThreads                            = 2                                         {product} {ergonomic}
     uint G1ConcRefinementThreads                  = 8                                         {product} {ergonomic}
   size_t G1HeapRegionSize                         = 1048576                                   {product} {ergonomic}
    uintx GCDrainStackTargetSize                   = 64                                        {product} {ergonomic}
   size_t InitialHeapSize                          = 132120576                                 {product} {ergonomic}
     bool ManagementServer                         = true                                      {product} {command line}
   size_t MarkStackSize                            = 4194304                                   {product} {ergonomic}
   size_t MaxHeapSize                              = 2101346304                                {product} {ergonomic}
   size_t MinHeapDeltaBytes                        = 1048576                                   {product} {ergonomic}
   size_t MinHeapSize                              = 8388608                                   {product} {ergonomic}
    uintx NonProfiledCodeHeapSize                  = 0                                      {pd product} {ergonomic}
     bool ProfileInterpreter                       = false                                  {pd product} {command line}
    uintx ProfiledCodeHeapSize                     = 0                                      {pd product} {ergonomic}
     bool ShowCodeDetailsInExceptionMessages       = true                                   {manageable} {command line}
   size_t SoftMaxHeapSize                          = 2101346304                             {manageable} {ergonomic}
     intx TieredStopAtLevel                        = 1                                         {product} {command line}
     bool UseCompressedClassPointers               = true                           {product lp64_product} {ergonomic}
     bool UseCompressedOops                        = true                           {product lp64_product} {ergonomic}
     bool UseG1GC                                  = true                                      {product} {ergonomic}
     bool UseLargePagesIndividualAllocation        = false                                  {pd product} {ergonomic}

Logging:
Log output configuration:
 #0: stdout all=warning uptime,level,tags
 #1: stderr all=off uptime,level,tags

Environment Variables:
PATH=C:/sts-4.30.0.RELEASE//plugins/org.eclipse.justj.openjdk.hotspot.jre.full.win32.x86_64_21.0.6.v20250130-0529/jre/bin/server;C:/sts-4.30.0.RELEASE//plugins/org.eclipse.justj.openjdk.hotspot.jre.full.win32.x86_64_21.0.6.v20250130-0529/jre/bin;C:\Program Files\Python311\Scripts\;C:\Program Files\Python311\;C:\Program Files\Common Files\Oracle\Java\javapath;C:\WINDOWS\system32;C:\WINDOWS;C:\WINDOWS\System32\Wbem;C:\WINDOWS\System32\WindowsPowerShell\v1.0\;C:\WINDOWS\System32\OpenSSH\;C:\Program Files\Java\jdk-17\bin;C:\Program Files\Git\cmd;C:\Program Files\nodejs\;C:\ApacheMaven\apache-maven-3.9.10\bin;C:\Program Files\MySQL\MySQL Shell 8.0\bin\;C:\Users\wazee\AppData\Local\Microsoft\WindowsApps;C:\Users\wazee\AppData\Local\Programs\Microsoft VS Code\bin;C:\Users\wazee\AppData\Roaming\npm;C:\cursor\resources\app\bin;C:\sts-4.30.0.RELEASE;
USERNAME=wazee
OS=Windows_NT
PROCESSOR_IDENTIFIER=Intel64 Family 6 Model 142 Stepping 12, GenuineIntel



---------------  S Y S T E M  ---------------

OS:
 Windows 11 , 64 bit Build 26100 (10.0.26100.3912)
OS uptime: 3 days 13:22 hours
Hyper-V role detected

CPU: total 8 (initial active 8) (4 cores per cpu, 2 threads per core) family 6 model 142 stepping 12 microcode 0xde, cx8, cmov, fxsr, ht, mmx, 3dnowpref, sse, sse2, sse3, ssse3, sse4.1, sse4.2, popcnt, lzcnt, tsc, tscinvbit, avx, avx2, aes, erms, clmul, bmi1, bmi2, adx, fma, vzeroupper, clflush, clflushopt, hv

Memory: 4k page, system-wide physical 8013M (492M free)
TotalPageFile size 23134M (AvailPageFile size 46M)
current process WorkingSet (physical memory assigned to process): 12M, peak: 12M
current process commit charge ("private bytes"): 55M, peak: 181M

vm_info: Java HotSpot(TM) 64-Bit Server VM (17.0.12+8-LTS-286) for windows-amd64 JRE (17.0.12+8-LTS-286), built on Jun  5 2024 06:46:59 by "mach5one" with MS VC++ 17.6 (VS2022)

END.
