#
# There is insufficient memory for the Java Runtime Environment to continue.
# Native memory allocation (malloc) failed to allocate 1593136 bytes. Error detail: Chunk::new
# Possible reasons:
#   The system is out of physical RAM or swap space
#   This process is running with CompressedOops enabled, and the Java Heap may be blocking the growth of the native heap
# Possible solutions:
#   Reduce memory load on the system
#   Increase physical memory or swap space
#   Check if swap backing store is full
#   Decrease Java heap size (-Xmx/-Xms)
#   Decrease number of Java threads
#   Decrease Java thread stack sizes (-Xss)
#   Set larger code cache with -XX:ReservedCodeCacheSize=
#   JVM is running with Unscaled Compressed Oops mode in which the Java heap is
#     placed in the first 4GB address space. The Java Heap base address is the
#     maximum limit for the native heap growth. Please use -XX:HeapBaseMinAddress
#     to set the Java Heap base and to place the Java Heap above 4GB virtual address.
# This output file may be truncated or incomplete.
#
#  Out of Memory Error (arena.cpp:168), pid=25120, tid=12108
#
# JRE version: OpenJDK Runtime Environment Temurin-21.0.8+9 (21.0.8+9) (build 21.0.8+9-LTS)
# Java VM: OpenJDK 64-Bit Server VM Temurin-21.0.8+9 (21.0.8+9-LTS, mixed mode, sharing, tiered, compressed oops, compressed class ptrs, parallel gc, windows-amd64)
# No core dump will be written. Minidumps are not enabled by default on client versions of Windows
#

---------------  S U M M A R Y ------------

Command Line: --add-modules=ALL-SYSTEM --add-opens=java.base/java.util=ALL-UNNAMED --add-opens=java.base/java.lang=ALL-UNNAMED --add-opens=java.base/sun.nio.fs=ALL-UNNAMED -Declipse.application=org.eclipse.jdt.ls.core.id1 -Dosgi.bundles.defaultStartLevel=4 -Declipse.product=org.eclipse.jdt.ls.core.product -Djava.import.generatesMetadataFilesAtProjectRoot=false -DDetectVMInstallationsJob.disabled=true -Dfile.encoding=utf8 -XX:+UseParallelGC -XX:GCTimeRatio=4 -XX:AdaptiveSizePolicyWeight=90 -Dsun.zip.disableMemoryMapping=true -Xmx2G -Xms100m -Xlog:disable -javaagent:c:\Users\wazee\.vscode\extensions\redhat.java-1.44.0-win32-x64\lombok\lombok-1.18.39-4050.jar -XX:+HeapDumpOnOutOfMemoryError -XX:HeapDumpPath=c:\Users\wazee\AppData\Roaming\Code\User\workspaceStorage\3f3a64f76b2c5a290e0e32ccc3d3aad8\redhat.java -Daether.dependencyCollector.impl=bf c:\Users\wazee\.vscode\extensions\redhat.java-1.44.0-win32-x64\server\plugins\org.eclipse.equinox.launcher_1.7.0.v20250519-0528.jar -configuration c:\Users\wazee\AppData\Roaming\Code\User\globalStorage\redhat.java\1.44.0\config_win -data c:\Users\wazee\AppData\Roaming\Code\User\workspaceStorage\3f3a64f76b2c5a290e0e32ccc3d3aad8\redhat.java\jdt_ws --pipe=\\.\pipe\lsp-b4ddcdba2eaf396ac1ddcd623a8e40c3-sock

Host: Intel(R) Core(TM) i5-10210U CPU @ 1.60GHz, 8 cores, 7G,  Windows 11 , 64 bit Build 26100 (10.0.26100.4484)
Time: Wed Aug 27 23:06:32 2025 Sri Lanka Standard Time elapsed time: 425.289329 seconds (0d 0h 7m 5s)

---------------  T H R E A D  ---------------

Current thread (0x000002287785ccb0):  JavaThread "C2 CompilerThread2" daemon [_thread_in_native, id=12108, stack(0x000000d400900000,0x000000d400a00000) (1024K)]


Current CompileTask:
C2:425289 19007   !   4       com.google.gson.internal.bind.ReflectiveTypeAdapterFactory$2::write (140 bytes)

Stack: [0x000000d400900000,0x000000d400a00000]
Native frames: (J=compiled Java code, j=interpreted, Vv=VM code, C=native code)
V  [jvm.dll+0x6d2449]
V  [jvm.dll+0x8ae341]
V  [jvm.dll+0x8b08be]
V  [jvm.dll+0x8b0fa3]
V  [jvm.dll+0x280c96]
V  [jvm.dll+0xc581d]
V  [jvm.dll+0xc5d53]
V  [jvm.dll+0x3b9162]
V  [jvm.dll+0x385315]
V  [jvm.dll+0x38477a]
V  [jvm.dll+0x248ed0]
V  [jvm.dll+0x2484af]
V  [jvm.dll+0x1c89ee]
V  [jvm.dll+0x257d4d]
V  [jvm.dll+0x2562ea]
V  [jvm.dll+0x3f2d16]
V  [jvm.dll+0x857e6b]
V  [jvm.dll+0x6d0b0d]
C  [ucrtbase.dll+0x37b0]
C  [KERNEL32.DLL+0x2e8d7]
C  [ntdll.dll+0x3c34c]


---------------  P R O C E S S  ---------------

Threads class SMR info:
_java_thread_list=0x0000022878f9f050, length=49, elements={
0x00000228173ec4a0, 0x0000022817357fc0, 0x0000022817359ae0, 0x000002281735e640,
0x00000228173615a0, 0x0000022817364000, 0x0000022817364a50, 0x0000022817365880,
0x0000022870699a80, 0x00000228174548a0, 0x000002287096a0a0, 0x0000022875253f90,
0x0000022875735df0, 0x00000228759004c0, 0x00000228758f8fd0, 0x0000022875c44940,
0x00000228709b9fe0, 0x0000022875cda3d0, 0x0000022875cdc4a0, 0x0000022875cdd850,
0x0000022877a8a3b0, 0x0000022877a8bdf0, 0x0000022877a89690, 0x0000022877a8cb10,
0x0000022877a8d1a0, 0x0000022877a8d830, 0x0000022877a8c480, 0x0000022877a8b760,
0x0000022877a8e550, 0x0000022877a8f900, 0x0000022877a8dec0, 0x0000022877a8ebe0,
0x0000022877a8f270, 0x0000022877e45d40, 0x0000022877e47e10, 0x00000228786e33c0,
0x00000228786e3a50, 0x00000228786dff40, 0x00000228786e2d30, 0x00000228786e4770,
0x0000022877e463d0, 0x0000022877e46a60, 0x0000022877e470f0, 0x000002287785b840,
0x000002287785ccb0, 0x0000022877e47780, 0x0000022877e484a0, 0x0000022877e456b0,
0x0000022877e4b290
}

Java Threads: ( => current thread )
  0x00000228173ec4a0 JavaThread "main"                              [_thread_blocked, id=11768, stack(0x000000d47c800000,0x000000d47c900000) (1024K)]
  0x0000022817357fc0 JavaThread "Reference Handler"          daemon [_thread_blocked, id=23764, stack(0x000000d47cc00000,0x000000d47cd00000) (1024K)]
  0x0000022817359ae0 JavaThread "Finalizer"                  daemon [_thread_blocked, id=16772, stack(0x000000d47cd00000,0x000000d47ce00000) (1024K)]
  0x000002281735e640 JavaThread "Signal Dispatcher"          daemon [_thread_blocked, id=27132, stack(0x000000d47ce00000,0x000000d47cf00000) (1024K)]
  0x00000228173615a0 JavaThread "Attach Listener"            daemon [_thread_blocked, id=9020, stack(0x000000d47cf00000,0x000000d47d000000) (1024K)]
  0x0000022817364000 JavaThread "Service Thread"             daemon [_thread_blocked, id=23672, stack(0x000000d47d000000,0x000000d47d100000) (1024K)]
  0x0000022817364a50 JavaThread "Monitor Deflation Thread"   daemon [_thread_blocked, id=8948, stack(0x000000d47d100000,0x000000d47d200000) (1024K)]
  0x0000022817365880 JavaThread "C2 CompilerThread0"         daemon [_thread_blocked, id=29112, stack(0x000000d47d200000,0x000000d47d300000) (1024K)]
  0x0000022870699a80 JavaThread "C1 CompilerThread0"         daemon [_thread_blocked, id=8052, stack(0x000000d47d300000,0x000000d47d400000) (1024K)]
  0x00000228174548a0 JavaThread "Common-Cleaner"             daemon [_thread_blocked, id=13940, stack(0x000000d47d400000,0x000000d47d500000) (1024K)]
  0x000002287096a0a0 JavaThread "Notification Thread"        daemon [_thread_blocked, id=16952, stack(0x000000d47d500000,0x000000d47d600000) (1024K)]
  0x0000022875253f90 JavaThread "Active Thread: Equinox Container: 60f8d48d-dbe4-4727-bc5b-ba8a6340cc0b"        [_thread_blocked, id=19388, stack(0x000000d47de00000,0x000000d47df00000) (1024K)]
  0x0000022875735df0 JavaThread "Refresh Thread: Equinox Container: 60f8d48d-dbe4-4727-bc5b-ba8a6340cc0b" daemon [_thread_blocked, id=12136, stack(0x000000d47e000000,0x000000d47e100000) (1024K)]
  0x00000228759004c0 JavaThread "Framework Event Dispatcher: Equinox Container: 60f8d48d-dbe4-4727-bc5b-ba8a6340cc0b" daemon [_thread_blocked, id=9676, stack(0x000000d47e100000,0x000000d47e200000) (1024K)]
  0x00000228758f8fd0 JavaThread "Start Level: Equinox Container: 60f8d48d-dbe4-4727-bc5b-ba8a6340cc0b" daemon [_thread_blocked, id=28888, stack(0x000000d47e200000,0x000000d47e300000) (1024K)]
  0x0000022875c44940 JavaThread "Bundle File Closer"         daemon [_thread_blocked, id=24188, stack(0x000000d47e300000,0x000000d47e400000) (1024K)]
  0x00000228709b9fe0 JavaThread "SCR Component Actor"        daemon [_thread_blocked, id=18668, stack(0x000000d47d600000,0x000000d47d700000) (1024K)]
  0x0000022875cda3d0 JavaThread "Worker-JM"                         [_thread_blocked, id=22884, stack(0x000000d47e500000,0x000000d47e600000) (1024K)]
  0x0000022875cdc4a0 JavaThread "JNA Cleaner"                daemon [_thread_blocked, id=8952, stack(0x000000d47e600000,0x000000d47e700000) (1024K)]
  0x0000022875cdd850 JavaThread "Worker-1"                          [_thread_blocked, id=12548, stack(0x000000d47e800000,0x000000d47e900000) (1024K)]
  0x0000022877a8a3b0 JavaThread "Java indexing"              daemon [_thread_blocked, id=27480, stack(0x000000d47ec00000,0x000000d47ed00000) (1024K)]
  0x0000022877a8bdf0 JavaThread "Thread-2"                   daemon [_thread_in_native, id=23784, stack(0x000000d47f200000,0x000000d47f300000) (1024K)]
  0x0000022877a89690 JavaThread "Thread-3"                   daemon [_thread_in_native, id=1552, stack(0x000000d47f300000,0x000000d47f400000) (1024K)]
  0x0000022877a8cb10 JavaThread "Thread-4"                   daemon [_thread_in_native, id=18052, stack(0x000000d47f400000,0x000000d47f500000) (1024K)]
  0x0000022877a8d1a0 JavaThread "Thread-5"                   daemon [_thread_in_native, id=13528, stack(0x000000d47f500000,0x000000d47f600000) (1024K)]
  0x0000022877a8d830 JavaThread "Thread-6"                   daemon [_thread_in_native, id=5340, stack(0x000000d47f600000,0x000000d47f700000) (1024K)]
  0x0000022877a8c480 JavaThread "Thread-7"                   daemon [_thread_in_native, id=27852, stack(0x000000d47f700000,0x000000d47f800000) (1024K)]
  0x0000022877a8b760 JavaThread "Thread-8"                   daemon [_thread_in_native, id=19728, stack(0x000000d47f800000,0x000000d47f900000) (1024K)]
  0x0000022877a8e550 JavaThread "Thread-9"                   daemon [_thread_in_native, id=18584, stack(0x000000d47f900000,0x000000d47fa00000) (1024K)]
  0x0000022877a8f900 JavaThread "Thread-10"                  daemon [_thread_in_native, id=16116, stack(0x000000d47fa00000,0x000000d47fb00000) (1024K)]
  0x0000022877a8dec0 JavaThread "pool-2-thread-1"                   [_thread_blocked, id=6336, stack(0x000000d47fb00000,0x000000d47fc00000) (1024K)]
  0x0000022877a8ebe0 JavaThread "WorkspaceEventsHandler"            [_thread_blocked, id=2204, stack(0x000000d47fc00000,0x000000d47fd00000) (1024K)]
  0x0000022877a8f270 JavaThread "pool-1-thread-1"                   [_thread_blocked, id=25556, stack(0x000000d47fd00000,0x000000d47fe00000) (1024K)]
  0x0000022877e45d40 JavaThread "LocalFile Deleter"          daemon [_thread_blocked, id=26036, stack(0x000000d47ff00000,0x000000d480000000) (1024K)]
  0x0000022877e47e10 JavaThread "LocalFile Deleter"          daemon [_thread_blocked, id=20572, stack(0x000000d400000000,0x000000d400100000) (1024K)]
  0x00000228786e33c0 JavaThread "ForkJoinPool.commonPool-worker-4" daemon [_thread_blocked, id=28392, stack(0x000000d401800000,0x000000d401900000) (1024K)]
  0x00000228786e3a50 JavaThread "ForkJoinPool.commonPool-worker-7" daemon [_thread_blocked, id=6948, stack(0x000000d401b00000,0x000000d401c00000) (1024K)]
  0x00000228786dff40 JavaThread "Worker-8"                          [_thread_blocked, id=10864, stack(0x000000d400400000,0x000000d400500000) (1024K)]
  0x00000228786e2d30 JavaThread "Worker-9"                          [_thread_blocked, id=6900, stack(0x000000d400100000,0x000000d400200000) (1024K)]
  0x00000228786e4770 JavaThread "Compiler Source File Reader" daemon [_thread_blocked, id=14628, stack(0x000000d400200000,0x000000d400300000) (1024K)]
  0x0000022877e463d0 JavaThread "Compiler Processing Task"   daemon [_thread_blocked, id=12348, stack(0x000000d400300000,0x000000d400400000) (1024K)]
  0x0000022877e46a60 JavaThread "Compiler Class File Writer" daemon [_thread_blocked, id=1668, stack(0x000000d400500000,0x000000d400600000) (1024K)]
  0x0000022877e470f0 JavaThread "ForkJoinPool.commonPool-worker-8" daemon [_thread_blocked, id=16904, stack(0x000000d400600000,0x000000d400700000) (1024K)]
  0x000002287785b840 JavaThread "C2 CompilerThread1"         daemon [_thread_blocked, id=20836, stack(0x000000d400800000,0x000000d400900000) (1024K)]
=>0x000002287785ccb0 JavaThread "C2 CompilerThread2"         daemon [_thread_in_native, id=12108, stack(0x000000d400900000,0x000000d400a00000) (1024K)]
  0x0000022877e47780 JavaThread "ForkJoinPool.commonPool-worker-9" daemon [_thread_blocked, id=19432, stack(0x000000d400700000,0x000000d400800000) (1024K)]
  0x0000022877e484a0 JavaThread "ForkJoinPool.commonPool-worker-10" daemon [_thread_blocked, id=11540, stack(0x000000d400a00000,0x000000d400b00000) (1024K)]
  0x0000022877e456b0 JavaThread "ForkJoinPool.commonPool-worker-11" daemon [_thread_blocked, id=27932, stack(0x000000d400b00000,0x000000d400c00000) (1024K)]
  0x0000022877e4b290 JavaThread "ForkJoinPool.commonPool-worker-12" daemon [_thread_blocked, id=8864, stack(0x000000d400c00000,0x000000d400d00000) (1024K)]
Total: 49

Other Threads:
  0x00000228173538c0 VMThread "VM Thread"                           [id=3432, stack(0x000000d47cb00000,0x000000d47cc00000) (1024K)]
  0x000002281726ca00 WatcherThread "VM Periodic Task Thread"        [id=23284, stack(0x000000d47ca00000,0x000000d47cb00000) (1024K)]
  0x0000022817405910 WorkerThread "GC Thread#0"                     [id=11420, stack(0x000000d47c900000,0x000000d47ca00000) (1024K)]
  0x00000228759cfec0 WorkerThread "GC Thread#1"                     [id=9424, stack(0x000000d47d800000,0x000000d47d900000) (1024K)]
  0x00000228758244d0 WorkerThread "GC Thread#2"                     [id=12124, stack(0x000000d47d900000,0x000000d47da00000) (1024K)]
  0x0000022875824870 WorkerThread "GC Thread#3"                     [id=27724, stack(0x000000d47da00000,0x000000d47db00000) (1024K)]
  0x000002287582a3b0 WorkerThread "GC Thread#4"                     [id=25500, stack(0x000000d47db00000,0x000000d47dc00000) (1024K)]
  0x000002287582a750 WorkerThread "GC Thread#5"                     [id=11552, stack(0x000000d47dc00000,0x000000d47dd00000) (1024K)]
  0x000002287582aaf0 WorkerThread "GC Thread#6"                     [id=27872, stack(0x000000d47dd00000,0x000000d47de00000) (1024K)]
  0x0000022875927680 WorkerThread "GC Thread#7"                     [id=6696, stack(0x000000d47df00000,0x000000d47e000000) (1024K)]
Total: 10

Threads with active compile tasks:
C2 CompilerThread2  425374 19007   !   4       com.google.gson.internal.bind.ReflectiveTypeAdapterFactory$2::write (140 bytes)
Total: 1

VM state: not at safepoint (normal execution)

VM Mutex/Monitor currently owned by a thread: None

Heap address: 0x0000000080000000, size: 2048 MB, Compressed Oops mode: 32-bit

CDS archive(s) mapped at: [0x000002282e000000-0x000002282eba0000-0x000002282eba0000), size 12189696, SharedBaseAddress: 0x000002282e000000, ArchiveRelocationMode: 1.
Compressed class space mapped at: 0x000002282f000000-0x000002286f000000, reserved size: 1073741824
Narrow klass base: 0x000002282e000000, Narrow klass shift: 0, Narrow klass range: 0x100000000

GC Precious Log:
 CardTable entry size: 512
 CPUs: 8 total, 8 available
 Memory: 8013M
 Large Page Support: Disabled
 NUMA Support: Disabled
 Compressed Oops: Enabled (32-bit)
 Alignments: Space 512K, Generation 512K, Heap 2M
 Heap Min Capacity: 100M
 Heap Initial Capacity: 100M
 Heap Max Capacity: 2G
 Pre-touch: Disabled
 Parallel Workers: 8

Heap:
 PSYoungGen      total 9216K, used 3687K [0x00000000d5580000, 0x00000000d6180000, 0x0000000100000000)
  eden space 8192K, 34% used [0x00000000d5580000,0x00000000d5846d20,0x00000000d5d80000)
  from space 1024K, 82% used [0x00000000d6080000,0x00000000d61530c0,0x00000000d6180000)
  to   space 1024K, 0% used [0x00000000d5f80000,0x00000000d5f80000,0x00000000d6080000)
 ParOldGen       total 1017856K, used 596323K [0x0000000080000000, 0x00000000be200000, 0x00000000d5580000)
  object space 1017856K, 58% used [0x0000000080000000,0x00000000a4658c00,0x00000000be200000)
 Metaspace       used 73065K, committed 74752K, reserved 1179648K
  class space    used 7317K, committed 8128K, reserved 1048576K

Card table byte_map: [0x0000022816d80000,0x0000022817190000] _byte_map_base: 0x0000022816980000

Marking Bits: (ParMarkBitMap*) 0x00007ffdc425a340
 Begin Bits: [0x0000022829880000, 0x000002282b880000)
 End Bits:   [0x000002282b880000, 0x000002282d880000)

Polling page: 0x00000228151e0000

Metaspace:

Usage:
  Non-class:     64.21 MB used.
      Class:      7.15 MB used.
       Both:     71.35 MB used.

Virtual space:
  Non-class space:      128.00 MB reserved,      65.06 MB ( 51%) committed,  2 nodes.
      Class space:        1.00 GB reserved,       7.94 MB ( <1%) committed,  1 nodes.
             Both:        1.12 GB reserved,      73.00 MB (  6%) committed. 

Chunk freelists:
   Non-Class:  14.33 MB
       Class:  7.99 MB
        Both:  22.32 MB

MaxMetaspaceSize: unlimited
CompressedClassSpaceSize: 1.00 GB
Initial GC threshold: 21.00 MB
Current GC threshold: 114.94 MB
CDS: on
 - commit_granule_bytes: 65536.
 - commit_granule_words: 8192.
 - virtual_space_node_default_size: 8388608.
 - enlarge_chunks_in_place: 1.
 - use_allocation_guard: 0.


Internal statistics:

num_allocs_failed_limit: 11.
num_arena_births: 1492.
num_arena_deaths: 18.
num_vsnodes_births: 3.
num_vsnodes_deaths: 0.
num_space_committed: 1168.
num_space_uncommitted: 0.
num_chunks_returned_to_freelist: 29.
num_chunks_taken_from_freelist: 5138.
num_chunk_merges: 16.
num_chunk_splits: 3084.
num_chunks_enlarged: 1639.
num_inconsistent_stats: 0.

CodeHeap 'non-profiled nmethods': size=120000Kb used=16095Kb max_used=16095Kb free=103904Kb
 bounds [0x00000228220a0000, 0x0000022823060000, 0x00000228295d0000]
CodeHeap 'profiled nmethods': size=120000Kb used=39731Kb max_used=40958Kb free=80268Kb
 bounds [0x000002281a5d0000, 0x000002281cdd0000, 0x0000022821b00000]
CodeHeap 'non-nmethods': size=5760Kb used=1460Kb max_used=1608Kb free=4299Kb
 bounds [0x0000022821b00000, 0x0000022821d70000, 0x00000228220a0000]
CodeCache: size=245760Kb, used=57286Kb, max_used=58661Kb, free=188471Kb
 total_blobs=17687, nmethods=16915, adapters=675, full_count=0
Compilation: enabled, stopped_count=0, restarted_count=0

Compilation events (20 events):
Event: 423.845 Thread 0x0000022870699a80 nmethod 19085 0x000002281a5d0b90 code [0x000002281a5d0e60, 0x000002281a5d1a60]
Event: 423.846 Thread 0x0000022870699a80 19084       3       lombok.core.FieldAugment::access$1 (6 bytes)
Event: 423.847 Thread 0x0000022870699a80 nmethod 19084 0x000002281b89e910 code [0x000002281b89eac0, 0x000002281b89ed00]
Event: 423.847 Thread 0x0000022870699a80 19081       3       lombok.eclipse.agent.PatchDiagnostics::setSourceRangeCheck (192 bytes)
Event: 423.851 Thread 0x0000022870699a80 nmethod 19081 0x000002281b855890 code [0x000002281b855dc0, 0x000002281b857dd0]
Event: 423.852 Thread 0x0000022870699a80 19083       3       org.eclipse.jdt.core.dom.ASTNode::<init> (73 bytes)
Event: 423.852 Thread 0x000002287785b840 19025       4       org.eclipse.jdt.internal.compiler.lookup.PackageBinding::hasCompilationUnit (101 bytes)
Event: 423.853 Thread 0x0000022870699a80 nmethod 19083 0x000002281b727d90 code [0x000002281b727f80, 0x000002281b7283d0]
Event: 423.853 Thread 0x0000022870699a80 19078       3       org.eclipse.jdt.core.dom.ASTNode::preReplaceChild (120 bytes)
Event: 423.856 Thread 0x0000022870699a80 nmethod 19078 0x000002281ae2cc90 code [0x000002281ae2cf00, 0x000002281ae2d818]
Event: 423.856 Thread 0x0000022870699a80 19079       3       org.eclipse.jdt.core.dom.ASTNode::postReplaceChild (46 bytes)
Event: 423.856 Thread 0x0000022870699a80 nmethod 19079 0x000002281b855190 code [0x000002281b855380, 0x000002281b855648]
Event: 423.856 Thread 0x0000022870699a80 19088   !   3       org.eclipse.jdt.core.dom.ASTNode$NodeList::newCursor (50 bytes)
Event: 423.857 Thread 0x0000022870699a80 nmethod 19088 0x000002281a5d0010 code [0x000002281a5d01e0, 0x000002281a5d06e8]
Event: 423.857 Thread 0x0000022817365880 nmethod 19040 0x000002282304d810 code [0x000002282304d9c0, 0x000002282304deb8]
Event: 423.858 Thread 0x0000022817365880 19027       4       org.eclipse.jdt.internal.compiler.ast.MessageSend::cleanUpInferenceContexts (65 bytes)
Event: 423.884 Thread 0x0000022817365880 nmethod 19027 0x000002282304e090 code [0x000002282304e260, 0x000002282304e828]
Event: 423.884 Thread 0x0000022817365880 19076       4       org.eclipse.jdt.internal.compiler.flow.UnconditionalFlowInfo::copy (371 bytes)
Event: 423.888 Thread 0x0000022817365880 nmethod 19076 0x000002282304ed10 code [0x000002282304eea0, 0x000002282304f0d8]
Event: 423.888 Thread 0x0000022817365880 19056   !   4       jdk.internal.reflect.MethodHandleIntegerFieldAccessorImpl::getInt (44 bytes)

GC Heap History (20 events):
Event: 420.216 GC heap before
{Heap before GC invocations=2605 (full 4):
 PSYoungGen      total 4608K, used 4224K [0x00000000d5580000, 0x00000000d5d00000, 0x0000000100000000)
  eden space 2560K, 100% used [0x00000000d5580000,0x00000000d5800000,0x00000000d5800000)
  from space 2048K, 81% used [0x00000000d5b00000,0x00000000d5ca0000,0x00000000d5d00000)
  to   space 2560K, 0% used [0x00000000d5800000,0x00000000d5800000,0x00000000d5a80000)
 ParOldGen       total 1017856K, used 572925K [0x0000000080000000, 0x00000000be200000, 0x00000000d5580000)
  object space 1017856K, 56% used [0x0000000080000000,0x00000000a2f7f678,0x00000000be200000)
 Metaspace       used 71993K, committed 73664K, reserved 1179648K
  class space    used 7210K, committed 8000K, reserved 1048576K
}
Event: 420.224 GC heap after
{Heap after GC invocations=2605 (full 4):
 PSYoungGen      total 5120K, used 2112K [0x00000000d5580000, 0x00000000d5d80000, 0x0000000100000000)
  eden space 2560K, 0% used [0x00000000d5580000,0x00000000d5580000,0x00000000d5800000)
  from space 2560K, 82% used [0x00000000d5800000,0x00000000d5a10000,0x00000000d5a80000)
  to   space 2560K, 0% used [0x00000000d5b00000,0x00000000d5b00000,0x00000000d5d80000)
 ParOldGen       total 1017856K, used 574525K [0x0000000080000000, 0x00000000be200000, 0x00000000d5580000)
  object space 1017856K, 56% used [0x0000000080000000,0x00000000a310f678,0x00000000be200000)
 Metaspace       used 71993K, committed 73664K, reserved 1179648K
  class space    used 7210K, committed 8000K, reserved 1048576K
}
Event: 420.243 GC heap before
{Heap before GC invocations=2606 (full 4):
 PSYoungGen      total 5120K, used 4672K [0x00000000d5580000, 0x00000000d5d80000, 0x0000000100000000)
  eden space 2560K, 100% used [0x00000000d5580000,0x00000000d5800000,0x00000000d5800000)
  from space 2560K, 82% used [0x00000000d5800000,0x00000000d5a10000,0x00000000d5a80000)
  to   space 2560K, 0% used [0x00000000d5b00000,0x00000000d5b00000,0x00000000d5d80000)
 ParOldGen       total 1017856K, used 574525K [0x0000000080000000, 0x00000000be200000, 0x00000000d5580000)
  object space 1017856K, 56% used [0x0000000080000000,0x00000000a310f678,0x00000000be200000)
 Metaspace       used 71993K, committed 73664K, reserved 1179648K
  class space    used 7210K, committed 8000K, reserved 1048576K
}
Event: 420.256 GC heap after
{Heap after GC invocations=2606 (full 4):
 PSYoungGen      total 5120K, used 1984K [0x00000000d5580000, 0x00000000d5d00000, 0x0000000100000000)
  eden space 3072K, 0% used [0x00000000d5580000,0x00000000d5580000,0x00000000d5880000)
  from space 2048K, 96% used [0x00000000d5b00000,0x00000000d5cf0000,0x00000000d5d00000)
  to   space 2048K, 0% used [0x00000000d5900000,0x00000000d5900000,0x00000000d5b00000)
 ParOldGen       total 1017856K, used 576541K [0x0000000080000000, 0x00000000be200000, 0x00000000d5580000)
  object space 1017856K, 56% used [0x0000000080000000,0x00000000a3307678,0x00000000be200000)
 Metaspace       used 71993K, committed 73664K, reserved 1179648K
  class space    used 7210K, committed 8000K, reserved 1048576K
}
Event: 420.273 GC heap before
{Heap before GC invocations=2607 (full 4):
 PSYoungGen      total 5120K, used 5056K [0x00000000d5580000, 0x00000000d5d00000, 0x0000000100000000)
  eden space 3072K, 100% used [0x00000000d5580000,0x00000000d5880000,0x00000000d5880000)
  from space 2048K, 96% used [0x00000000d5b00000,0x00000000d5cf0000,0x00000000d5d00000)
  to   space 2048K, 0% used [0x00000000d5900000,0x00000000d5900000,0x00000000d5b00000)
 ParOldGen       total 1017856K, used 576541K [0x0000000080000000, 0x00000000be200000, 0x00000000d5580000)
  object space 1017856K, 56% used [0x0000000080000000,0x00000000a3307678,0x00000000be200000)
 Metaspace       used 71993K, committed 73664K, reserved 1179648K
  class space    used 7210K, committed 8000K, reserved 1048576K
}
Event: 420.284 GC heap after
{Heap after GC invocations=2607 (full 4):
 PSYoungGen      total 5632K, used 2048K [0x00000000d5580000, 0x00000000d6380000, 0x0000000100000000)
  eden space 3584K, 0% used [0x00000000d5580000,0x00000000d5580000,0x00000000d5900000)
  from space 2048K, 100% used [0x00000000d5900000,0x00000000d5b00000,0x00000000d5b00000)
  to   space 5120K, 0% used [0x00000000d5e80000,0x00000000d5e80000,0x00000000d6380000)
 ParOldGen       total 1017856K, used 578869K [0x0000000080000000, 0x00000000be200000, 0x00000000d5580000)
  object space 1017856K, 56% used [0x0000000080000000,0x00000000a354d678,0x00000000be200000)
 Metaspace       used 71993K, committed 73664K, reserved 1179648K
  class space    used 7210K, committed 8000K, reserved 1048576K
}
Event: 420.300 GC heap before
{Heap before GC invocations=2608 (full 4):
 PSYoungGen      total 5632K, used 5632K [0x00000000d5580000, 0x00000000d6380000, 0x0000000100000000)
  eden space 3584K, 100% used [0x00000000d5580000,0x00000000d5900000,0x00000000d5900000)
  from space 2048K, 100% used [0x00000000d5900000,0x00000000d5b00000,0x00000000d5b00000)
  to   space 5120K, 0% used [0x00000000d5e80000,0x00000000d5e80000,0x00000000d6380000)
 ParOldGen       total 1017856K, used 578869K [0x0000000080000000, 0x00000000be200000, 0x00000000d5580000)
  object space 1017856K, 56% used [0x0000000080000000,0x00000000a354d678,0x00000000be200000)
 Metaspace       used 71993K, committed 73664K, reserved 1179648K
  class space    used 7210K, committed 8000K, reserved 1048576K
}
Event: 420.312 GC heap after
{Heap after GC invocations=2608 (full 4):
 PSYoungGen      total 7680K, used 2784K [0x00000000d5580000, 0x00000000d6180000, 0x0000000100000000)
  eden space 4608K, 0% used [0x00000000d5580000,0x00000000d5580000,0x00000000d5a00000)
  from space 3072K, 90% used [0x00000000d5e80000,0x00000000d6138000,0x00000000d6180000)
  to   space 3584K, 0% used [0x00000000d5a80000,0x00000000d5a80000,0x00000000d5e00000)
 ParOldGen       total 1017856K, used 580885K [0x0000000080000000, 0x00000000be200000, 0x00000000d5580000)
  object space 1017856K, 57% used [0x0000000080000000,0x00000000a3745678,0x00000000be200000)
 Metaspace       used 71993K, committed 73664K, reserved 1179648K
  class space    used 7210K, committed 8000K, reserved 1048576K
}
Event: 420.333 GC heap before
{Heap before GC invocations=2609 (full 4):
 PSYoungGen      total 7680K, used 7392K [0x00000000d5580000, 0x00000000d6180000, 0x0000000100000000)
  eden space 4608K, 100% used [0x00000000d5580000,0x00000000d5a00000,0x00000000d5a00000)
  from space 3072K, 90% used [0x00000000d5e80000,0x00000000d6138000,0x00000000d6180000)
  to   space 3584K, 0% used [0x00000000d5a80000,0x00000000d5a80000,0x00000000d5e00000)
 ParOldGen       total 1017856K, used 580885K [0x0000000080000000, 0x00000000be200000, 0x00000000d5580000)
  object space 1017856K, 57% used [0x0000000080000000,0x00000000a3745678,0x00000000be200000)
 Metaspace       used 71993K, committed 73664K, reserved 1179648K
  class space    used 7210K, committed 8000K, reserved 1048576K
}
Event: 420.347 GC heap after
{Heap after GC invocations=2609 (full 4):
 PSYoungGen      total 8704K, used 3584K [0x00000000d5580000, 0x00000000d6900000, 0x0000000100000000)
  eden space 5120K, 0% used [0x00000000d5580000,0x00000000d5580000,0x00000000d5a80000)
  from space 3584K, 100% used [0x00000000d5a80000,0x00000000d5e00000,0x00000000d5e00000)
  to   space 7168K, 0% used [0x00000000d6200000,0x00000000d6200000,0x00000000d6900000)
 ParOldGen       total 1017856K, used 583701K [0x0000000080000000, 0x00000000be200000, 0x00000000d5580000)
  object space 1017856K, 57% used [0x0000000080000000,0x00000000a3a05678,0x00000000be200000)
 Metaspace       used 71993K, committed 73664K, reserved 1179648K
  class space    used 7210K, committed 8000K, reserved 1048576K
}
Event: 420.371 GC heap before
{Heap before GC invocations=2610 (full 4):
 PSYoungGen      total 8704K, used 8704K [0x00000000d5580000, 0x00000000d6900000, 0x0000000100000000)
  eden space 5120K, 100% used [0x00000000d5580000,0x00000000d5a80000,0x00000000d5a80000)
  from space 3584K, 100% used [0x00000000d5a80000,0x00000000d5e00000,0x00000000d5e00000)
  to   space 7168K, 0% used [0x00000000d6200000,0x00000000d6200000,0x00000000d6900000)
 ParOldGen       total 1017856K, used 583701K [0x0000000080000000, 0x00000000be200000, 0x00000000d5580000)
  object space 1017856K, 57% used [0x0000000080000000,0x00000000a3a05678,0x00000000be200000)
 Metaspace       used 71993K, committed 73664K, reserved 1179648K
  class space    used 7210K, committed 8000K, reserved 1048576K
}
Event: 420.392 GC heap after
{Heap after GC invocations=2610 (full 4):
 PSYoungGen      total 10240K, used 4000K [0x00000000d5580000, 0x00000000d6600000, 0x0000000100000000)
  eden space 6144K, 0% used [0x00000000d5580000,0x00000000d5580000,0x00000000d5b80000)
  from space 4096K, 97% used [0x00000000d6200000,0x00000000d65e8000,0x00000000d6600000)
  to   space 5120K, 0% used [0x00000000d5c00000,0x00000000d5c00000,0x00000000d6100000)
 ParOldGen       total 1017856K, used 587245K [0x0000000080000000, 0x00000000be200000, 0x00000000d5580000)
  object space 1017856K, 57% used [0x0000000080000000,0x00000000a3d7b678,0x00000000be200000)
 Metaspace       used 71993K, committed 73664K, reserved 1179648K
  class space    used 7210K, committed 8000K, reserved 1048576K
}
Event: 422.240 GC heap before
{Heap before GC invocations=2611 (full 4):
 PSYoungGen      total 10240K, used 10144K [0x00000000d5580000, 0x00000000d6600000, 0x0000000100000000)
  eden space 6144K, 100% used [0x00000000d5580000,0x00000000d5b80000,0x00000000d5b80000)
  from space 4096K, 97% used [0x00000000d6200000,0x00000000d65e8000,0x00000000d6600000)
  to   space 5120K, 0% used [0x00000000d5c00000,0x00000000d5c00000,0x00000000d6100000)
 ParOldGen       total 1017856K, used 587245K [0x0000000080000000, 0x00000000be200000, 0x00000000d5580000)
  object space 1017856K, 57% used [0x0000000080000000,0x00000000a3d7b678,0x00000000be200000)
 Metaspace       used 72012K, committed 73664K, reserved 1179648K
  class space    used 7215K, committed 8000K, reserved 1048576K
}
Event: 422.261 GC heap after
{Heap after GC invocations=2611 (full 4):
 PSYoungGen      total 11776K, used 4180K [0x00000000d5580000, 0x00000000d6600000, 0x0000000100000000)
  eden space 6656K, 0% used [0x00000000d5580000,0x00000000d5580000,0x00000000d5c00000)
  from space 5120K, 81% used [0x00000000d5c00000,0x00000000d6015220,0x00000000d6100000)
  to   space 4608K, 0% used [0x00000000d6180000,0x00000000d6180000,0x00000000d6600000)
 ParOldGen       total 1017856K, used 591149K [0x0000000080000000, 0x00000000be200000, 0x00000000d5580000)
  object space 1017856K, 58% used [0x0000000080000000,0x00000000a414b678,0x00000000be200000)
 Metaspace       used 72012K, committed 73664K, reserved 1179648K
  class space    used 7215K, committed 8000K, reserved 1048576K
}
Event: 423.532 GC heap before
{Heap before GC invocations=2612 (full 4):
 PSYoungGen      total 11776K, used 10836K [0x00000000d5580000, 0x00000000d6600000, 0x0000000100000000)
  eden space 6656K, 100% used [0x00000000d5580000,0x00000000d5c00000,0x00000000d5c00000)
  from space 5120K, 81% used [0x00000000d5c00000,0x00000000d6015220,0x00000000d6100000)
  to   space 4608K, 0% used [0x00000000d6180000,0x00000000d6180000,0x00000000d6600000)
 ParOldGen       total 1017856K, used 591149K [0x0000000080000000, 0x00000000be200000, 0x00000000d5580000)
  object space 1017856K, 58% used [0x0000000080000000,0x00000000a414b678,0x00000000be200000)
 Metaspace       used 72171K, committed 73792K, reserved 1179648K
  class space    used 7226K, committed 8000K, reserved 1048576K
}
Event: 423.554 GC heap after
{Heap after GC invocations=2612 (full 4):
 PSYoungGen      total 9728K, used 1072K [0x00000000d5580000, 0x00000000d6300000, 0x0000000100000000)
  eden space 8192K, 0% used [0x00000000d5580000,0x00000000d5580000,0x00000000d5d80000)
  from space 1536K, 69% used [0x00000000d6180000,0x00000000d628c010,0x00000000d6300000)
  to   space 2560K, 0% used [0x00000000d5e00000,0x00000000d5e00000,0x00000000d6080000)
 ParOldGen       total 1017856K, used 595090K [0x0000000080000000, 0x00000000be200000, 0x00000000d5580000)
  object space 1017856K, 58% used [0x0000000080000000,0x00000000a4524898,0x00000000be200000)
 Metaspace       used 72171K, committed 73792K, reserved 1179648K
  class space    used 7226K, committed 8000K, reserved 1048576K
}
Event: 423.643 GC heap before
{Heap before GC invocations=2613 (full 4):
 PSYoungGen      total 9728K, used 9264K [0x00000000d5580000, 0x00000000d6300000, 0x0000000100000000)
  eden space 8192K, 100% used [0x00000000d5580000,0x00000000d5d80000,0x00000000d5d80000)
  from space 1536K, 69% used [0x00000000d6180000,0x00000000d628c010,0x00000000d6300000)
  to   space 2560K, 0% used [0x00000000d5e00000,0x00000000d5e00000,0x00000000d6080000)
 ParOldGen       total 1017856K, used 595090K [0x0000000080000000, 0x00000000be200000, 0x00000000d5580000)
  object space 1017856K, 58% used [0x0000000080000000,0x00000000a4524898,0x00000000be200000)
 Metaspace       used 72417K, committed 74048K, reserved 1179648K
  class space    used 7253K, committed 8000K, reserved 1048576K
}
Event: 423.651 GC heap after
{Heap after GC invocations=2613 (full 4):
 PSYoungGen      total 10752K, used 1162K [0x00000000d5580000, 0x00000000d6200000, 0x0000000100000000)
  eden space 8192K, 0% used [0x00000000d5580000,0x00000000d5580000,0x00000000d5d80000)
  from space 2560K, 45% used [0x00000000d5e00000,0x00000000d5f229f8,0x00000000d6080000)
  to   space 1536K, 0% used [0x00000000d6080000,0x00000000d6080000,0x00000000d6200000)
 ParOldGen       total 1017856K, used 596043K [0x0000000080000000, 0x00000000be200000, 0x00000000d5580000)
  object space 1017856K, 58% used [0x0000000080000000,0x00000000a4612f48,0x00000000be200000)
 Metaspace       used 72417K, committed 74048K, reserved 1179648K
  class space    used 7253K, committed 8000K, reserved 1048576K
}
Event: 423.798 GC heap before
{Heap before GC invocations=2614 (full 4):
 PSYoungGen      total 10752K, used 9354K [0x00000000d5580000, 0x00000000d6200000, 0x0000000100000000)
  eden space 8192K, 99% used [0x00000000d5580000,0x00000000d5d7ffd0,0x00000000d5d80000)
  from space 2560K, 45% used [0x00000000d5e00000,0x00000000d5f229f8,0x00000000d6080000)
  to   space 1536K, 0% used [0x00000000d6080000,0x00000000d6080000,0x00000000d6200000)
 ParOldGen       total 1017856K, used 596043K [0x0000000080000000, 0x00000000be200000, 0x00000000d5580000)
  object space 1017856K, 58% used [0x0000000080000000,0x00000000a4612f48,0x00000000be200000)
 Metaspace       used 73024K, committed 74688K, reserved 1179648K
  class space    used 7315K, committed 8128K, reserved 1048576K
}
Event: 423.803 GC heap after
{Heap after GC invocations=2614 (full 4):
 PSYoungGen      total 9216K, used 844K [0x00000000d5580000, 0x00000000d6180000, 0x0000000100000000)
  eden space 8192K, 0% used [0x00000000d5580000,0x00000000d5580000,0x00000000d5d80000)
  from space 1024K, 82% used [0x00000000d6080000,0x00000000d61530c0,0x00000000d6180000)
  to   space 1024K, 0% used [0x00000000d5f80000,0x00000000d5f80000,0x00000000d6080000)
 ParOldGen       total 1017856K, used 596323K [0x0000000080000000, 0x00000000be200000, 0x00000000d5580000)
  object space 1017856K, 58% used [0x0000000080000000,0x00000000a4658c00,0x00000000be200000)
 Metaspace       used 73024K, committed 74688K, reserved 1179648K
  class space    used 7315K, committed 8128K, reserved 1048576K
}

Dll operation events (10 events):
Event: 0.064 Loaded shared library c:\Users\wazee\.vscode\extensions\redhat.java-1.44.0-win32-x64\jre\21.0.8-win32-x86_64\bin\java.dll
Event: 0.491 Loaded shared library c:\Users\wazee\.vscode\extensions\redhat.java-1.44.0-win32-x64\jre\21.0.8-win32-x86_64\bin\zip.dll
Event: 0.599 Loaded shared library C:\Users\wazee\.vscode\extensions\redhat.java-1.44.0-win32-x64\jre\21.0.8-win32-x86_64\bin\instrument.dll
Event: 0.628 Loaded shared library C:\Users\wazee\.vscode\extensions\redhat.java-1.44.0-win32-x64\jre\21.0.8-win32-x86_64\bin\net.dll
Event: 0.634 Loaded shared library C:\Users\wazee\.vscode\extensions\redhat.java-1.44.0-win32-x64\jre\21.0.8-win32-x86_64\bin\nio.dll
Event: 0.646 Loaded shared library C:\Users\wazee\.vscode\extensions\redhat.java-1.44.0-win32-x64\jre\21.0.8-win32-x86_64\bin\zip.dll
Event: 0.766 Loaded shared library C:\Users\wazee\.vscode\extensions\redhat.java-1.44.0-win32-x64\jre\21.0.8-win32-x86_64\bin\jimage.dll
Event: 1.091 Loaded shared library c:\Users\wazee\.vscode\extensions\redhat.java-1.44.0-win32-x64\jre\21.0.8-win32-x86_64\bin\verify.dll
Event: 3.908 Loaded shared library C:\Users\wazee\AppData\Roaming\Code\User\globalStorage\redhat.java\1.44.0\config_win\org.eclipse.equinox.launcher\org.eclipse.equinox.launcher.win32.win32.x86_64_1.2.1400.v20250730-1736\eclipse_11913.dll
Event: 7.464 Loaded shared library C:\Users\wazee\AppData\Local\Temp\jna-112909200\jna1458887021605034576.dll

Deoptimization events (20 events):
Event: 423.775 Thread 0x0000022877a8f270 Uncommon trap: trap_request=0xffffff45 fr.pc=0x0000022822916bf0 relative=0x00000000000003b0
Event: 423.775 Thread 0x0000022877a8f270 Uncommon trap: reason=unstable_if action=reinterpret pc=0x0000022822916bf0 method=java.io.BufferedOutputStream.implWrite([BII)V @ 5 c2
Event: 423.775 Thread 0x0000022877a8f270 DEOPT PACKING pc=0x0000022822916bf0 sp=0x000000d47fdfe820
Event: 423.775 Thread 0x0000022877a8f270 DEOPT UNPACKING pc=0x0000022821b53aa2 sp=0x000000d47fdfe770 mode 2
Event: 423.781 Thread 0x0000022877a8f270 Uncommon trap: trap_request=0xffffff45 fr.pc=0x0000022822915198 relative=0x00000000000001d8
Event: 423.781 Thread 0x0000022877a8f270 Uncommon trap: reason=unstable_if action=reinterpret pc=0x0000022822915198 method=java.io.BufferedOutputStream.implWrite([BII)V @ 5 c2
Event: 423.781 Thread 0x0000022877a8f270 DEOPT PACKING pc=0x0000022822915198 sp=0x000000d47fdfe7a0
Event: 423.781 Thread 0x0000022877a8f270 DEOPT UNPACKING pc=0x0000022821b53aa2 sp=0x000000d47fdfe768 mode 2
Event: 423.792 Thread 0x0000022877a8f270 Uncommon trap: trap_request=0xffffff45 fr.pc=0x0000022822175404 relative=0x00000000000001e4
Event: 423.792 Thread 0x0000022877a8f270 Uncommon trap: reason=unstable_if action=reinterpret pc=0x0000022822175404 method=java.lang.Long.stringSize(J)I @ 5 c2
Event: 423.792 Thread 0x0000022877a8f270 DEOPT PACKING pc=0x0000022822175404 sp=0x000000d47fdfe350
Event: 423.792 Thread 0x0000022877a8f270 DEOPT UNPACKING pc=0x0000022821b53aa2 sp=0x000000d47fdfe2c0 mode 2
Event: 423.792 Thread 0x0000022877a8f270 Uncommon trap: trap_request=0xffffff45 fr.pc=0x00000228220ee43c relative=0x00000000000002fc
Event: 423.792 Thread 0x0000022877a8f270 Uncommon trap: reason=unstable_if action=reinterpret pc=0x00000228220ee43c method=java.lang.Long.getChars(JI[B)I @ 6 c2
Event: 423.792 Thread 0x0000022877a8f270 DEOPT PACKING pc=0x00000228220ee43c sp=0x000000d47fdfe340
Event: 423.792 Thread 0x0000022877a8f270 DEOPT UNPACKING pc=0x0000022821b53aa2 sp=0x000000d47fdfe298 mode 2
Event: 423.818 Thread 0x0000022877e470f0 Uncommon trap: trap_request=0xffffff45 fr.pc=0x0000022822cf30a4 relative=0x0000000000000484
Event: 423.818 Thread 0x0000022877e470f0 Uncommon trap: reason=unstable_if action=reinterpret pc=0x0000022822cf30a4 method=java.lang.Integer.parseInt(Ljava/lang/String;I)I @ 197 c2
Event: 423.819 Thread 0x0000022877e470f0 DEOPT PACKING pc=0x0000022822cf30a4 sp=0x000000d4006fec10
Event: 423.819 Thread 0x0000022877e470f0 DEOPT UNPACKING pc=0x0000022821b53aa2 sp=0x000000d4006feb80 mode 2

Classes loaded (20 events):
Event: 418.527 Loading class com/sun/crypto/provider/SymmetricCipher done
Event: 418.527 Loading class com/sun/crypto/provider/AESCrypt done
Event: 418.528 Loading class com/sun/crypto/provider/ElectronicCodeBook
Event: 418.528 Loading class com/sun/crypto/provider/FeedbackCipher
Event: 418.529 Loading class com/sun/crypto/provider/FeedbackCipher done
Event: 418.529 Loading class com/sun/crypto/provider/ElectronicCodeBook done
Event: 418.529 Loading class com/sun/crypto/provider/PKCS5Padding
Event: 418.530 Loading class com/sun/crypto/provider/Padding
Event: 418.530 Loading class com/sun/crypto/provider/Padding done
Event: 418.530 Loading class com/sun/crypto/provider/PKCS5Padding done
Event: 418.531 Loading class com/sun/crypto/provider/CipherBlockChaining
Event: 418.531 Loading class com/sun/crypto/provider/CipherBlockChaining done
Event: 418.534 Loading class javax/crypto/NullCipher
Event: 418.534 Loading class javax/crypto/NullCipher done
Event: 418.633 Loading class sun/security/util/ArrayUtil
Event: 418.633 Loading class sun/security/util/ArrayUtil done
Event: 418.761 Loading class java/util/zip/CheckedInputStream
Event: 418.762 Loading class java/util/zip/CheckedInputStream done
Event: 419.744 Loading class java/util/zip/GZIPInputStream$1
Event: 419.744 Loading class java/util/zip/GZIPInputStream$1 done

Classes unloaded (9 events):
Event: 8.733 Thread 0x00000228173538c0 Unloading class 0x000002282f1a7000 'java/lang/invoke/LambdaForm$MH+0x000002282f1a7000'
Event: 8.733 Thread 0x00000228173538c0 Unloading class 0x000002282f1a6c00 'java/lang/invoke/LambdaForm$MH+0x000002282f1a6c00'
Event: 8.733 Thread 0x00000228173538c0 Unloading class 0x000002282f1a6800 'java/lang/invoke/LambdaForm$MH+0x000002282f1a6800'
Event: 8.733 Thread 0x00000228173538c0 Unloading class 0x000002282f1a6400 'java/lang/invoke/LambdaForm$MH+0x000002282f1a6400'
Event: 8.733 Thread 0x00000228173538c0 Unloading class 0x000002282f1a6000 'java/lang/invoke/LambdaForm$BMH+0x000002282f1a6000'
Event: 8.733 Thread 0x00000228173538c0 Unloading class 0x000002282f1a5c00 'java/lang/invoke/LambdaForm$DMH+0x000002282f1a5c00'
Event: 8.733 Thread 0x00000228173538c0 Unloading class 0x000002282f1a4800 'java/lang/invoke/LambdaForm$DMH+0x000002282f1a4800'
Event: 76.335 Thread 0x00000228173538c0 Unloading class 0x000002282f70cc00 'java/lang/invoke/LambdaForm$DMH+0x000002282f70cc00'
Event: 76.335 Thread 0x00000228173538c0 Unloading class 0x000002282f70c800 'java/lang/invoke/LambdaForm$DMH+0x000002282f70c800'

Classes redefined (0 events):
No events

Internal exceptions (20 events):
Event: 411.841 Thread 0x0000022877a8f270 Exception <a 'sun/nio/fs/WindowsException'{0x00000000d5662fe8}> (0x00000000d5662fe8) 
thrown [s\src\hotspot\share\prims\jni.cpp, line 520]
Event: 411.906 Thread 0x0000022877a8f270 Implicit null exception at 0x0000022822f62124 to 0x0000022822f637b4
Event: 413.850 Thread 0x00000228786dff40 Implicit null exception at 0x0000022822deb4a0 to 0x0000022822deb8ac
Event: 413.868 Thread 0x0000022877a8f270 Exception <a 'java/lang/NoSuchMethodError'{0x00000000d572c110}: 'int java.lang.invoke.Invokers$Holder.invokeExact_MT(java.lang.Object, java.lang.Object)'> (0x00000000d572c110) 
thrown [s\src\hotspot\share\interpreter\linkResolver.cpp, line 773]
Event: 415.034 Thread 0x0000022877a8f270 Exception <a 'sun/nio/fs/WindowsException'{0x00000000d5604a10}> (0x00000000d5604a10) 
thrown [s\src\hotspot\share\prims\jni.cpp, line 520]
Event: 415.134 Thread 0x0000022877a8f270 Exception <a 'java/lang/IncompatibleClassChangeError'{0x00000000d55cfef8}: Found class java.lang.Object, but interface was expected> (0x00000000d55cfef8) 
thrown [s\src\hotspot\share\interpreter\linkResolver.cpp, line 840]
Event: 415.836 Thread 0x00000228786e2d30 Exception <a 'sun/nio/fs/WindowsException'{0x00000000d563b1c8}> (0x00000000d563b1c8) 
thrown [s\src\hotspot\share\prims\jni.cpp, line 520]
Event: 415.837 Thread 0x00000228786e2d30 Exception <a 'sun/nio/fs/WindowsException'{0x00000000d563b7f8}> (0x00000000d563b7f8) 
thrown [s\src\hotspot\share\prims\jni.cpp, line 520]
Event: 417.717 Thread 0x0000022877a8a3b0 Exception <a 'sun/nio/fs/WindowsException'{0x00000000d5634130}> (0x00000000d5634130) 
thrown [s\src\hotspot\share\prims\jni.cpp, line 520]
Event: 417.918 Thread 0x0000022877a8a3b0 Exception <a 'sun/nio/fs/WindowsException'{0x00000000d5668df8}> (0x00000000d5668df8) 
thrown [s\src\hotspot\share\prims\jni.cpp, line 520]
Event: 418.000 Thread 0x0000022877a8f270 Exception <a 'java/lang/IncompatibleClassChangeError'{0x00000000d56998d8}: Found class java.lang.Object, but interface was expected> (0x00000000d56998d8) 
thrown [s\src\hotspot\share\interpreter\linkResolver.cpp, line 840]
Event: 418.028 Thread 0x0000022877e470f0 Exception <a 'java/lang/NoSuchMethodError'{0x00000000d56fe368}: 'java.lang.Object java.lang.invoke.DirectMethodHandle$Holder.invokeSpecial(java.lang.Object, java.lang.Object, java.lang.Object, java.lang.Object, int, java.lang.Object, java.lang.Object)'> (0x00000000d56fe368) 
thrown [s\src\hotspot\share\interpreter\linkResolver.cpp, line 773]
Event: 418.423 Thread 0x0000022877e484a0 Exception <a 'sun/nio/fs/WindowsException'{0x00000000d55de0a8}> (0x00000000d55de0a8) 
thrown [s\src\hotspot\share\prims\jni.cpp, line 520]
Event: 422.222 Thread 0x0000022877a8f270 Exception <a 'java/lang/IncompatibleClassChangeError'{0x00000000d5a67858}: Found class java.lang.Object, but interface was expected> (0x00000000d5a67858) 
thrown [s\src\hotspot\share\interpreter\linkResolver.cpp, line 840]
Event: 423.557 Thread 0x0000022877a8f270 Exception <a 'java/lang/IncompatibleClassChangeError'{0x00000000d5599b50}: Found class java.lang.Object, but interface was expected> (0x00000000d5599b50) 
thrown [s\src\hotspot\share\interpreter\linkResolver.cpp, line 840]
Event: 423.567 Thread 0x00000228786e33c0 Exception <a 'java/lang/NoSuchMethodError'{0x00000000d55cf7d0}: 'java.lang.Object java.lang.invoke.DirectMethodHandle$Holder.invokeStatic(java.lang.Object, int, int, java.lang.Object)'> (0x00000000d55cf7d0) 
thrown [s\src\hotspot\share\interpreter\linkResolver.cpp, line 773]
Event: 423.585 Thread 0x0000022877a8f270 Exception <a 'java/lang/IncompatibleClassChangeError'{0x00000000d561bd48}: Found class java.lang.Object, but interface was expected> (0x00000000d561bd48) 
thrown [s\src\hotspot\share\interpreter\linkResolver.cpp, line 840]
Event: 423.636 Thread 0x0000022877a8f270 Exception <a 'java/lang/IncompatibleClassChangeError'{0x00000000d5bd6070}: Found class java.lang.Object, but interface was expected> (0x00000000d5bd6070) 
thrown [s\src\hotspot\share\interpreter\linkResolver.cpp, line 840]
Event: 423.780 Thread 0x0000022877a8f270 Exception <a 'java/lang/IncompatibleClassChangeError'{0x00000000d5a4a6d8}: Found class java.lang.Object, but interface was expected> (0x00000000d5a4a6d8) 
thrown [s\src\hotspot\share\interpreter\linkResolver.cpp, line 840]
Event: 423.786 Thread 0x0000022877a8f270 Exception <a 'java/lang/IncompatibleClassChangeError'{0x00000000d5b44498}: Found class java.lang.Object, but interface was expected> (0x00000000d5b44498) 
thrown [s\src\hotspot\share\interpreter\linkResolver.cpp, line 840]

ZGC Phase Switch (0 events):
No events

VM Operations (20 events):
Event: 420.333 Executing VM operation: ParallelGCFailedAllocation (Allocation Failure)
Event: 420.347 Executing VM operation: ParallelGCFailedAllocation (Allocation Failure) done
Event: 420.371 Executing VM operation: ParallelGCFailedAllocation (Allocation Failure)
Event: 420.392 Executing VM operation: ParallelGCFailedAllocation (Allocation Failure) done
Event: 420.860 Executing VM operation: HandshakeAllThreads (HandshakeForDeflation)
Event: 420.860 Executing VM operation: HandshakeAllThreads (HandshakeForDeflation) done
Event: 420.861 Executing VM operation: RendezvousGCThreads
Event: 420.861 Executing VM operation: RendezvousGCThreads done
Event: 422.240 Executing VM operation: ParallelGCFailedAllocation (Allocation Failure)
Event: 422.262 Executing VM operation: ParallelGCFailedAllocation (Allocation Failure) done
Event: 423.276 Executing VM operation: Cleanup
Event: 423.276 Executing VM operation: Cleanup done
Event: 423.532 Executing VM operation: ParallelGCFailedAllocation (Allocation Failure)
Event: 423.554 Executing VM operation: ParallelGCFailedAllocation (Allocation Failure) done
Event: 423.643 Executing VM operation: ParallelGCFailedAllocation (Allocation Failure)
Event: 423.651 Executing VM operation: ParallelGCFailedAllocation (Allocation Failure) done
Event: 423.798 Executing VM operation: ParallelGCFailedAllocation (Allocation Failure)
Event: 423.803 Executing VM operation: ParallelGCFailedAllocation (Allocation Failure) done
Event: 424.804 Executing VM operation: Cleanup
Event: 424.804 Executing VM operation: Cleanup done

Memory protections (0 events):
No events

Nmethod flushes (20 events):
Event: 76.456 Thread 0x00000228173538c0 flushing  nmethod 0x000002281ba2b910
Event: 76.456 Thread 0x00000228173538c0 flushing  nmethod 0x000002281ba2bf90
Event: 76.456 Thread 0x00000228173538c0 flushing  nmethod 0x000002281ba2c690
Event: 76.456 Thread 0x00000228173538c0 flushing  nmethod 0x000002281ba2d210
Event: 76.456 Thread 0x00000228173538c0 flushing  nmethod 0x000002281ba2e190
Event: 76.456 Thread 0x00000228173538c0 flushing  nmethod 0x000002281ba2ed90
Event: 76.456 Thread 0x00000228173538c0 flushing  nmethod 0x000002281ba3c910
Event: 76.456 Thread 0x00000228173538c0 flushing  nmethod 0x000002281ba3ce90
Event: 76.456 Thread 0x00000228173538c0 flushing  nmethod 0x000002281ba48290
Event: 76.456 Thread 0x00000228173538c0 flushing  nmethod 0x000002281ba49490
Event: 76.456 Thread 0x00000228173538c0 flushing osr nmethod 0x000002281ba4c890
Event: 76.456 Thread 0x00000228173538c0 flushing  nmethod 0x000002281baf0090
Event: 76.456 Thread 0x00000228173538c0 flushing  nmethod 0x000002281baf6590
Event: 76.456 Thread 0x00000228173538c0 flushing  nmethod 0x000002281bb1fe90
Event: 76.456 Thread 0x00000228173538c0 flushing  nmethod 0x000002281bb22210
Event: 76.456 Thread 0x00000228173538c0 flushing  nmethod 0x000002281bb2c390
Event: 76.456 Thread 0x00000228173538c0 flushing  nmethod 0x000002281bb2f310
Event: 76.456 Thread 0x00000228173538c0 flushing  nmethod 0x000002281bb30d10
Event: 76.456 Thread 0x00000228173538c0 flushing  nmethod 0x000002281bb31590
Event: 76.456 Thread 0x00000228173538c0 flushing osr nmethod 0x000002281bb60910

Events (20 events):
Event: 370.817 Thread 0x0000022870699a80 Thread added: 0x000002287785c5e0
Event: 376.426 Thread 0x000002287785c5e0 Thread exited: 0x000002287785c5e0
Event: 390.169 Thread 0x0000022877e491c0 Thread exited: 0x0000022877e491c0
Event: 412.595 Thread 0x0000022875cdd850 Thread added: 0x00000228786e2d30
Event: 414.852 Thread 0x0000022875cdd850 Thread added: 0x00000228786e5490
Event: 414.866 Thread 0x00000228786e5490 Thread exited: 0x00000228786e5490
Event: 415.677 Thread 0x00000228786e2d30 Thread added: 0x00000228786e4770
Event: 415.767 Thread 0x00000228786e2d30 Thread added: 0x0000022877e463d0
Event: 415.827 Thread 0x00000228786e2d30 Thread added: 0x0000022877e46a60
Event: 417.989 Thread 0x00000228786e3a50 Thread added: 0x0000022877e470f0
Event: 418.056 Thread 0x00000228786e33c0 Thread added: 0x0000022877e484a0
Event: 418.288 Thread 0x0000022817365880 Thread added: 0x000002287785e7f0
Event: 418.482 Thread 0x000002287785e7f0 Thread exited: 0x000002287785e7f0
Event: 419.881 Thread 0x0000022870699a80 Thread added: 0x000002287785b840
Event: 419.883 Thread 0x0000022870699a80 Thread added: 0x000002287785ccb0
Event: 420.422 Thread 0x0000022877e484a0 Thread exited: 0x0000022877e484a0
Event: 423.777 Thread 0x00000228786e33c0 Thread added: 0x0000022877e47780
Event: 423.779 Thread 0x0000022877e47780 Thread added: 0x0000022877e484a0
Event: 423.784 Thread 0x0000022877a8f270 Thread added: 0x0000022877e456b0
Event: 423.786 Thread 0x0000022877e456b0 Thread added: 0x0000022877e4b290


Dynamic libraries:
0x00007ff7ccf10000 - 0x00007ff7ccf1e000 	c:\Users\wazee\.vscode\extensions\redhat.java-1.44.0-win32-x64\jre\21.0.8-win32-x86_64\bin\java.exe
0x00007ffe5d9c0000 - 0x00007ffe5dc28000 	C:\WINDOWS\SYSTEM32\ntdll.dll
0x00007ffe5c660000 - 0x00007ffe5c729000 	C:\WINDOWS\System32\KERNEL32.DLL
0x00007ffe5b160000 - 0x00007ffe5b54d000 	C:\WINDOWS\System32\KERNELBASE.dll
0x00007ffe57b00000 - 0x00007ffe57b9e000 	C:\WINDOWS\SYSTEM32\apphelp.dll
0x00007ffe5ab10000 - 0x00007ffe5ac5b000 	C:\WINDOWS\System32\ucrtbase.dll
0x00007ffe38540000 - 0x00007ffe38558000 	c:\Users\wazee\.vscode\extensions\redhat.java-1.44.0-win32-x64\jre\21.0.8-win32-x86_64\bin\jli.dll
0x00007ffe5bed0000 - 0x00007ffe5c09c000 	C:\WINDOWS\System32\USER32.dll
0x00007ffe5b730000 - 0x00007ffe5b757000 	C:\WINDOWS\System32\win32u.dll
0x00007ffe5d790000 - 0x00007ffe5d7bb000 	C:\WINDOWS\System32\GDI32.dll
0x00007ffe5b5f0000 - 0x00007ffe5b727000 	C:\WINDOWS\System32\gdi32full.dll
0x00007ffe5b020000 - 0x00007ffe5b0c3000 	C:\WINDOWS\System32\msvcp_win.dll
0x00007ffe25a30000 - 0x00007ffe25a4e000 	c:\Users\wazee\.vscode\extensions\redhat.java-1.44.0-win32-x64\jre\21.0.8-win32-x86_64\bin\VCRUNTIME140.dll
0x00007ffe438a0000 - 0x00007ffe43b3a000 	C:\WINDOWS\WinSxS\amd64_microsoft.windows.common-controls_6595b64144ccf1df_6.0.26100.4484_none_3e0e6d4ce32ef3b3\COMCTL32.dll
0x00007ffe5c120000 - 0x00007ffe5c1c9000 	C:\WINDOWS\System32\msvcrt.dll
0x00007ffe5d7c0000 - 0x00007ffe5d7ef000 	C:\WINDOWS\System32\IMM32.DLL
0x00007ffe41480000 - 0x00007ffe4148c000 	c:\Users\wazee\.vscode\extensions\redhat.java-1.44.0-win32-x64\jre\21.0.8-win32-x86_64\bin\vcruntime140_1.dll
0x00007ffe19880000 - 0x00007ffe1990d000 	c:\Users\wazee\.vscode\extensions\redhat.java-1.44.0-win32-x64\jre\21.0.8-win32-x86_64\bin\msvcp140.dll
0x00007ffdc35a0000 - 0x00007ffdc4337000 	c:\Users\wazee\.vscode\extensions\redhat.java-1.44.0-win32-x64\jre\21.0.8-win32-x86_64\bin\server\jvm.dll
0x00007ffe5bce0000 - 0x00007ffe5bd94000 	C:\WINDOWS\System32\ADVAPI32.dll
0x00007ffe5bdb0000 - 0x00007ffe5be56000 	C:\WINDOWS\System32\sechost.dll
0x00007ffe5cd80000 - 0x00007ffe5ce98000 	C:\WINDOWS\System32\RPCRT4.dll
0x00007ffe5d900000 - 0x00007ffe5d974000 	C:\WINDOWS\System32\WS2_32.dll
0x00007ffe5a2f0000 - 0x00007ffe5a34e000 	C:\WINDOWS\SYSTEM32\POWRPROF.dll
0x00007ffe3f520000 - 0x00007ffe3f555000 	C:\WINDOWS\SYSTEM32\WINMM.dll
0x00007ffe50e60000 - 0x00007ffe50e6b000 	C:\WINDOWS\SYSTEM32\VERSION.dll
0x00007ffe5a2d0000 - 0x00007ffe5a2e4000 	C:\WINDOWS\SYSTEM32\UMPDC.dll
0x00007ffe59880000 - 0x00007ffe5989b000 	C:\WINDOWS\SYSTEM32\kernel.appcore.dll
0x00007ffe3ec50000 - 0x00007ffe3ec5a000 	c:\Users\wazee\.vscode\extensions\redhat.java-1.44.0-win32-x64\jre\21.0.8-win32-x86_64\bin\jimage.dll
0x00007ffe50e70000 - 0x00007ffe510b1000 	C:\WINDOWS\SYSTEM32\DBGHELP.DLL
0x00007ffe5c8e0000 - 0x00007ffe5cc66000 	C:\WINDOWS\System32\combase.dll
0x00007ffe5b8d0000 - 0x00007ffe5b9b0000 	C:\WINDOWS\System32\OLEAUT32.dll
0x00007ffe41d80000 - 0x00007ffe41dc3000 	C:\WINDOWS\SYSTEM32\dbgcore.DLL
0x00007ffe5b550000 - 0x00007ffe5b5e9000 	C:\WINDOWS\System32\bcryptPrimitives.dll
0x00007ffe3afd0000 - 0x00007ffe3afdf000 	c:\Users\wazee\.vscode\extensions\redhat.java-1.44.0-win32-x64\jre\21.0.8-win32-x86_64\bin\instrument.dll
0x00007ffe1bde0000 - 0x00007ffe1bdff000 	c:\Users\wazee\.vscode\extensions\redhat.java-1.44.0-win32-x64\jre\21.0.8-win32-x86_64\bin\java.dll
0x00007ffe5cf40000 - 0x00007ffe5d68a000 	C:\WINDOWS\System32\SHELL32.dll
0x00007ffe5ade0000 - 0x00007ffe5af54000 	C:\WINDOWS\System32\wintypes.dll
0x00007ffe58730000 - 0x00007ffe58f8b000 	C:\WINDOWS\SYSTEM32\windows.storage.dll
0x00007ffe5d800000 - 0x00007ffe5d8f5000 	C:\WINDOWS\System32\SHCORE.dll
0x00007ffe5be60000 - 0x00007ffe5beca000 	C:\WINDOWS\System32\shlwapi.dll
0x00007ffe5aa20000 - 0x00007ffe5aa4f000 	C:\WINDOWS\SYSTEM32\profapi.dll
0x00007ffe1bda0000 - 0x00007ffe1bdb8000 	c:\Users\wazee\.vscode\extensions\redhat.java-1.44.0-win32-x64\jre\21.0.8-win32-x86_64\bin\zip.dll
0x00007ffe3add0000 - 0x00007ffe3ade0000 	C:\Users\wazee\.vscode\extensions\redhat.java-1.44.0-win32-x64\jre\21.0.8-win32-x86_64\bin\net.dll
0x00007ffe50450000 - 0x00007ffe5056e000 	C:\WINDOWS\SYSTEM32\WINHTTP.dll
0x00007ffe59e40000 - 0x00007ffe59eaa000 	C:\WINDOWS\system32\mswsock.dll
0x00007ffe1bd80000 - 0x00007ffe1bd96000 	C:\Users\wazee\.vscode\extensions\redhat.java-1.44.0-win32-x64\jre\21.0.8-win32-x86_64\bin\nio.dll
0x00007ffe3ad90000 - 0x00007ffe3ada0000 	c:\Users\wazee\.vscode\extensions\redhat.java-1.44.0-win32-x64\jre\21.0.8-win32-x86_64\bin\verify.dll
0x00007ffe3ad20000 - 0x00007ffe3ad65000 	C:\Users\wazee\AppData\Roaming\Code\User\globalStorage\redhat.java\1.44.0\config_win\org.eclipse.equinox.launcher\org.eclipse.equinox.launcher.win32.win32.x86_64_1.2.1400.v20250730-1736\eclipse_11913.dll
0x00007ffe5c730000 - 0x00007ffe5c8ce000 	C:\WINDOWS\System32\ole32.dll
0x00007ffe5a160000 - 0x00007ffe5a17b000 	C:\WINDOWS\SYSTEM32\CRYPTSP.dll
0x00007ffe597e0000 - 0x00007ffe5981b000 	C:\WINDOWS\system32\rsaenh.dll
0x00007ffe59ee0000 - 0x00007ffe59f0b000 	C:\WINDOWS\SYSTEM32\USERENV.dll
0x00007ffe5a9f0000 - 0x00007ffe5aa16000 	C:\WINDOWS\SYSTEM32\bcrypt.dll
0x00007ffe5a180000 - 0x00007ffe5a18c000 	C:\WINDOWS\SYSTEM32\CRYPTBASE.dll
0x00007ffe59280000 - 0x00007ffe592b3000 	C:\WINDOWS\SYSTEM32\IPHLPAPI.DLL
0x00007ffe5b9c0000 - 0x00007ffe5b9ca000 	C:\WINDOWS\System32\NSI.dll
0x00007ffe1be80000 - 0x00007ffe1bec9000 	C:\Users\wazee\AppData\Local\Temp\jna-112909200\jna1458887021605034576.dll
0x00007ffe5ceb0000 - 0x00007ffe5ceb8000 	C:\WINDOWS\System32\PSAPI.DLL
0x00007ffe50230000 - 0x00007ffe5024f000 	C:\WINDOWS\SYSTEM32\dhcpcsvc6.DLL
0x00007ffe50200000 - 0x00007ffe50225000 	C:\WINDOWS\SYSTEM32\dhcpcsvc.DLL

JVMTI agents:
c:\Users\wazee\.vscode\extensions\redhat.java-1.44.0-win32-x64\lombok\lombok-1.18.39-4050.jar path:c:\Users\wazee\.vscode\extensions\redhat.java-1.44.0-win32-x64\jre\21.0.8-win32-x86_64\bin\instrument.dll, loaded, initialized, instrumentlib options:none

dbghelp: loaded successfully - version: 4.0.5 - missing functions: none
symbol engine: initialized successfully - sym options: 0x614 - pdb path: .;c:\Users\wazee\.vscode\extensions\redhat.java-1.44.0-win32-x64\jre\21.0.8-win32-x86_64\bin;C:\WINDOWS\SYSTEM32;C:\WINDOWS\WinSxS\amd64_microsoft.windows.common-controls_6595b64144ccf1df_6.0.26100.4484_none_3e0e6d4ce32ef3b3;c:\Users\wazee\.vscode\extensions\redhat.java-1.44.0-win32-x64\jre\21.0.8-win32-x86_64\bin\server;C:\Users\wazee\AppData\Roaming\Code\User\globalStorage\redhat.java\1.44.0\config_win\org.eclipse.equinox.launcher\org.eclipse.equinox.launcher.win32.win32.x86_64_1.2.1400.v20250730-1736;C:\Users\wazee\AppData\Local\Temp\jna-112909200

VM Arguments:
jvm_args: --add-modules=ALL-SYSTEM --add-opens=java.base/java.util=ALL-UNNAMED --add-opens=java.base/java.lang=ALL-UNNAMED --add-opens=java.base/sun.nio.fs=ALL-UNNAMED -Declipse.application=org.eclipse.jdt.ls.core.id1 -Dosgi.bundles.defaultStartLevel=4 -Declipse.product=org.eclipse.jdt.ls.core.product -Djava.import.generatesMetadataFilesAtProjectRoot=false -DDetectVMInstallationsJob.disabled=true -Dfile.encoding=utf8 -XX:+UseParallelGC -XX:GCTimeRatio=4 -XX:AdaptiveSizePolicyWeight=90 -Dsun.zip.disableMemoryMapping=true -Xmx2G -Xms100m -Xlog:disable -javaagent:c:\Users\wazee\.vscode\extensions\redhat.java-1.44.0-win32-x64\lombok\lombok-1.18.39-4050.jar -XX:+HeapDumpOnOutOfMemoryError -XX:HeapDumpPath=c:\Users\wazee\AppData\Roaming\Code\User\workspaceStorage\3f3a64f76b2c5a290e0e32ccc3d3aad8\redhat.java -Daether.dependencyCollector.impl=bf 
java_command: c:\Users\wazee\.vscode\extensions\redhat.java-1.44.0-win32-x64\server\plugins\org.eclipse.equinox.launcher_1.7.0.v20250519-0528.jar -configuration c:\Users\wazee\AppData\Roaming\Code\User\globalStorage\redhat.java\1.44.0\config_win -data c:\Users\wazee\AppData\Roaming\Code\User\workspaceStorage\3f3a64f76b2c5a290e0e32ccc3d3aad8\redhat.java\jdt_ws --pipe=\\.\pipe\lsp-b4ddcdba2eaf396ac1ddcd623a8e40c3-sock
java_class_path (initial): c:\Users\wazee\.vscode\extensions\redhat.java-1.44.0-win32-x64\server\plugins\org.eclipse.equinox.launcher_1.7.0.v20250519-0528.jar
Launcher Type: SUN_STANDARD

[Global flags]
    uintx AdaptiveSizePolicyWeight                 = 90                                        {product} {command line}
     intx CICompilerCount                          = 4                                         {product} {ergonomic}
    uintx GCTimeRatio                              = 4                                         {product} {command line}
     bool HeapDumpOnOutOfMemoryError               = true                                   {manageable} {command line}
    ccstr HeapDumpPath                             = c:\Users\wazee\AppData\Roaming\Code\User\workspaceStorage\3f3a64f76b2c5a290e0e32ccc3d3aad8\redhat.java         {manageable} {command line}
   size_t InitialHeapSize                          = 104857600                                 {product} {command line}
   size_t MaxHeapSize                              = 2147483648                                {product} {command line}
   size_t MaxNewSize                               = 715653120                                 {product} {ergonomic}
   size_t MinHeapDeltaBytes                        = 524288                                    {product} {ergonomic}
   size_t MinHeapSize                              = 104857600                                 {product} {command line}
   size_t NewSize                                  = 34603008                                  {product} {ergonomic}
    uintx NonNMethodCodeHeapSize                   = 5839372                                {pd product} {ergonomic}
    uintx NonProfiledCodeHeapSize                  = 122909434                              {pd product} {ergonomic}
   size_t OldSize                                  = 70254592                                  {product} {ergonomic}
    uintx ProfiledCodeHeapSize                     = 122909434                              {pd product} {ergonomic}
    uintx ReservedCodeCacheSize                    = 251658240                              {pd product} {ergonomic}
     bool SegmentedCodeCache                       = true                                      {product} {ergonomic}
   size_t SoftMaxHeapSize                          = 2147483648                             {manageable} {ergonomic}
     bool UseCompressedOops                        = true                           {product lp64_product} {ergonomic}
     bool UseLargePagesIndividualAllocation        = false                                  {pd product} {ergonomic}
     bool UseParallelGC                            = true                                      {product} {command line}

Logging:
Log output configuration:
 #0: stdout all=off uptime,level,tags foldmultilines=false
 #1: stderr all=off uptime,level,tags foldmultilines=false

Environment Variables:
PATH=C:\Program Files\Python311\Scripts\;C:\Program Files\Python311\;C:\Program Files\Common Files\Oracle\Java\javapath;C:\WINDOWS\system32;C:\WINDOWS;C:\WINDOWS\System32\Wbem;C:\WINDOWS\System32\WindowsPowerShell\v1.0\;C:\WINDOWS\System32\OpenSSH\;C:\Program Files\Java\jdk-17\bin;C:\Program Files\Git\cmd;C:\Program Files\nodejs\;C:\ApacheMaven\apache-maven-3.9.10\bin;C:\Program Files\PowerShell\7\;D:\ffmpeg\ffmpeg-7.1.1-essentials_build\bin;C:\Program Files\MySQL\MySQL Shell 8.0\bin\;C:\Users\wazee\AppData\Local\Microsoft\WindowsApps;C:\Users\wazee\AppData\Local\Programs\Microsoft VS Code\bin;C:\Users\wazee\AppData\Roaming\npm;C:\Users\wazee\AppData\Local\Programs\Windsurf\bin;C:\Users\wazee\AppData\Local\Programs\cursor\resources\app\bin
USERNAME=wazee
OS=Windows_NT
PROCESSOR_IDENTIFIER=Intel64 Family 6 Model 142 Stepping 12, GenuineIntel
TMP=C:\Users\wazee\AppData\Local\Temp
TEMP=C:\Users\wazee\AppData\Local\Temp




Periodic native trim disabled

---------------  S Y S T E M  ---------------

OS:
 Windows 11 , 64 bit Build 26100 (10.0.26100.4484)
OS uptime: 14 days 8:48 hours
Hyper-V role detected

CPU: total 8 (initial active 8) (4 cores per cpu, 2 threads per core) family 6 model 142 stepping 12 microcode 0xde, cx8, cmov, fxsr, ht, mmx, 3dnowpref, sse, sse2, sse3, ssse3, sse4.1, sse4.2, popcnt, lzcnt, tsc, tscinvbit, avx, avx2, aes, erms, clmul, bmi1, bmi2, adx, fma, vzeroupper, clflush, clflushopt, hv, rdtscp, f16c
Processor Information for the first 8 processors :
  Max Mhz: 2112, Current Mhz: 1609, Mhz Limit: 1605

Memory: 4k page, system-wide physical 8013M (643M free)
TotalPageFile size 23134M (AvailPageFile size 2M)
current process WorkingSet (physical memory assigned to process): 394M, peak: 1203M
current process commit charge ("private bytes"): 1377M, peak: 1384M

vm_info: OpenJDK 64-Bit Server VM (21.0.8+9-LTS) for windows-amd64 JRE (21.0.8+9-LTS), built on 2025-07-15T00:00:00Z by "admin" with MS VC++ 17.7 (VS2022)

END.
