2025-06-06 17:10:03.667  WARN 28008 --- [HikariPool-7 housekeeper] com.zaxxer.hikari.pool.HikariPool        : HikariPool-7 - Thread starvation or clock leap detected (housekeeper delta=16h56m51s581ms986µs).
2025-06-06 17:18:49.521  INFO 28008 --- [http-nio-8080-exec-9] com.e_com.Service.Utils.JwtCustomFilter  : request enter the custom filter
2025-06-06 17:18:49.523  INFO 28008 --- [http-nio-8080-exec-10] com.e_com.Service.Utils.JwtCustomFilter  : request enter the custom filter
2025-06-06 17:18:49.563  INFO 28008 --- [http-nio-8080-exec-10] c.e.ServiceImpl.UserDetailsServiceImpl   : UserDetailsImpl.loadUserByUsername() invoked with username :lathusanthurairajah@codearson.com
2025-06-06 17:18:49.564  INFO 28008 --- [http-nio-8080-exec-10] com.e_com.Service.BL.UserServiceBL       : UserServiceBL.getUserByUserName() invoked
2025-06-06 17:18:49.568  WARN 28008 --- [http-nio-8080-exec-10] org.hibernate.orm.deprecation            : HHH90000022: Hibernate's legacy org.hibernate.Criteria API is deprecated; use the JPA javax.persistence.criteria.CriteriaQuery instead
2025-06-06 17:18:49.698  INFO 28008 --- [http-nio-8080-exec-9] c.e.ServiceImpl.UserDetailsServiceImpl   : UserDetailsImpl.loadUserByUsername() invoked with username :lathusanthurairajah@codearson.com
2025-06-06 17:18:49.700  INFO 28008 --- [http-nio-8080-exec-9] com.e_com.Service.BL.UserServiceBL       : UserServiceBL.getUserByUserName() invoked
2025-06-06 17:18:49.700  WARN 28008 --- [http-nio-8080-exec-9] org.hibernate.orm.deprecation            : HHH90000022: Hibernate's legacy org.hibernate.Criteria API is deprecated; use the JPA javax.persistence.criteria.CriteriaQuery instead
2025-06-06 17:18:50.052  INFO 28008 --- [http-nio-8080-exec-10] c.e.C.ProductCategoryController          : ProductCategoryController.getAllBySearchProductCategory() invoked with name: null
2025-06-06 17:18:50.053  INFO 28008 --- [http-nio-8080-exec-10] c.e.S.ProductCategoryServiceImpl         : ProductCategoryServiceImpl.getAllBySearchProductCategory() invoked with name: null
2025-06-06 17:18:50.054  INFO 28008 --- [http-nio-8080-exec-10] c.e.Service.BL.ProductCategoryServiceBL  : ProductCategoryServiceBL.getAllBySearchProductCategory() invoked with name: null
2025-06-06 17:18:50.098  INFO 28008 --- [http-nio-8080-exec-9] com.e_com.Controller.UserController      : UserController.getUserByEmailAddress() invoked with emailAddress
2025-06-06 17:18:50.101  INFO 28008 --- [http-nio-8080-exec-10] c.e_com.DaoImpl.ProductCategoryDaoImpl   : ProductCategoryDaoImpl.getAllBySearchProductCategory() invoked with name: null
2025-06-06 17:18:50.104  WARN 28008 --- [http-nio-8080-exec-10] org.hibernate.orm.deprecation            : HHH90000022: Hibernate's legacy org.hibernate.Criteria API is deprecated; use the JPA javax.persistence.criteria.CriteriaQuery instead
2025-06-06 17:18:50.127  INFO 28008 --- [http-nio-8080-exec-9] com.e_com.Service.BL.UserServiceBL       : UserServiceBL.getUserByEmailAddress()invoked
2025-06-06 17:18:50.149  INFO 28008 --- [http-nio-8080-exec-10] c.e.S.ProductCategoryServiceImpl         : Retrieved ProductCategory details by search.
2025-06-06 17:18:50.151  WARN 28008 --- [http-nio-8080-exec-9] org.hibernate.orm.deprecation            : HHH90000022: Hibernate's legacy org.hibernate.Criteria API is deprecated; use the JPA javax.persistence.criteria.CriteriaQuery instead
2025-06-06 17:18:50.165  INFO 28008 --- [http-nio-8080-exec-9] com.e_com.ServiceImpl.UserServiceImpl    : user detail retreived successfully.
2025-06-06 17:18:51.713  INFO 28008 --- [http-nio-8080-exec-3] com.e_com.Service.Utils.JwtCustomFilter  : request enter the custom filter
2025-06-06 17:18:51.714  INFO 28008 --- [http-nio-8080-exec-2] com.e_com.Service.Utils.JwtCustomFilter  : request enter the custom filter
2025-06-06 17:18:51.738  INFO 28008 --- [http-nio-8080-exec-3] c.e.ServiceImpl.UserDetailsServiceImpl   : UserDetailsImpl.loadUserByUsername() invoked with username :lathusanthurairajah@codearson.com
2025-06-06 17:18:51.740  INFO 28008 --- [http-nio-8080-exec-3] com.e_com.Service.BL.UserServiceBL       : UserServiceBL.getUserByUserName() invoked
2025-06-06 17:18:51.756  WARN 28008 --- [http-nio-8080-exec-3] org.hibernate.orm.deprecation            : HHH90000022: Hibernate's legacy org.hibernate.Criteria API is deprecated; use the JPA javax.persistence.criteria.CriteriaQuery instead
2025-06-06 17:18:51.787  INFO 28008 --- [http-nio-8080-exec-2] c.e.ServiceImpl.UserDetailsServiceImpl   : UserDetailsImpl.loadUserByUsername() invoked with username :lathusanthurairajah@codearson.com
2025-06-06 17:18:51.804  INFO 28008 --- [http-nio-8080-exec-2] com.e_com.Service.BL.UserServiceBL       : UserServiceBL.getUserByUserName() invoked
2025-06-06 17:18:51.811  WARN 28008 --- [http-nio-8080-exec-2] org.hibernate.orm.deprecation            : HHH90000022: Hibernate's legacy org.hibernate.Criteria API is deprecated; use the JPA javax.persistence.criteria.CriteriaQuery instead
2025-06-06 17:18:51.857  INFO 28008 --- [http-nio-8080-exec-3] c.e.C.ProductCategoryController          : ProductCategoryController.getAllBySearchProductCategory() invoked with name: null
2025-06-06 17:18:51.867  INFO 28008 --- [http-nio-8080-exec-3] c.e.S.ProductCategoryServiceImpl         : ProductCategoryServiceImpl.getAllBySearchProductCategory() invoked with name: null
2025-06-06 17:18:51.867  INFO 28008 --- [http-nio-8080-exec-3] c.e.Service.BL.ProductCategoryServiceBL  : ProductCategoryServiceBL.getAllBySearchProductCategory() invoked with name: null
2025-06-06 17:18:51.870  INFO 28008 --- [http-nio-8080-exec-3] c.e_com.DaoImpl.ProductCategoryDaoImpl   : ProductCategoryDaoImpl.getAllBySearchProductCategory() invoked with name: null
2025-06-06 17:18:51.872  WARN 28008 --- [http-nio-8080-exec-3] org.hibernate.orm.deprecation            : HHH90000022: Hibernate's legacy org.hibernate.Criteria API is deprecated; use the JPA javax.persistence.criteria.CriteriaQuery instead
2025-06-06 17:18:51.912  INFO 28008 --- [http-nio-8080-exec-3] c.e.S.ProductCategoryServiceImpl         : Retrieved ProductCategory details by search.
2025-06-06 17:18:51.953  INFO 28008 --- [http-nio-8080-exec-2] com.e_com.Controller.UserController      : UserController.getUserByEmailAddress() invoked with emailAddress
2025-06-06 17:18:51.957  INFO 28008 --- [http-nio-8080-exec-2] com.e_com.Service.BL.UserServiceBL       : UserServiceBL.getUserByEmailAddress()invoked
2025-06-06 17:18:51.961  WARN 28008 --- [http-nio-8080-exec-2] org.hibernate.orm.deprecation            : HHH90000022: Hibernate's legacy org.hibernate.Criteria API is deprecated; use the JPA javax.persistence.criteria.CriteriaQuery instead
2025-06-06 17:18:51.979  INFO 28008 --- [http-nio-8080-exec-2] com.e_com.ServiceImpl.UserServiceImpl    : user detail retreived successfully.
2025-06-06 17:18:52.089  INFO 28008 --- [http-nio-8080-exec-5] com.e_com.Service.Utils.JwtCustomFilter  : request enter the custom filter
2025-06-06 17:18:52.117  INFO 28008 --- [http-nio-8080-exec-8] com.e_com.Service.Utils.JwtCustomFilter  : request enter the custom filter
2025-06-06 17:18:52.123  INFO 28008 --- [http-nio-8080-exec-5] c.e.ServiceImpl.UserDetailsServiceImpl   : UserDetailsImpl.loadUserByUsername() invoked with username :lathusanthurairajah@codearson.com
2025-06-06 17:18:52.124  INFO 28008 --- [http-nio-8080-exec-5] com.e_com.Service.BL.UserServiceBL       : UserServiceBL.getUserByUserName() invoked
2025-06-06 17:18:52.125  WARN 28008 --- [http-nio-8080-exec-5] org.hibernate.orm.deprecation            : HHH90000022: Hibernate's legacy org.hibernate.Criteria API is deprecated; use the JPA javax.persistence.criteria.CriteriaQuery instead
2025-06-06 17:18:52.148  INFO 28008 --- [http-nio-8080-exec-8] c.e.ServiceImpl.UserDetailsServiceImpl   : UserDetailsImpl.loadUserByUsername() invoked with username :lathusanthurairajah@codearson.com
2025-06-06 17:18:52.148  INFO 28008 --- [http-nio-8080-exec-8] com.e_com.Service.BL.UserServiceBL       : UserServiceBL.getUserByUserName() invoked
2025-06-06 17:18:52.148  WARN 28008 --- [http-nio-8080-exec-8] org.hibernate.orm.deprecation            : HHH90000022: Hibernate's legacy org.hibernate.Criteria API is deprecated; use the JPA javax.persistence.criteria.CriteriaQuery instead
2025-06-06 17:18:52.176  INFO 28008 --- [http-nio-8080-exec-5] c.e.C.ProductCategoryController          : ProductCategoryController.getAllBySearchProductCategory() invoked with name: null
2025-06-06 17:18:52.181  INFO 28008 --- [http-nio-8080-exec-5] c.e.S.ProductCategoryServiceImpl         : ProductCategoryServiceImpl.getAllBySearchProductCategory() invoked with name: null
2025-06-06 17:18:52.181  INFO 28008 --- [http-nio-8080-exec-5] c.e.Service.BL.ProductCategoryServiceBL  : ProductCategoryServiceBL.getAllBySearchProductCategory() invoked with name: null
2025-06-06 17:18:52.182  INFO 28008 --- [http-nio-8080-exec-5] c.e_com.DaoImpl.ProductCategoryDaoImpl   : ProductCategoryDaoImpl.getAllBySearchProductCategory() invoked with name: null
2025-06-06 17:18:52.183  WARN 28008 --- [http-nio-8080-exec-5] org.hibernate.orm.deprecation            : HHH90000022: Hibernate's legacy org.hibernate.Criteria API is deprecated; use the JPA javax.persistence.criteria.CriteriaQuery instead
2025-06-06 17:18:52.212  INFO 28008 --- [http-nio-8080-exec-5] c.e.S.ProductCategoryServiceImpl         : Retrieved ProductCategory details by search.
2025-06-06 17:18:52.217  INFO 28008 --- [http-nio-8080-exec-8] com.e_com.Controller.UserController      : UserController.getUserByEmailAddress() invoked with emailAddress
2025-06-06 17:18:52.218  INFO 28008 --- [http-nio-8080-exec-8] com.e_com.Service.BL.UserServiceBL       : UserServiceBL.getUserByEmailAddress()invoked
2025-06-06 17:18:52.220  WARN 28008 --- [http-nio-8080-exec-8] org.hibernate.orm.deprecation            : HHH90000022: Hibernate's legacy org.hibernate.Criteria API is deprecated; use the JPA javax.persistence.criteria.CriteriaQuery instead
2025-06-06 17:18:52.230  INFO 28008 --- [http-nio-8080-exec-8] com.e_com.ServiceImpl.UserServiceImpl    : user detail retreived successfully.
2025-06-06 17:18:55.446  INFO 28008 --- [http-nio-8080-exec-9] com.e_com.Service.Utils.JwtCustomFilter  : request enter the custom filter
2025-06-06 17:18:55.447  INFO 28008 --- [http-nio-8080-exec-10] com.e_com.Service.Utils.JwtCustomFilter  : request enter the custom filter
2025-06-06 17:18:55.467  INFO 28008 --- [http-nio-8080-exec-9] c.e.ServiceImpl.UserDetailsServiceImpl   : UserDetailsImpl.loadUserByUsername() invoked with username :lathusanthurairajah@codearson.com
2025-06-06 17:18:55.467  INFO 28008 --- [http-nio-8080-exec-10] c.e.ServiceImpl.UserDetailsServiceImpl   : UserDetailsImpl.loadUserByUsername() invoked with username :lathusanthurairajah@codearson.com
2025-06-06 17:18:55.467  INFO 28008 --- [http-nio-8080-exec-9] com.e_com.Service.BL.UserServiceBL       : UserServiceBL.getUserByUserName() invoked
2025-06-06 17:18:55.467  INFO 28008 --- [http-nio-8080-exec-10] com.e_com.Service.BL.UserServiceBL       : UserServiceBL.getUserByUserName() invoked
2025-06-06 17:18:55.467  WARN 28008 --- [http-nio-8080-exec-9] org.hibernate.orm.deprecation            : HHH90000022: Hibernate's legacy org.hibernate.Criteria API is deprecated; use the JPA javax.persistence.criteria.CriteriaQuery instead
2025-06-06 17:18:55.467  WARN 28008 --- [http-nio-8080-exec-10] org.hibernate.orm.deprecation            : HHH90000022: Hibernate's legacy org.hibernate.Criteria API is deprecated; use the JPA javax.persistence.criteria.CriteriaQuery instead
2025-06-06 17:18:55.515  INFO 28008 --- [http-nio-8080-exec-9] c.e.C.ProductCategoryController          : ProductCategoryController.getAllBySearchProductCategory() invoked with name: null
2025-06-06 17:18:55.528  INFO 28008 --- [http-nio-8080-exec-9] c.e.S.ProductCategoryServiceImpl         : ProductCategoryServiceImpl.getAllBySearchProductCategory() invoked with name: null
2025-06-06 17:18:55.534  INFO 28008 --- [http-nio-8080-exec-9] c.e.Service.BL.ProductCategoryServiceBL  : ProductCategoryServiceBL.getAllBySearchProductCategory() invoked with name: null
2025-06-06 17:18:55.559  INFO 28008 --- [http-nio-8080-exec-10] com.e_com.Controller.UserController      : UserController.getUserByEmailAddress() invoked with emailAddress
2025-06-06 17:18:55.560  INFO 28008 --- [http-nio-8080-exec-9] c.e_com.DaoImpl.ProductCategoryDaoImpl   : ProductCategoryDaoImpl.getAllBySearchProductCategory() invoked with name: null
2025-06-06 17:18:55.561  WARN 28008 --- [http-nio-8080-exec-9] org.hibernate.orm.deprecation            : HHH90000022: Hibernate's legacy org.hibernate.Criteria API is deprecated; use the JPA javax.persistence.criteria.CriteriaQuery instead
2025-06-06 17:18:55.561  INFO 28008 --- [http-nio-8080-exec-10] com.e_com.Service.BL.UserServiceBL       : UserServiceBL.getUserByEmailAddress()invoked
2025-06-06 17:18:55.563  WARN 28008 --- [http-nio-8080-exec-10] org.hibernate.orm.deprecation            : HHH90000022: Hibernate's legacy org.hibernate.Criteria API is deprecated; use the JPA javax.persistence.criteria.CriteriaQuery instead
2025-06-06 17:18:55.578  INFO 28008 --- [http-nio-8080-exec-9] c.e.S.ProductCategoryServiceImpl         : Retrieved ProductCategory details by search.
2025-06-06 17:18:55.583  INFO 28008 --- [http-nio-8080-exec-10] com.e_com.ServiceImpl.UserServiceImpl    : user detail retreived successfully.
2025-06-06 17:18:55.620  INFO 28008 --- [http-nio-8080-exec-4] com.e_com.Service.Utils.JwtCustomFilter  : request enter the custom filter
2025-06-06 17:18:55.635  INFO 28008 --- [http-nio-8080-exec-4] c.e.ServiceImpl.UserDetailsServiceImpl   : UserDetailsImpl.loadUserByUsername() invoked with username :lathusanthurairajah@codearson.com
2025-06-06 17:18:55.636  INFO 28008 --- [http-nio-8080-exec-4] com.e_com.Service.BL.UserServiceBL       : UserServiceBL.getUserByUserName() invoked
2025-06-06 17:18:55.643  INFO 28008 --- [http-nio-8080-exec-1] com.e_com.Service.Utils.JwtCustomFilter  : request enter the custom filter
2025-06-06 17:18:55.650  WARN 28008 --- [http-nio-8080-exec-4] org.hibernate.orm.deprecation            : HHH90000022: Hibernate's legacy org.hibernate.Criteria API is deprecated; use the JPA javax.persistence.criteria.CriteriaQuery instead
2025-06-06 17:18:55.683  INFO 28008 --- [http-nio-8080-exec-1] c.e.ServiceImpl.UserDetailsServiceImpl   : UserDetailsImpl.loadUserByUsername() invoked with username :lathusanthurairajah@codearson.com
2025-06-06 17:18:55.683  INFO 28008 --- [http-nio-8080-exec-1] com.e_com.Service.BL.UserServiceBL       : UserServiceBL.getUserByUserName() invoked
2025-06-06 17:18:55.683  WARN 28008 --- [http-nio-8080-exec-1] org.hibernate.orm.deprecation            : HHH90000022: Hibernate's legacy org.hibernate.Criteria API is deprecated; use the JPA javax.persistence.criteria.CriteriaQuery instead
2025-06-06 17:18:55.685  INFO 28008 --- [http-nio-8080-exec-4] c.e.C.ProductCategoryController          : ProductCategoryController.getAllBySearchProductCategory() invoked with name: null
2025-06-06 17:18:55.685  INFO 28008 --- [http-nio-8080-exec-4] c.e.S.ProductCategoryServiceImpl         : ProductCategoryServiceImpl.getAllBySearchProductCategory() invoked with name: null
2025-06-06 17:18:55.685  INFO 28008 --- [http-nio-8080-exec-4] c.e.Service.BL.ProductCategoryServiceBL  : ProductCategoryServiceBL.getAllBySearchProductCategory() invoked with name: null
2025-06-06 17:18:55.686  INFO 28008 --- [http-nio-8080-exec-4] c.e_com.DaoImpl.ProductCategoryDaoImpl   : ProductCategoryDaoImpl.getAllBySearchProductCategory() invoked with name: null
2025-06-06 17:18:55.686  WARN 28008 --- [http-nio-8080-exec-4] org.hibernate.orm.deprecation            : HHH90000022: Hibernate's legacy org.hibernate.Criteria API is deprecated; use the JPA javax.persistence.criteria.CriteriaQuery instead
2025-06-06 17:18:55.699  INFO 28008 --- [http-nio-8080-exec-4] c.e.S.ProductCategoryServiceImpl         : Retrieved ProductCategory details by search.
2025-06-06 17:18:55.745  INFO 28008 --- [http-nio-8080-exec-1] com.e_com.Controller.UserController      : UserController.getUserByEmailAddress() invoked with emailAddress
2025-06-06 17:18:55.746  INFO 28008 --- [http-nio-8080-exec-1] com.e_com.Service.BL.UserServiceBL       : UserServiceBL.getUserByEmailAddress()invoked
2025-06-06 17:18:55.747  WARN 28008 --- [http-nio-8080-exec-1] org.hibernate.orm.deprecation            : HHH90000022: Hibernate's legacy org.hibernate.Criteria API is deprecated; use the JPA javax.persistence.criteria.CriteriaQuery instead
2025-06-06 17:18:55.752  INFO 28008 --- [http-nio-8080-exec-1] com.e_com.ServiceImpl.UserServiceImpl    : user detail retreived successfully.
2025-06-06 17:19:58.611  INFO 28008 --- [http-nio-8080-exec-7] com.e_com.Service.Utils.JwtCustomFilter  : request enter the custom filter
2025-06-06 17:19:58.628  INFO 28008 --- [http-nio-8080-exec-7] c.e.ServiceImpl.UserDetailsServiceImpl   : UserDetailsImpl.loadUserByUsername() invoked with username :lathusanthurairajah@codearson.com
2025-06-06 17:19:58.628  INFO 28008 --- [http-nio-8080-exec-7] com.e_com.Service.BL.UserServiceBL       : UserServiceBL.getUserByUserName() invoked
2025-06-06 17:19:58.629  WARN 28008 --- [http-nio-8080-exec-7] org.hibernate.orm.deprecation            : HHH90000022: Hibernate's legacy org.hibernate.Criteria API is deprecated; use the JPA javax.persistence.criteria.CriteriaQuery instead
2025-06-06 17:19:58.741  INFO 28008 --- [http-nio-8080-exec-7] com.e_com.Controller.ProductController   : ProductController.getAllPageProduct() invoked with pageNumber: 1, pageSize: 10, status: true
2025-06-06 17:19:58.746  INFO 28008 --- [http-nio-8080-exec-7] c.e_com.ServiceImpl.ProductServiceImpl   : ProductServiceImpl.getAllPageProduct() invoked with pageNumber: 1, pageSize: 10, status: true
2025-06-06 17:19:58.747  INFO 28008 --- [http-nio-8080-exec-7] com.e_com.Service.BL.ProductServiceBL    : ProductServiceBL.getAllPageProduct() invoked with pageNumber: 1, pageSize: 10, status: true
2025-06-06 17:19:58.779  INFO 28008 --- [http-nio-8080-exec-7] com.e_com.DaoImpl.ProductDaoImpl         : ProductDaoImpl.getAllPageProduct() invoked with pageNumber: 1, pageSize: 10, status: true
2025-06-06 17:19:58.790  WARN 28008 --- [http-nio-8080-exec-7] org.hibernate.orm.deprecation            : HHH90000022: Hibernate's legacy org.hibernate.Criteria API is deprecated; use the JPA javax.persistence.criteria.CriteriaQuery instead
2025-06-06 17:19:58.812  INFO 28008 --- [http-nio-8080-exec-7] c.e_com.ServiceImpl.ProductServiceImpl   : Unable to retrieve paginated Product details.
2025-06-06 17:21:51.010  INFO 28008 --- [http-nio-8080-exec-4] com.e_com.Service.Utils.JwtCustomFilter  : request enter the custom filter
2025-06-06 17:21:51.024  INFO 28008 --- [http-nio-8080-exec-4] c.e.ServiceImpl.UserDetailsServiceImpl   : UserDetailsImpl.loadUserByUsername() invoked with username :lathusanthurairajah@codearson.com
2025-06-06 17:21:51.024  INFO 28008 --- [http-nio-8080-exec-4] com.e_com.Service.BL.UserServiceBL       : UserServiceBL.getUserByUserName() invoked
2025-06-06 17:21:51.025  WARN 28008 --- [http-nio-8080-exec-4] org.hibernate.orm.deprecation            : HHH90000022: Hibernate's legacy org.hibernate.Criteria API is deprecated; use the JPA javax.persistence.criteria.CriteriaQuery instead
2025-06-06 17:21:51.069  INFO 28008 --- [http-nio-8080-exec-4] com.e_com.Controller.ProductController   : ProductController.getAllPageProduct() invoked with pageNumber: 1, pageSize: 10, status: true
2025-06-06 17:21:51.069  INFO 28008 --- [http-nio-8080-exec-4] c.e_com.ServiceImpl.ProductServiceImpl   : ProductServiceImpl.getAllPageProduct() invoked with pageNumber: 1, pageSize: 10, status: true
2025-06-06 17:21:51.069  INFO 28008 --- [http-nio-8080-exec-4] com.e_com.Service.BL.ProductServiceBL    : ProductServiceBL.getAllPageProduct() invoked with pageNumber: 1, pageSize: 10, status: true
2025-06-06 17:21:51.071  INFO 28008 --- [http-nio-8080-exec-4] com.e_com.DaoImpl.ProductDaoImpl         : ProductDaoImpl.getAllPageProduct() invoked with pageNumber: 1, pageSize: 10, status: true
2025-06-06 17:21:51.075  WARN 28008 --- [http-nio-8080-exec-4] org.hibernate.orm.deprecation            : HHH90000022: Hibernate's legacy org.hibernate.Criteria API is deprecated; use the JPA javax.persistence.criteria.CriteriaQuery instead
2025-06-06 17:21:51.093  INFO 28008 --- [http-nio-8080-exec-4] c.e_com.ServiceImpl.ProductServiceImpl   : Unable to retrieve paginated Product details.
2025-06-06 17:26:00.142  INFO 28008 --- [http-nio-8080-exec-8] com.e_com.Service.Utils.JwtCustomFilter  : request enter the custom filter
2025-06-06 17:26:00.144  INFO 28008 --- [http-nio-8080-exec-5] com.e_com.Service.Utils.JwtCustomFilter  : request enter the custom filter
2025-06-06 17:26:00.154  INFO 28008 --- [http-nio-8080-exec-8] c.e.ServiceImpl.UserDetailsServiceImpl   : UserDetailsImpl.loadUserByUsername() invoked with username :lathusanthurairajah@codearson.com
2025-06-06 17:26:00.154  INFO 28008 --- [http-nio-8080-exec-8] com.e_com.Service.BL.UserServiceBL       : UserServiceBL.getUserByUserName() invoked
2025-06-06 17:26:00.154  WARN 28008 --- [http-nio-8080-exec-8] org.hibernate.orm.deprecation            : HHH90000022: Hibernate's legacy org.hibernate.Criteria API is deprecated; use the JPA javax.persistence.criteria.CriteriaQuery instead
2025-06-06 17:26:00.155  INFO 28008 --- [http-nio-8080-exec-5] c.e.ServiceImpl.UserDetailsServiceImpl   : UserDetailsImpl.loadUserByUsername() invoked with username :lathusanthurairajah@codearson.com
2025-06-06 17:26:00.156  INFO 28008 --- [http-nio-8080-exec-5] com.e_com.Service.BL.UserServiceBL       : UserServiceBL.getUserByUserName() invoked
2025-06-06 17:26:00.156  WARN 28008 --- [http-nio-8080-exec-5] org.hibernate.orm.deprecation            : HHH90000022: Hibernate's legacy org.hibernate.Criteria API is deprecated; use the JPA javax.persistence.criteria.CriteriaQuery instead
2025-06-06 17:26:00.194  INFO 28008 --- [http-nio-8080-exec-8] com.e_com.Controller.UserController      : UserController.getUserByEmailAddress() invoked with emailAddress
2025-06-06 17:26:00.195  INFO 28008 --- [http-nio-8080-exec-8] com.e_com.Service.BL.UserServiceBL       : UserServiceBL.getUserByEmailAddress()invoked
2025-06-06 17:26:00.196  WARN 28008 --- [http-nio-8080-exec-8] org.hibernate.orm.deprecation            : HHH90000022: Hibernate's legacy org.hibernate.Criteria API is deprecated; use the JPA javax.persistence.criteria.CriteriaQuery instead
2025-06-06 17:26:00.196  INFO 28008 --- [http-nio-8080-exec-5] c.e.C.ProductCategoryController          : ProductCategoryController.getAllBySearchProductCategory() invoked with name: null
2025-06-06 17:26:00.196  INFO 28008 --- [http-nio-8080-exec-5] c.e.S.ProductCategoryServiceImpl         : ProductCategoryServiceImpl.getAllBySearchProductCategory() invoked with name: null
2025-06-06 17:26:00.196  INFO 28008 --- [http-nio-8080-exec-5] c.e.Service.BL.ProductCategoryServiceBL  : ProductCategoryServiceBL.getAllBySearchProductCategory() invoked with name: null
2025-06-06 17:26:00.199  INFO 28008 --- [http-nio-8080-exec-5] c.e_com.DaoImpl.ProductCategoryDaoImpl   : ProductCategoryDaoImpl.getAllBySearchProductCategory() invoked with name: null
2025-06-06 17:26:00.199  WARN 28008 --- [http-nio-8080-exec-5] org.hibernate.orm.deprecation            : HHH90000022: Hibernate's legacy org.hibernate.Criteria API is deprecated; use the JPA javax.persistence.criteria.CriteriaQuery instead
2025-06-06 17:26:00.210  INFO 28008 --- [http-nio-8080-exec-5] c.e.S.ProductCategoryServiceImpl         : Retrieved ProductCategory details by search.
2025-06-06 17:26:00.220  INFO 28008 --- [http-nio-8080-exec-8] com.e_com.ServiceImpl.UserServiceImpl    : user detail retreived successfully.
2025-06-06 17:26:00.231  INFO 28008 --- [http-nio-8080-exec-6] com.e_com.Service.Utils.JwtCustomFilter  : request enter the custom filter
2025-06-06 17:26:00.238  INFO 28008 --- [http-nio-8080-exec-7] com.e_com.Service.Utils.JwtCustomFilter  : request enter the custom filter
2025-06-06 17:26:00.244  INFO 28008 --- [http-nio-8080-exec-6] c.e.ServiceImpl.UserDetailsServiceImpl   : UserDetailsImpl.loadUserByUsername() invoked with username :lathusanthurairajah@codearson.com
2025-06-06 17:26:00.244  INFO 28008 --- [http-nio-8080-exec-6] com.e_com.Service.BL.UserServiceBL       : UserServiceBL.getUserByUserName() invoked
2025-06-06 17:26:00.245  WARN 28008 --- [http-nio-8080-exec-6] org.hibernate.orm.deprecation            : HHH90000022: Hibernate's legacy org.hibernate.Criteria API is deprecated; use the JPA javax.persistence.criteria.CriteriaQuery instead
2025-06-06 17:26:00.258  INFO 28008 --- [http-nio-8080-exec-7] c.e.ServiceImpl.UserDetailsServiceImpl   : UserDetailsImpl.loadUserByUsername() invoked with username :lathusanthurairajah@codearson.com
2025-06-06 17:26:00.258  INFO 28008 --- [http-nio-8080-exec-7] com.e_com.Service.BL.UserServiceBL       : UserServiceBL.getUserByUserName() invoked
2025-06-06 17:26:00.259  WARN 28008 --- [http-nio-8080-exec-7] org.hibernate.orm.deprecation            : HHH90000022: Hibernate's legacy org.hibernate.Criteria API is deprecated; use the JPA javax.persistence.criteria.CriteriaQuery instead
2025-06-06 17:26:00.288  INFO 28008 --- [http-nio-8080-exec-6] c.e.C.ProductCategoryController          : ProductCategoryController.getAllBySearchProductCategory() invoked with name: null
2025-06-06 17:26:00.288  INFO 28008 --- [http-nio-8080-exec-6] c.e.S.ProductCategoryServiceImpl         : ProductCategoryServiceImpl.getAllBySearchProductCategory() invoked with name: null
2025-06-06 17:26:00.289  INFO 28008 --- [http-nio-8080-exec-6] c.e.Service.BL.ProductCategoryServiceBL  : ProductCategoryServiceBL.getAllBySearchProductCategory() invoked with name: null
2025-06-06 17:26:00.290  INFO 28008 --- [http-nio-8080-exec-6] c.e_com.DaoImpl.ProductCategoryDaoImpl   : ProductCategoryDaoImpl.getAllBySearchProductCategory() invoked with name: null
2025-06-06 17:26:00.290  WARN 28008 --- [http-nio-8080-exec-6] org.hibernate.orm.deprecation            : HHH90000022: Hibernate's legacy org.hibernate.Criteria API is deprecated; use the JPA javax.persistence.criteria.CriteriaQuery instead
2025-06-06 17:26:00.290  INFO 28008 --- [http-nio-8080-exec-7] com.e_com.Controller.UserController      : UserController.getUserByEmailAddress() invoked with emailAddress
2025-06-06 17:26:00.290  INFO 28008 --- [http-nio-8080-exec-7] com.e_com.Service.BL.UserServiceBL       : UserServiceBL.getUserByEmailAddress()invoked
2025-06-06 17:26:00.291  WARN 28008 --- [http-nio-8080-exec-7] org.hibernate.orm.deprecation            : HHH90000022: Hibernate's legacy org.hibernate.Criteria API is deprecated; use the JPA javax.persistence.criteria.CriteriaQuery instead
2025-06-06 17:26:00.297  INFO 28008 --- [http-nio-8080-exec-7] com.e_com.ServiceImpl.UserServiceImpl    : user detail retreived successfully.
2025-06-06 17:26:00.303  INFO 28008 --- [http-nio-8080-exec-6] c.e.S.ProductCategoryServiceImpl         : Retrieved ProductCategory details by search.
2025-06-06 17:27:38.599  INFO 28008 --- [http-nio-8080-exec-1] com.e_com.Service.Utils.JwtCustomFilter  : request enter the custom filter
2025-06-06 17:27:38.604  INFO 28008 --- [http-nio-8080-exec-1] c.e.ServiceImpl.UserDetailsServiceImpl   : UserDetailsImpl.loadUserByUsername() invoked with username :lathusanthurairajah@codearson.com
2025-06-06 17:27:38.604  INFO 28008 --- [http-nio-8080-exec-1] com.e_com.Service.BL.UserServiceBL       : UserServiceBL.getUserByUserName() invoked
2025-06-06 17:27:38.605  WARN 28008 --- [http-nio-8080-exec-1] org.hibernate.orm.deprecation            : HHH90000022: Hibernate's legacy org.hibernate.Criteria API is deprecated; use the JPA javax.persistence.criteria.CriteriaQuery instead
2025-06-06 17:27:38.617  INFO 28008 --- [http-nio-8080-exec-1] com.e_com.Controller.ProductController   : ProductController.getAllPageProduct() invoked with pageNumber: 1, pageSize: 10, status: true
2025-06-06 17:27:38.617  INFO 28008 --- [http-nio-8080-exec-1] c.e_com.ServiceImpl.ProductServiceImpl   : ProductServiceImpl.getAllPageProduct() invoked with pageNumber: 1, pageSize: 10, status: true
2025-06-06 17:27:38.618  INFO 28008 --- [http-nio-8080-exec-1] com.e_com.Service.BL.ProductServiceBL    : ProductServiceBL.getAllPageProduct() invoked with pageNumber: 1, pageSize: 10, status: true
2025-06-06 17:27:38.619  INFO 28008 --- [http-nio-8080-exec-1] com.e_com.DaoImpl.ProductDaoImpl         : ProductDaoImpl.getAllPageProduct() invoked with pageNumber: 1, pageSize: 10, status: true
2025-06-06 17:27:38.620  WARN 28008 --- [http-nio-8080-exec-1] org.hibernate.orm.deprecation            : HHH90000022: Hibernate's legacy org.hibernate.Criteria API is deprecated; use the JPA javax.persistence.criteria.CriteriaQuery instead
2025-06-06 17:27:38.625  INFO 28008 --- [http-nio-8080-exec-1] c.e_com.ServiceImpl.ProductServiceImpl   : Unable to retrieve paginated Product details.
2025-06-06 17:27:43.091  INFO 28008 --- [http-nio-8080-exec-3] com.e_com.Service.Utils.JwtCustomFilter  : request enter the custom filter
2025-06-06 17:27:43.093  INFO 28008 --- [http-nio-8080-exec-3] c.e.ServiceImpl.UserDetailsServiceImpl   : UserDetailsImpl.loadUserByUsername() invoked with username :lathusanthurairajah@codearson.com
2025-06-06 17:27:43.093  INFO 28008 --- [http-nio-8080-exec-3] com.e_com.Service.BL.UserServiceBL       : UserServiceBL.getUserByUserName() invoked
2025-06-06 17:27:43.093  WARN 28008 --- [http-nio-8080-exec-3] org.hibernate.orm.deprecation            : HHH90000022: Hibernate's legacy org.hibernate.Criteria API is deprecated; use the JPA javax.persistence.criteria.CriteriaQuery instead
2025-06-06 17:27:48.253  INFO 28008 --- [http-nio-8080-exec-2] com.e_com.Service.Utils.JwtCustomFilter  : request enter the custom filter
2025-06-06 17:27:48.260  INFO 28008 --- [http-nio-8080-exec-2] c.e.ServiceImpl.UserDetailsServiceImpl   : UserDetailsImpl.loadUserByUsername() invoked with username :lathusanthurairajah@codearson.com
2025-06-06 17:27:48.261  INFO 28008 --- [http-nio-8080-exec-2] com.e_com.Service.BL.UserServiceBL       : UserServiceBL.getUserByUserName() invoked
2025-06-06 17:27:48.262  WARN 28008 --- [http-nio-8080-exec-2] org.hibernate.orm.deprecation            : HHH90000022: Hibernate's legacy org.hibernate.Criteria API is deprecated; use the JPA javax.persistence.criteria.CriteriaQuery instead
2025-06-06 17:27:48.278  INFO 28008 --- [http-nio-8080-exec-2] com.e_com.Controller.ProductController   : ProductController.getAllPageProduct() invoked with pageNumber: 1, pageSize: 10, status: true
2025-06-06 17:27:48.278  INFO 28008 --- [http-nio-8080-exec-2] c.e_com.ServiceImpl.ProductServiceImpl   : ProductServiceImpl.getAllPageProduct() invoked with pageNumber: 1, pageSize: 10, status: true
2025-06-06 17:27:48.278  INFO 28008 --- [http-nio-8080-exec-2] com.e_com.Service.BL.ProductServiceBL    : ProductServiceBL.getAllPageProduct() invoked with pageNumber: 1, pageSize: 10, status: true
2025-06-06 17:27:48.278  INFO 28008 --- [http-nio-8080-exec-2] com.e_com.DaoImpl.ProductDaoImpl         : ProductDaoImpl.getAllPageProduct() invoked with pageNumber: 1, pageSize: 10, status: true
2025-06-06 17:27:48.280  WARN 28008 --- [http-nio-8080-exec-2] org.hibernate.orm.deprecation            : HHH90000022: Hibernate's legacy org.hibernate.Criteria API is deprecated; use the JPA javax.persistence.criteria.CriteriaQuery instead
2025-06-06 17:27:48.284  INFO 28008 --- [http-nio-8080-exec-2] c.e_com.ServiceImpl.ProductServiceImpl   : Unable to retrieve paginated Product details.
2025-06-06 17:40:18.480  INFO 28008 --- [RMI TCP Connection(212)-127.0.0.1] inMXBeanRegistrar$SpringApplicationAdmin : Application shutdown requested.
2025-06-06 17:40:18.502  INFO 28008 --- [RMI TCP Connection(212)-127.0.0.1] j.LocalContainerEntityManagerFactoryBean : Closing JPA EntityManagerFactory for persistence unit 'default'
2025-06-06 17:40:18.503  INFO 28008 --- [RMI TCP Connection(212)-127.0.0.1] com.zaxxer.hikari.HikariDataSource       : HikariPool-7 - Shutdown initiated...
2025-06-06 17:40:18.505  INFO 28008 --- [RMI TCP Connection(212)-127.0.0.1] com.zaxxer.hikari.HikariDataSource       : HikariPool-7 - Shutdown completed.
2025-06-06 17:40:30.849  INFO 21908 --- [restartedMain] com.e_com.EComApplication                : Starting EComApplication using Java 21.0.6 on Mshrf02 with PID 21908 (C:\Codearson\E-com Sources\e_com_be\target\classes started by Inazawa Electronics in C:\Codearson\E-com Sources\e_com_be)
2025-06-06 17:40:30.852  INFO 21908 --- [restartedMain] com.e_com.EComApplication                : The following profiles are active: dev
2025-06-06 17:40:30.932  INFO 21908 --- [restartedMain] .e.DevToolsPropertyDefaultsPostProcessor : Devtools property defaults active! Set 'spring.devtools.add-properties' to 'false' to disable
2025-06-06 17:40:30.932  INFO 21908 --- [restartedMain] .e.DevToolsPropertyDefaultsPostProcessor : For additional web related logging consider setting the 'logging.level.web' property to 'DEBUG'
2025-06-06 17:40:35.964  INFO 21908 --- [restartedMain] .s.d.r.c.RepositoryConfigurationDelegate : Bootstrapping Spring Data JPA repositories in DEFAULT mode.
2025-06-06 17:40:36.023  INFO 21908 --- [restartedMain] .s.d.r.c.RepositoryConfigurationDelegate : Finished Spring Data repository scanning in 37 ms. Found 0 JPA repository interfaces.
2025-06-06 17:40:37.804  INFO 21908 --- [restartedMain] o.s.b.w.embedded.tomcat.TomcatWebServer  : Tomcat initialized with port(s): 8080 (http)
2025-06-06 17:40:37.826  INFO 21908 --- [restartedMain] o.apache.catalina.core.StandardService   : Starting service [Tomcat]
2025-06-06 17:40:37.826  INFO 21908 --- [restartedMain] org.apache.catalina.core.StandardEngine  : Starting Servlet engine: [Apache Tomcat/9.0.55]
2025-06-06 17:40:38.003  INFO 21908 --- [restartedMain] o.a.c.c.C.[Tomcat].[localhost].[/]       : Initializing Spring embedded WebApplicationContext
2025-06-06 17:40:38.003  INFO 21908 --- [restartedMain] w.s.c.ServletWebServerApplicationContext : Root WebApplicationContext: initialization completed in 7070 ms
2025-06-06 17:40:38.341  INFO 21908 --- [restartedMain] o.hibernate.jpa.internal.util.LogHelper  : HHH000204: Processing PersistenceUnitInfo [name: default]
2025-06-06 17:40:38.437  INFO 21908 --- [restartedMain] org.hibernate.Version                    : HHH000412: Hibernate ORM core version 5.6.1.Final
2025-06-06 17:40:38.718  INFO 21908 --- [restartedMain] o.hibernate.annotations.common.Version   : HCANN000001: Hibernate Commons Annotations {5.1.2.Final}
2025-06-06 17:40:38.964  INFO 21908 --- [restartedMain] com.zaxxer.hikari.HikariDataSource       : HikariPool-1 - Starting...
2025-06-06 17:40:39.271  INFO 21908 --- [restartedMain] com.zaxxer.hikari.HikariDataSource       : HikariPool-1 - Start completed.
2025-06-06 17:40:39.304  INFO 21908 --- [restartedMain] org.hibernate.dialect.Dialect            : HHH000400: Using dialect: org.hibernate.dialect.MySQL5InnoDBDialect
2025-06-06 17:40:40.817  INFO 21908 --- [restartedMain] o.h.e.t.j.p.i.JtaPlatformInitiator       : HHH000490: Using JtaPlatform implementation: [org.hibernate.engine.transaction.jta.platform.internal.NoJtaPlatform]
2025-06-06 17:40:40.831  INFO 21908 --- [restartedMain] j.LocalContainerEntityManagerFactoryBean : Initialized JPA EntityManagerFactory for persistence unit 'default'
2025-06-06 17:40:42.375  INFO 21908 --- [restartedMain] o.s.s.web.DefaultSecurityFilterChain     : Will secure any request with [org.springframework.security.web.context.request.async.WebAsyncManagerIntegrationFilter@1aec69ba, org.springframework.security.web.context.SecurityContextPersistenceFilter@5d5ce34, org.springframework.security.web.header.HeaderWriterFilter@18cc3a7b, org.springframework.web.filter.CorsFilter@346b2d6c, org.springframework.security.web.authentication.logout.LogoutFilter@41e85717, com.e_com.Service.Utils.JwtCustomFilter@3750e364, org.springframework.security.web.savedrequest.RequestCacheAwareFilter@5de09f9b, org.springframework.security.web.servletapi.SecurityContextHolderAwareRequestFilter@623f2048, org.springframework.security.web.authentication.AnonymousAuthenticationFilter@7d3fac30, org.springframework.security.web.session.SessionManagementFilter@6a3babe9, org.springframework.security.web.access.ExceptionTranslationFilter@76747635, org.springframework.security.web.access.intercept.AuthorizationFilter@338f525b]
2025-06-06 17:40:42.723  INFO 21908 --- [restartedMain] o.s.b.d.a.OptionalLiveReloadServer       : LiveReload server is running on port 35729
2025-06-06 17:40:42.827  INFO 21908 --- [restartedMain] o.s.b.w.embedded.tomcat.TomcatWebServer  : Tomcat started on port(s): 8080 (http) with context path ''
2025-06-06 17:40:42.839  INFO 21908 --- [restartedMain] com.e_com.EComApplication                : Started EComApplication in 12.848 seconds (JVM running for 16.188)
2025-06-06 17:40:48.137  INFO 21908 --- [http-nio-8080-exec-1] o.a.c.c.C.[Tomcat].[localhost].[/]       : Initializing Spring DispatcherServlet 'dispatcherServlet'
2025-06-06 17:40:48.138  INFO 21908 --- [http-nio-8080-exec-1] o.s.web.servlet.DispatcherServlet        : Initializing Servlet 'dispatcherServlet'
2025-06-06 17:40:48.141  INFO 21908 --- [http-nio-8080-exec-1] o.s.web.servlet.DispatcherServlet        : Completed initialization in 3 ms
2025-06-06 17:40:48.169  INFO 21908 --- [http-nio-8080-exec-1] com.e_com.Service.Utils.JwtCustomFilter  : request enter the custom filter
2025-06-06 17:40:48.418  INFO 21908 --- [http-nio-8080-exec-1] c.e.ServiceImpl.UserDetailsServiceImpl   : UserDetailsImpl.loadUserByUsername() invoked with username :lathusanthurairajah@codearson.com
2025-06-06 17:40:48.420  INFO 21908 --- [http-nio-8080-exec-1] com.e_com.Service.BL.UserServiceBL       : UserServiceBL.getUserByUserName() invoked
2025-06-06 17:40:48.436  WARN 21908 --- [http-nio-8080-exec-1] org.hibernate.orm.deprecation            : HHH90000022: Hibernate's legacy org.hibernate.Criteria API is deprecated; use the JPA javax.persistence.criteria.CriteriaQuery instead
2025-06-06 17:40:48.605  INFO 21908 --- [http-nio-8080-exec-1] com.e_com.Controller.ProductController   : ProductController.getAllPageProduct() invoked with pageNumber: 1, pageSize: 10, status: true
2025-06-06 17:40:48.608  INFO 21908 --- [http-nio-8080-exec-1] c.e_com.ServiceImpl.ProductServiceImpl   : ProductServiceImpl.getAllPageProduct() invoked with pageNumber: 1, pageSize: 10, status: true
2025-06-06 17:40:48.610  INFO 21908 --- [http-nio-8080-exec-1] com.e_com.Service.BL.ProductServiceBL    : ProductServiceBL.getAllPageProduct() invoked with pageNumber: 1, pageSize: 10, status: true
2025-06-06 17:40:48.625  INFO 21908 --- [http-nio-8080-exec-1] com.e_com.DaoImpl.ProductDaoImpl         : ProductDaoImpl.getAllPageProduct() invoked with pageNumber: 1, pageSize: 10, status: true
2025-06-06 17:40:48.647  WARN 21908 --- [http-nio-8080-exec-1] org.hibernate.orm.deprecation            : HHH90000022: Hibernate's legacy org.hibernate.Criteria API is deprecated; use the JPA javax.persistence.criteria.CriteriaQuery instead
2025-06-06 17:40:48.685  INFO 21908 --- [http-nio-8080-exec-1] c.e_com.ServiceImpl.ProductServiceImpl   : Retrieved paginated Product details.
2025-06-06 17:41:28.475  INFO 21908 --- [http-nio-8080-exec-3] com.e_com.Service.Utils.JwtCustomFilter  : request enter the custom filter
2025-06-06 17:41:28.475  INFO 21908 --- [http-nio-8080-exec-4] com.e_com.Service.Utils.JwtCustomFilter  : request enter the custom filter
2025-06-06 17:41:28.486  INFO 21908 --- [http-nio-8080-exec-4] c.e.ServiceImpl.UserDetailsServiceImpl   : UserDetailsImpl.loadUserByUsername() invoked with username :lathusanthurairajah@codearson.com
2025-06-06 17:41:28.486  INFO 21908 --- [http-nio-8080-exec-3] c.e.ServiceImpl.UserDetailsServiceImpl   : UserDetailsImpl.loadUserByUsername() invoked with username :lathusanthurairajah@codearson.com
2025-06-06 17:41:28.487  INFO 21908 --- [http-nio-8080-exec-4] com.e_com.Service.BL.UserServiceBL       : UserServiceBL.getUserByUserName() invoked
2025-06-06 17:41:28.487  INFO 21908 --- [http-nio-8080-exec-3] com.e_com.Service.BL.UserServiceBL       : UserServiceBL.getUserByUserName() invoked
2025-06-06 17:41:28.487  WARN 21908 --- [http-nio-8080-exec-4] org.hibernate.orm.deprecation            : HHH90000022: Hibernate's legacy org.hibernate.Criteria API is deprecated; use the JPA javax.persistence.criteria.CriteriaQuery instead
2025-06-06 17:41:28.488  WARN 21908 --- [http-nio-8080-exec-3] org.hibernate.orm.deprecation            : HHH90000022: Hibernate's legacy org.hibernate.Criteria API is deprecated; use the JPA javax.persistence.criteria.CriteriaQuery instead
2025-06-06 17:41:28.527  INFO 21908 --- [http-nio-8080-exec-3] com.e_com.Controller.UserController      : UserController.getUserByEmailAddress() invoked with emailAddress
2025-06-06 17:41:28.527  INFO 21908 --- [http-nio-8080-exec-4] c.e.C.ProductCategoryController          : ProductCategoryController.getAllBySearchProductCategory() invoked with name: null
2025-06-06 17:41:28.528  INFO 21908 --- [http-nio-8080-exec-4] c.e.S.ProductCategoryServiceImpl         : ProductCategoryServiceImpl.getAllBySearchProductCategory() invoked with name: null
2025-06-06 17:41:28.528  INFO 21908 --- [http-nio-8080-exec-4] c.e.Service.BL.ProductCategoryServiceBL  : ProductCategoryServiceBL.getAllBySearchProductCategory() invoked with name: null
2025-06-06 17:41:28.533  INFO 21908 --- [http-nio-8080-exec-3] com.e_com.Service.BL.UserServiceBL       : UserServiceBL.getUserByEmailAddress()invoked
2025-06-06 17:41:28.535  INFO 21908 --- [http-nio-8080-exec-4] c.e_com.DaoImpl.ProductCategoryDaoImpl   : ProductCategoryDaoImpl.getAllBySearchProductCategory() invoked with name: null
2025-06-06 17:41:28.535  WARN 21908 --- [http-nio-8080-exec-4] org.hibernate.orm.deprecation            : HHH90000022: Hibernate's legacy org.hibernate.Criteria API is deprecated; use the JPA javax.persistence.criteria.CriteriaQuery instead
2025-06-06 17:41:28.537  WARN 21908 --- [http-nio-8080-exec-3] org.hibernate.orm.deprecation            : HHH90000022: Hibernate's legacy org.hibernate.Criteria API is deprecated; use the JPA javax.persistence.criteria.CriteriaQuery instead
2025-06-06 17:41:28.542  INFO 21908 --- [http-nio-8080-exec-3] com.e_com.ServiceImpl.UserServiceImpl    : user detail retreived successfully.
2025-06-06 17:41:28.563  INFO 21908 --- [http-nio-8080-exec-7] com.e_com.Service.Utils.JwtCustomFilter  : request enter the custom filter
2025-06-06 17:41:28.570  INFO 21908 --- [http-nio-8080-exec-7] c.e.ServiceImpl.UserDetailsServiceImpl   : UserDetailsImpl.loadUserByUsername() invoked with username :lathusanthurairajah@codearson.com
2025-06-06 17:41:28.572  INFO 21908 --- [http-nio-8080-exec-7] com.e_com.Service.BL.UserServiceBL       : UserServiceBL.getUserByUserName() invoked
2025-06-06 17:41:28.572  WARN 21908 --- [http-nio-8080-exec-7] org.hibernate.orm.deprecation            : HHH90000022: Hibernate's legacy org.hibernate.Criteria API is deprecated; use the JPA javax.persistence.criteria.CriteriaQuery instead
2025-06-06 17:41:28.582  INFO 21908 --- [http-nio-8080-exec-4] c.e.S.ProductCategoryServiceImpl         : Retrieved ProductCategory details by search.
2025-06-06 17:41:28.588  INFO 21908 --- [http-nio-8080-exec-7] com.e_com.Controller.UserController      : UserController.getUserByEmailAddress() invoked with emailAddress
2025-06-06 17:41:28.589  INFO 21908 --- [http-nio-8080-exec-7] com.e_com.Service.BL.UserServiceBL       : UserServiceBL.getUserByEmailAddress()invoked
2025-06-06 17:41:28.589  WARN 21908 --- [http-nio-8080-exec-7] org.hibernate.orm.deprecation            : HHH90000022: Hibernate's legacy org.hibernate.Criteria API is deprecated; use the JPA javax.persistence.criteria.CriteriaQuery instead
2025-06-06 17:41:28.593  INFO 21908 --- [http-nio-8080-exec-8] com.e_com.Service.Utils.JwtCustomFilter  : request enter the custom filter
2025-06-06 17:41:28.595  INFO 21908 --- [http-nio-8080-exec-7] com.e_com.ServiceImpl.UserServiceImpl    : user detail retreived successfully.
2025-06-06 17:41:28.597  INFO 21908 --- [http-nio-8080-exec-8] c.e.ServiceImpl.UserDetailsServiceImpl   : UserDetailsImpl.loadUserByUsername() invoked with username :lathusanthurairajah@codearson.com
2025-06-06 17:41:28.598  INFO 21908 --- [http-nio-8080-exec-8] com.e_com.Service.BL.UserServiceBL       : UserServiceBL.getUserByUserName() invoked
2025-06-06 17:41:28.598  WARN 21908 --- [http-nio-8080-exec-8] org.hibernate.orm.deprecation            : HHH90000022: Hibernate's legacy org.hibernate.Criteria API is deprecated; use the JPA javax.persistence.criteria.CriteriaQuery instead
2025-06-06 17:41:28.612  INFO 21908 --- [http-nio-8080-exec-8] c.e.C.ProductCategoryController          : ProductCategoryController.getAllBySearchProductCategory() invoked with name: null
2025-06-06 17:41:28.612  INFO 21908 --- [http-nio-8080-exec-8] c.e.S.ProductCategoryServiceImpl         : ProductCategoryServiceImpl.getAllBySearchProductCategory() invoked with name: null
2025-06-06 17:41:28.612  INFO 21908 --- [http-nio-8080-exec-8] c.e.Service.BL.ProductCategoryServiceBL  : ProductCategoryServiceBL.getAllBySearchProductCategory() invoked with name: null
2025-06-06 17:41:28.613  INFO 21908 --- [http-nio-8080-exec-8] c.e_com.DaoImpl.ProductCategoryDaoImpl   : ProductCategoryDaoImpl.getAllBySearchProductCategory() invoked with name: null
2025-06-06 17:41:28.614  WARN 21908 --- [http-nio-8080-exec-8] org.hibernate.orm.deprecation            : HHH90000022: Hibernate's legacy org.hibernate.Criteria API is deprecated; use the JPA javax.persistence.criteria.CriteriaQuery instead
2025-06-06 17:41:28.629  INFO 21908 --- [http-nio-8080-exec-8] c.e.S.ProductCategoryServiceImpl         : Retrieved ProductCategory details by search.
2025-06-06 17:41:31.063  INFO 21908 --- [http-nio-8080-exec-9] com.e_com.Service.Utils.JwtCustomFilter  : request enter the custom filter
2025-06-06 17:41:31.076  INFO 21908 --- [http-nio-8080-exec-2] com.e_com.Service.Utils.JwtCustomFilter  : request enter the custom filter
2025-06-06 17:41:31.092  INFO 21908 --- [http-nio-8080-exec-2] c.e.ServiceImpl.UserDetailsServiceImpl   : UserDetailsImpl.loadUserByUsername() invoked with username :lathusanthurairajah@codearson.com
2025-06-06 17:41:31.092  INFO 21908 --- [http-nio-8080-exec-2] com.e_com.Service.BL.UserServiceBL       : UserServiceBL.getUserByUserName() invoked
2025-06-06 17:41:31.092  WARN 21908 --- [http-nio-8080-exec-2] org.hibernate.orm.deprecation            : HHH90000022: Hibernate's legacy org.hibernate.Criteria API is deprecated; use the JPA javax.persistence.criteria.CriteriaQuery instead
2025-06-06 17:41:31.100  INFO 21908 --- [http-nio-8080-exec-9] c.e.ServiceImpl.UserDetailsServiceImpl   : UserDetailsImpl.loadUserByUsername() invoked with username :lathusanthurairajah@codearson.com
2025-06-06 17:41:31.100  INFO 21908 --- [http-nio-8080-exec-9] com.e_com.Service.BL.UserServiceBL       : UserServiceBL.getUserByUserName() invoked
2025-06-06 17:41:31.101  WARN 21908 --- [http-nio-8080-exec-9] org.hibernate.orm.deprecation            : HHH90000022: Hibernate's legacy org.hibernate.Criteria API is deprecated; use the JPA javax.persistence.criteria.CriteriaQuery instead
2025-06-06 17:41:31.110  INFO 21908 --- [http-nio-8080-exec-2] c.e.C.ProductCategoryController          : ProductCategoryController.getAllBySearchProductCategory() invoked with name: null
2025-06-06 17:41:31.110  INFO 21908 --- [http-nio-8080-exec-2] c.e.S.ProductCategoryServiceImpl         : ProductCategoryServiceImpl.getAllBySearchProductCategory() invoked with name: null
2025-06-06 17:41:31.110  INFO 21908 --- [http-nio-8080-exec-2] c.e.Service.BL.ProductCategoryServiceBL  : ProductCategoryServiceBL.getAllBySearchProductCategory() invoked with name: null
2025-06-06 17:41:31.112  INFO 21908 --- [http-nio-8080-exec-2] c.e_com.DaoImpl.ProductCategoryDaoImpl   : ProductCategoryDaoImpl.getAllBySearchProductCategory() invoked with name: null
2025-06-06 17:41:31.112  WARN 21908 --- [http-nio-8080-exec-2] org.hibernate.orm.deprecation            : HHH90000022: Hibernate's legacy org.hibernate.Criteria API is deprecated; use the JPA javax.persistence.criteria.CriteriaQuery instead
2025-06-06 17:41:31.119  INFO 21908 --- [http-nio-8080-exec-9] com.e_com.Controller.UserController      : UserController.getUserByEmailAddress() invoked with emailAddress
2025-06-06 17:41:31.120  INFO 21908 --- [http-nio-8080-exec-9] com.e_com.Service.BL.UserServiceBL       : UserServiceBL.getUserByEmailAddress()invoked
2025-06-06 17:41:31.121  WARN 21908 --- [http-nio-8080-exec-9] org.hibernate.orm.deprecation            : HHH90000022: Hibernate's legacy org.hibernate.Criteria API is deprecated; use the JPA javax.persistence.criteria.CriteriaQuery instead
2025-06-06 17:41:31.124  INFO 21908 --- [http-nio-8080-exec-2] c.e.S.ProductCategoryServiceImpl         : Retrieved ProductCategory details by search.
2025-06-06 17:41:31.126  INFO 21908 --- [http-nio-8080-exec-9] com.e_com.ServiceImpl.UserServiceImpl    : user detail retreived successfully.
2025-06-06 17:41:31.132  INFO 21908 --- [http-nio-8080-exec-6] com.e_com.Service.Utils.JwtCustomFilter  : request enter the custom filter
2025-06-06 17:41:31.133  INFO 21908 --- [http-nio-8080-exec-5] com.e_com.Service.Utils.JwtCustomFilter  : request enter the custom filter
2025-06-06 17:41:31.135  INFO 21908 --- [http-nio-8080-exec-6] c.e.ServiceImpl.UserDetailsServiceImpl   : UserDetailsImpl.loadUserByUsername() invoked with username :lathusanthurairajah@codearson.com
2025-06-06 17:41:31.135  INFO 21908 --- [http-nio-8080-exec-6] com.e_com.Service.BL.UserServiceBL       : UserServiceBL.getUserByUserName() invoked
2025-06-06 17:41:31.137  WARN 21908 --- [http-nio-8080-exec-6] org.hibernate.orm.deprecation            : HHH90000022: Hibernate's legacy org.hibernate.Criteria API is deprecated; use the JPA javax.persistence.criteria.CriteriaQuery instead
2025-06-06 17:41:31.139  INFO 21908 --- [http-nio-8080-exec-5] c.e.ServiceImpl.UserDetailsServiceImpl   : UserDetailsImpl.loadUserByUsername() invoked with username :lathusanthurairajah@codearson.com
2025-06-06 17:41:31.140  INFO 21908 --- [http-nio-8080-exec-5] com.e_com.Service.BL.UserServiceBL       : UserServiceBL.getUserByUserName() invoked
2025-06-06 17:41:31.140  WARN 21908 --- [http-nio-8080-exec-5] org.hibernate.orm.deprecation            : HHH90000022: Hibernate's legacy org.hibernate.Criteria API is deprecated; use the JPA javax.persistence.criteria.CriteriaQuery instead
2025-06-06 17:41:31.151  INFO 21908 --- [http-nio-8080-exec-6] c.e.C.ProductCategoryController          : ProductCategoryController.getAllBySearchProductCategory() invoked with name: null
2025-06-06 17:41:31.151  INFO 21908 --- [http-nio-8080-exec-6] c.e.S.ProductCategoryServiceImpl         : ProductCategoryServiceImpl.getAllBySearchProductCategory() invoked with name: null
2025-06-06 17:41:31.151  INFO 21908 --- [http-nio-8080-exec-6] c.e.Service.BL.ProductCategoryServiceBL  : ProductCategoryServiceBL.getAllBySearchProductCategory() invoked with name: null
2025-06-06 17:41:31.152  INFO 21908 --- [http-nio-8080-exec-6] c.e_com.DaoImpl.ProductCategoryDaoImpl   : ProductCategoryDaoImpl.getAllBySearchProductCategory() invoked with name: null
2025-06-06 17:41:31.152  WARN 21908 --- [http-nio-8080-exec-6] org.hibernate.orm.deprecation            : HHH90000022: Hibernate's legacy org.hibernate.Criteria API is deprecated; use the JPA javax.persistence.criteria.CriteriaQuery instead
2025-06-06 17:41:31.154  INFO 21908 --- [http-nio-8080-exec-5] com.e_com.Controller.UserController      : UserController.getUserByEmailAddress() invoked with emailAddress
2025-06-06 17:41:31.155  INFO 21908 --- [http-nio-8080-exec-5] com.e_com.Service.BL.UserServiceBL       : UserServiceBL.getUserByEmailAddress()invoked
2025-06-06 17:41:31.156  WARN 21908 --- [http-nio-8080-exec-5] org.hibernate.orm.deprecation            : HHH90000022: Hibernate's legacy org.hibernate.Criteria API is deprecated; use the JPA javax.persistence.criteria.CriteriaQuery instead
2025-06-06 17:41:31.159  INFO 21908 --- [http-nio-8080-exec-5] com.e_com.ServiceImpl.UserServiceImpl    : user detail retreived successfully.
2025-06-06 17:41:31.161  INFO 21908 --- [http-nio-8080-exec-6] c.e.S.ProductCategoryServiceImpl         : Retrieved ProductCategory details by search.
2025-06-06 17:41:46.832  INFO 21908 --- [http-nio-8080-exec-7] com.e_com.Service.Utils.JwtCustomFilter  : request enter the custom filter
2025-06-06 17:41:46.833  INFO 21908 --- [http-nio-8080-exec-4] com.e_com.Service.Utils.JwtCustomFilter  : request enter the custom filter
2025-06-06 17:41:46.840  INFO 21908 --- [http-nio-8080-exec-7] c.e.ServiceImpl.UserDetailsServiceImpl   : UserDetailsImpl.loadUserByUsername() invoked with username :lathusanthurairajah@codearson.com
2025-06-06 17:41:46.840  INFO 21908 --- [http-nio-8080-exec-7] com.e_com.Service.BL.UserServiceBL       : UserServiceBL.getUserByUserName() invoked
2025-06-06 17:41:46.842  WARN 21908 --- [http-nio-8080-exec-7] org.hibernate.orm.deprecation            : HHH90000022: Hibernate's legacy org.hibernate.Criteria API is deprecated; use the JPA javax.persistence.criteria.CriteriaQuery instead
2025-06-06 17:41:46.843  INFO 21908 --- [http-nio-8080-exec-4] c.e.ServiceImpl.UserDetailsServiceImpl   : UserDetailsImpl.loadUserByUsername() invoked with username :lathusanthurairajah@codearson.com
2025-06-06 17:41:46.844  INFO 21908 --- [http-nio-8080-exec-4] com.e_com.Service.BL.UserServiceBL       : UserServiceBL.getUserByUserName() invoked
2025-06-06 17:41:46.845  WARN 21908 --- [http-nio-8080-exec-4] org.hibernate.orm.deprecation            : HHH90000022: Hibernate's legacy org.hibernate.Criteria API is deprecated; use the JPA javax.persistence.criteria.CriteriaQuery instead
2025-06-06 17:41:46.859  INFO 21908 --- [http-nio-8080-exec-4] com.e_com.Controller.UserController      : UserController.getUserByEmailAddress() invoked with emailAddress
2025-06-06 17:41:46.859  INFO 21908 --- [http-nio-8080-exec-7] c.e.C.ProductCategoryController          : ProductCategoryController.getAllBySearchProductCategory() invoked with name: null
2025-06-06 17:41:46.860  INFO 21908 --- [http-nio-8080-exec-7] c.e.S.ProductCategoryServiceImpl         : ProductCategoryServiceImpl.getAllBySearchProductCategory() invoked with name: null
2025-06-06 17:41:46.860  INFO 21908 --- [http-nio-8080-exec-7] c.e.Service.BL.ProductCategoryServiceBL  : ProductCategoryServiceBL.getAllBySearchProductCategory() invoked with name: null
2025-06-06 17:41:46.860  INFO 21908 --- [http-nio-8080-exec-4] com.e_com.Service.BL.UserServiceBL       : UserServiceBL.getUserByEmailAddress()invoked
2025-06-06 17:41:46.860  INFO 21908 --- [http-nio-8080-exec-7] c.e_com.DaoImpl.ProductCategoryDaoImpl   : ProductCategoryDaoImpl.getAllBySearchProductCategory() invoked with name: null
2025-06-06 17:41:46.861  WARN 21908 --- [http-nio-8080-exec-7] org.hibernate.orm.deprecation            : HHH90000022: Hibernate's legacy org.hibernate.Criteria API is deprecated; use the JPA javax.persistence.criteria.CriteriaQuery instead
2025-06-06 17:41:46.861  WARN 21908 --- [http-nio-8080-exec-4] org.hibernate.orm.deprecation            : HHH90000022: Hibernate's legacy org.hibernate.Criteria API is deprecated; use the JPA javax.persistence.criteria.CriteriaQuery instead
2025-06-06 17:41:46.866  INFO 21908 --- [http-nio-8080-exec-4] com.e_com.ServiceImpl.UserServiceImpl    : user detail retreived successfully.
2025-06-06 17:41:46.876  INFO 21908 --- [http-nio-8080-exec-7] c.e.S.ProductCategoryServiceImpl         : Retrieved ProductCategory details by search.
2025-06-06 17:41:46.879  INFO 21908 --- [http-nio-8080-exec-1] com.e_com.Service.Utils.JwtCustomFilter  : request enter the custom filter
2025-06-06 17:41:46.890  INFO 21908 --- [http-nio-8080-exec-10] com.e_com.Service.Utils.JwtCustomFilter  : request enter the custom filter
2025-06-06 17:41:46.892  INFO 21908 --- [http-nio-8080-exec-1] c.e.ServiceImpl.UserDetailsServiceImpl   : UserDetailsImpl.loadUserByUsername() invoked with username :lathusanthurairajah@codearson.com
2025-06-06 17:41:46.892  INFO 21908 --- [http-nio-8080-exec-1] com.e_com.Service.BL.UserServiceBL       : UserServiceBL.getUserByUserName() invoked
2025-06-06 17:41:46.892  WARN 21908 --- [http-nio-8080-exec-1] org.hibernate.orm.deprecation            : HHH90000022: Hibernate's legacy org.hibernate.Criteria API is deprecated; use the JPA javax.persistence.criteria.CriteriaQuery instead
2025-06-06 17:41:46.897  INFO 21908 --- [http-nio-8080-exec-10] c.e.ServiceImpl.UserDetailsServiceImpl   : UserDetailsImpl.loadUserByUsername() invoked with username :lathusanthurairajah@codearson.com
2025-06-06 17:41:46.897  INFO 21908 --- [http-nio-8080-exec-10] com.e_com.Service.BL.UserServiceBL       : UserServiceBL.getUserByUserName() invoked
2025-06-06 17:41:46.897  WARN 21908 --- [http-nio-8080-exec-10] org.hibernate.orm.deprecation            : HHH90000022: Hibernate's legacy org.hibernate.Criteria API is deprecated; use the JPA javax.persistence.criteria.CriteriaQuery instead
2025-06-06 17:41:46.916  INFO 21908 --- [http-nio-8080-exec-1] com.e_com.Controller.UserController      : UserController.getUserByEmailAddress() invoked with emailAddress
2025-06-06 17:41:46.918  INFO 21908 --- [http-nio-8080-exec-1] com.e_com.Service.BL.UserServiceBL       : UserServiceBL.getUserByEmailAddress()invoked
2025-06-06 17:41:46.920  WARN 21908 --- [http-nio-8080-exec-1] org.hibernate.orm.deprecation            : HHH90000022: Hibernate's legacy org.hibernate.Criteria API is deprecated; use the JPA javax.persistence.criteria.CriteriaQuery instead
2025-06-06 17:41:46.922  INFO 21908 --- [http-nio-8080-exec-10] c.e.C.ProductCategoryController          : ProductCategoryController.getAllBySearchProductCategory() invoked with name: null
2025-06-06 17:41:46.923  INFO 21908 --- [http-nio-8080-exec-10] c.e.S.ProductCategoryServiceImpl         : ProductCategoryServiceImpl.getAllBySearchProductCategory() invoked with name: null
2025-06-06 17:41:46.923  INFO 21908 --- [http-nio-8080-exec-10] c.e.Service.BL.ProductCategoryServiceBL  : ProductCategoryServiceBL.getAllBySearchProductCategory() invoked with name: null
2025-06-06 17:41:46.925  INFO 21908 --- [http-nio-8080-exec-10] c.e_com.DaoImpl.ProductCategoryDaoImpl   : ProductCategoryDaoImpl.getAllBySearchProductCategory() invoked with name: null
2025-06-06 17:41:46.925  INFO 21908 --- [http-nio-8080-exec-1] com.e_com.ServiceImpl.UserServiceImpl    : user detail retreived successfully.
2025-06-06 17:41:46.925  WARN 21908 --- [http-nio-8080-exec-10] org.hibernate.orm.deprecation            : HHH90000022: Hibernate's legacy org.hibernate.Criteria API is deprecated; use the JPA javax.persistence.criteria.CriteriaQuery instead
2025-06-06 17:41:46.936  INFO 21908 --- [http-nio-8080-exec-10] c.e.S.ProductCategoryServiceImpl         : Retrieved ProductCategory details by search.
2025-06-06 17:42:36.355  INFO 21908 --- [http-nio-8080-exec-9] com.e_com.Service.Utils.JwtCustomFilter  : request enter the custom filter
2025-06-06 17:42:36.365  INFO 21908 --- [http-nio-8080-exec-9] c.e.ServiceImpl.UserDetailsServiceImpl   : UserDetailsImpl.loadUserByUsername() invoked with username :lathusanthurairajah@codearson.com
2025-06-06 17:42:36.367  INFO 21908 --- [http-nio-8080-exec-9] com.e_com.Service.BL.UserServiceBL       : UserServiceBL.getUserByUserName() invoked
2025-06-06 17:42:36.368  WARN 21908 --- [http-nio-8080-exec-9] org.hibernate.orm.deprecation            : HHH90000022: Hibernate's legacy org.hibernate.Criteria API is deprecated; use the JPA javax.persistence.criteria.CriteriaQuery instead
2025-06-06 17:42:36.373  INFO 21908 --- [http-nio-8080-exec-6] com.e_com.Service.Utils.JwtCustomFilter  : request enter the custom filter
2025-06-06 17:42:36.381  INFO 21908 --- [http-nio-8080-exec-6] c.e.ServiceImpl.UserDetailsServiceImpl   : UserDetailsImpl.loadUserByUsername() invoked with username :lathusanthurairajah@codearson.com
2025-06-06 17:42:36.382  INFO 21908 --- [http-nio-8080-exec-6] com.e_com.Service.BL.UserServiceBL       : UserServiceBL.getUserByUserName() invoked
2025-06-06 17:42:36.382  WARN 21908 --- [http-nio-8080-exec-6] org.hibernate.orm.deprecation            : HHH90000022: Hibernate's legacy org.hibernate.Criteria API is deprecated; use the JPA javax.persistence.criteria.CriteriaQuery instead
2025-06-06 17:42:36.394  INFO 21908 --- [http-nio-8080-exec-9] com.e_com.Controller.UserController      : UserController.getUserByEmailAddress() invoked with emailAddress
2025-06-06 17:42:36.395  INFO 21908 --- [http-nio-8080-exec-9] com.e_com.Service.BL.UserServiceBL       : UserServiceBL.getUserByEmailAddress()invoked
2025-06-06 17:42:36.396  WARN 21908 --- [http-nio-8080-exec-9] org.hibernate.orm.deprecation            : HHH90000022: Hibernate's legacy org.hibernate.Criteria API is deprecated; use the JPA javax.persistence.criteria.CriteriaQuery instead
2025-06-06 17:42:36.401  INFO 21908 --- [http-nio-8080-exec-6] c.e.C.ProductCategoryController          : ProductCategoryController.getAllBySearchProductCategory() invoked with name: null
2025-06-06 17:42:36.402  INFO 21908 --- [http-nio-8080-exec-6] c.e.S.ProductCategoryServiceImpl         : ProductCategoryServiceImpl.getAllBySearchProductCategory() invoked with name: null
2025-06-06 17:42:36.402  INFO 21908 --- [http-nio-8080-exec-6] c.e.Service.BL.ProductCategoryServiceBL  : ProductCategoryServiceBL.getAllBySearchProductCategory() invoked with name: null
2025-06-06 17:42:36.403  INFO 21908 --- [http-nio-8080-exec-9] com.e_com.ServiceImpl.UserServiceImpl    : user detail retreived successfully.
2025-06-06 17:42:36.404  INFO 21908 --- [http-nio-8080-exec-6] c.e_com.DaoImpl.ProductCategoryDaoImpl   : ProductCategoryDaoImpl.getAllBySearchProductCategory() invoked with name: null
2025-06-06 17:42:36.406  WARN 21908 --- [http-nio-8080-exec-6] org.hibernate.orm.deprecation            : HHH90000022: Hibernate's legacy org.hibernate.Criteria API is deprecated; use the JPA javax.persistence.criteria.CriteriaQuery instead
2025-06-06 17:42:36.411  INFO 21908 --- [http-nio-8080-exec-3] com.e_com.Service.Utils.JwtCustomFilter  : request enter the custom filter
2025-06-06 17:42:36.414  INFO 21908 --- [http-nio-8080-exec-3] c.e.ServiceImpl.UserDetailsServiceImpl   : UserDetailsImpl.loadUserByUsername() invoked with username :lathusanthurairajah@codearson.com
2025-06-06 17:42:36.415  INFO 21908 --- [http-nio-8080-exec-3] com.e_com.Service.BL.UserServiceBL       : UserServiceBL.getUserByUserName() invoked
2025-06-06 17:42:36.416  WARN 21908 --- [http-nio-8080-exec-3] org.hibernate.orm.deprecation            : HHH90000022: Hibernate's legacy org.hibernate.Criteria API is deprecated; use the JPA javax.persistence.criteria.CriteriaQuery instead
2025-06-06 17:42:36.416  INFO 21908 --- [http-nio-8080-exec-6] c.e.S.ProductCategoryServiceImpl         : Retrieved ProductCategory details by search.
2025-06-06 17:42:36.426  INFO 21908 --- [http-nio-8080-exec-4] com.e_com.Service.Utils.JwtCustomFilter  : request enter the custom filter
2025-06-06 17:42:36.429  INFO 21908 --- [http-nio-8080-exec-4] c.e.ServiceImpl.UserDetailsServiceImpl   : UserDetailsImpl.loadUserByUsername() invoked with username :lathusanthurairajah@codearson.com
2025-06-06 17:42:36.429  INFO 21908 --- [http-nio-8080-exec-4] com.e_com.Service.BL.UserServiceBL       : UserServiceBL.getUserByUserName() invoked
2025-06-06 17:42:36.430  WARN 21908 --- [http-nio-8080-exec-4] org.hibernate.orm.deprecation            : HHH90000022: Hibernate's legacy org.hibernate.Criteria API is deprecated; use the JPA javax.persistence.criteria.CriteriaQuery instead
2025-06-06 17:42:36.432  INFO 21908 --- [http-nio-8080-exec-3] com.e_com.Controller.UserController      : UserController.getUserByEmailAddress() invoked with emailAddress
2025-06-06 17:42:36.433  INFO 21908 --- [http-nio-8080-exec-3] com.e_com.Service.BL.UserServiceBL       : UserServiceBL.getUserByEmailAddress()invoked
2025-06-06 17:42:36.434  WARN 21908 --- [http-nio-8080-exec-3] org.hibernate.orm.deprecation            : HHH90000022: Hibernate's legacy org.hibernate.Criteria API is deprecated; use the JPA javax.persistence.criteria.CriteriaQuery instead
2025-06-06 17:42:36.437  INFO 21908 --- [http-nio-8080-exec-3] com.e_com.ServiceImpl.UserServiceImpl    : user detail retreived successfully.
2025-06-06 17:42:36.444  INFO 21908 --- [http-nio-8080-exec-4] c.e.C.ProductCategoryController          : ProductCategoryController.getAllBySearchProductCategory() invoked with name: null
2025-06-06 17:42:36.444  INFO 21908 --- [http-nio-8080-exec-4] c.e.S.ProductCategoryServiceImpl         : ProductCategoryServiceImpl.getAllBySearchProductCategory() invoked with name: null
2025-06-06 17:42:36.444  INFO 21908 --- [http-nio-8080-exec-4] c.e.Service.BL.ProductCategoryServiceBL  : ProductCategoryServiceBL.getAllBySearchProductCategory() invoked with name: null
2025-06-06 17:42:36.445  INFO 21908 --- [http-nio-8080-exec-4] c.e_com.DaoImpl.ProductCategoryDaoImpl   : ProductCategoryDaoImpl.getAllBySearchProductCategory() invoked with name: null
2025-06-06 17:42:36.445  WARN 21908 --- [http-nio-8080-exec-4] org.hibernate.orm.deprecation            : HHH90000022: Hibernate's legacy org.hibernate.Criteria API is deprecated; use the JPA javax.persistence.criteria.CriteriaQuery instead
2025-06-06 17:42:36.453  INFO 21908 --- [http-nio-8080-exec-4] c.e.S.ProductCategoryServiceImpl         : Retrieved ProductCategory details by search.
2025-06-06 17:43:29.930  INFO 21908 --- [http-nio-8080-exec-7] com.e_com.Service.Utils.JwtCustomFilter  : request enter the custom filter
2025-06-06 17:43:29.931  INFO 21908 --- [http-nio-8080-exec-1] com.e_com.Service.Utils.JwtCustomFilter  : request enter the custom filter
2025-06-06 17:43:29.947  INFO 21908 --- [http-nio-8080-exec-1] c.e.ServiceImpl.UserDetailsServiceImpl   : UserDetailsImpl.loadUserByUsername() invoked with username :lathusanthurairajah@codearson.com
2025-06-06 17:43:29.947  INFO 21908 --- [http-nio-8080-exec-1] com.e_com.Service.BL.UserServiceBL       : UserServiceBL.getUserByUserName() invoked
2025-06-06 17:43:29.948  INFO 21908 --- [http-nio-8080-exec-7] c.e.ServiceImpl.UserDetailsServiceImpl   : UserDetailsImpl.loadUserByUsername() invoked with username :lathusanthurairajah@codearson.com
2025-06-06 17:43:29.948  INFO 21908 --- [http-nio-8080-exec-7] com.e_com.Service.BL.UserServiceBL       : UserServiceBL.getUserByUserName() invoked
2025-06-06 17:43:29.948  WARN 21908 --- [http-nio-8080-exec-1] org.hibernate.orm.deprecation            : HHH90000022: Hibernate's legacy org.hibernate.Criteria API is deprecated; use the JPA javax.persistence.criteria.CriteriaQuery instead
2025-06-06 17:43:29.948  WARN 21908 --- [http-nio-8080-exec-7] org.hibernate.orm.deprecation            : HHH90000022: Hibernate's legacy org.hibernate.Criteria API is deprecated; use the JPA javax.persistence.criteria.CriteriaQuery instead
2025-06-06 17:43:29.976  INFO 21908 --- [http-nio-8080-exec-7] com.e_com.Controller.UserController      : UserController.getUserByEmailAddress() invoked with emailAddress
2025-06-06 17:43:29.977  INFO 21908 --- [http-nio-8080-exec-1] c.e.C.ProductCategoryController          : ProductCategoryController.getAllBySearchProductCategory() invoked with name: null
2025-06-06 17:43:29.977  INFO 21908 --- [http-nio-8080-exec-1] c.e.S.ProductCategoryServiceImpl         : ProductCategoryServiceImpl.getAllBySearchProductCategory() invoked with name: null
2025-06-06 17:43:29.977  INFO 21908 --- [http-nio-8080-exec-1] c.e.Service.BL.ProductCategoryServiceBL  : ProductCategoryServiceBL.getAllBySearchProductCategory() invoked with name: null
2025-06-06 17:43:29.978  INFO 21908 --- [http-nio-8080-exec-7] com.e_com.Service.BL.UserServiceBL       : UserServiceBL.getUserByEmailAddress()invoked
2025-06-06 17:43:29.978  INFO 21908 --- [http-nio-8080-exec-1] c.e_com.DaoImpl.ProductCategoryDaoImpl   : ProductCategoryDaoImpl.getAllBySearchProductCategory() invoked with name: null
2025-06-06 17:43:29.979  WARN 21908 --- [http-nio-8080-exec-1] org.hibernate.orm.deprecation            : HHH90000022: Hibernate's legacy org.hibernate.Criteria API is deprecated; use the JPA javax.persistence.criteria.CriteriaQuery instead
2025-06-06 17:43:29.979  WARN 21908 --- [http-nio-8080-exec-7] org.hibernate.orm.deprecation            : HHH90000022: Hibernate's legacy org.hibernate.Criteria API is deprecated; use the JPA javax.persistence.criteria.CriteriaQuery instead
2025-06-06 17:43:30.013  INFO 21908 --- [http-nio-8080-exec-7] com.e_com.ServiceImpl.UserServiceImpl    : user detail retreived successfully.
2025-06-06 17:43:30.014  INFO 21908 --- [http-nio-8080-exec-1] c.e.S.ProductCategoryServiceImpl         : Retrieved ProductCategory details by search.
2025-06-06 17:43:30.033  INFO 21908 --- [http-nio-8080-exec-5] com.e_com.Service.Utils.JwtCustomFilter  : request enter the custom filter
2025-06-06 17:43:30.050  INFO 21908 --- [http-nio-8080-exec-5] c.e.ServiceImpl.UserDetailsServiceImpl   : UserDetailsImpl.loadUserByUsername() invoked with username :lathusanthurairajah@codearson.com
2025-06-06 17:43:30.051  INFO 21908 --- [http-nio-8080-exec-5] com.e_com.Service.BL.UserServiceBL       : UserServiceBL.getUserByUserName() invoked
2025-06-06 17:43:30.053  WARN 21908 --- [http-nio-8080-exec-5] org.hibernate.orm.deprecation            : HHH90000022: Hibernate's legacy org.hibernate.Criteria API is deprecated; use the JPA javax.persistence.criteria.CriteriaQuery instead
2025-06-06 17:43:30.061  INFO 21908 --- [http-nio-8080-exec-8] com.e_com.Service.Utils.JwtCustomFilter  : request enter the custom filter
2025-06-06 17:43:30.079  INFO 21908 --- [http-nio-8080-exec-8] c.e.ServiceImpl.UserDetailsServiceImpl   : UserDetailsImpl.loadUserByUsername() invoked with username :lathusanthurairajah@codearson.com
2025-06-06 17:43:30.080  INFO 21908 --- [http-nio-8080-exec-8] com.e_com.Service.BL.UserServiceBL       : UserServiceBL.getUserByUserName() invoked
2025-06-06 17:43:30.085  WARN 21908 --- [http-nio-8080-exec-8] org.hibernate.orm.deprecation            : HHH90000022: Hibernate's legacy org.hibernate.Criteria API is deprecated; use the JPA javax.persistence.criteria.CriteriaQuery instead
2025-06-06 17:43:30.091  INFO 21908 --- [http-nio-8080-exec-5] c.e.C.ProductCategoryController          : ProductCategoryController.getAllBySearchProductCategory() invoked with name: null
2025-06-06 17:43:30.092  INFO 21908 --- [http-nio-8080-exec-5] c.e.S.ProductCategoryServiceImpl         : ProductCategoryServiceImpl.getAllBySearchProductCategory() invoked with name: null
2025-06-06 17:43:30.092  INFO 21908 --- [http-nio-8080-exec-5] c.e.Service.BL.ProductCategoryServiceBL  : ProductCategoryServiceBL.getAllBySearchProductCategory() invoked with name: null
2025-06-06 17:43:30.093  INFO 21908 --- [http-nio-8080-exec-5] c.e_com.DaoImpl.ProductCategoryDaoImpl   : ProductCategoryDaoImpl.getAllBySearchProductCategory() invoked with name: null
2025-06-06 17:43:30.093  WARN 21908 --- [http-nio-8080-exec-5] org.hibernate.orm.deprecation            : HHH90000022: Hibernate's legacy org.hibernate.Criteria API is deprecated; use the JPA javax.persistence.criteria.CriteriaQuery instead
2025-06-06 17:43:30.107  INFO 21908 --- [http-nio-8080-exec-5] c.e.S.ProductCategoryServiceImpl         : Retrieved ProductCategory details by search.
2025-06-06 17:43:30.109  INFO 21908 --- [http-nio-8080-exec-8] com.e_com.Controller.UserController      : UserController.getUserByEmailAddress() invoked with emailAddress
2025-06-06 17:43:30.110  INFO 21908 --- [http-nio-8080-exec-8] com.e_com.Service.BL.UserServiceBL       : UserServiceBL.getUserByEmailAddress()invoked
2025-06-06 17:43:30.111  WARN 21908 --- [http-nio-8080-exec-8] org.hibernate.orm.deprecation            : HHH90000022: Hibernate's legacy org.hibernate.Criteria API is deprecated; use the JPA javax.persistence.criteria.CriteriaQuery instead
2025-06-06 17:43:30.116  INFO 21908 --- [http-nio-8080-exec-8] com.e_com.ServiceImpl.UserServiceImpl    : user detail retreived successfully.
2025-06-06 17:44:06.595  INFO 21908 --- [http-nio-8080-exec-6] com.e_com.Service.Utils.JwtCustomFilter  : request enter the custom filter
2025-06-06 17:44:06.595  INFO 21908 --- [http-nio-8080-exec-9] com.e_com.Service.Utils.JwtCustomFilter  : request enter the custom filter
2025-06-06 17:44:06.616  INFO 21908 --- [http-nio-8080-exec-9] c.e.ServiceImpl.UserDetailsServiceImpl   : UserDetailsImpl.loadUserByUsername() invoked with username :lathusanthurairajah@codearson.com
2025-06-06 17:44:06.616  INFO 21908 --- [http-nio-8080-exec-9] com.e_com.Service.BL.UserServiceBL       : UserServiceBL.getUserByUserName() invoked
2025-06-06 17:44:06.617  WARN 21908 --- [http-nio-8080-exec-9] org.hibernate.orm.deprecation            : HHH90000022: Hibernate's legacy org.hibernate.Criteria API is deprecated; use the JPA javax.persistence.criteria.CriteriaQuery instead
2025-06-06 17:44:06.618  INFO 21908 --- [http-nio-8080-exec-6] c.e.ServiceImpl.UserDetailsServiceImpl   : UserDetailsImpl.loadUserByUsername() invoked with username :lathusanthurairajah@codearson.com
2025-06-06 17:44:06.618  INFO 21908 --- [http-nio-8080-exec-6] com.e_com.Service.BL.UserServiceBL       : UserServiceBL.getUserByUserName() invoked
2025-06-06 17:44:06.618  WARN 21908 --- [http-nio-8080-exec-6] org.hibernate.orm.deprecation            : HHH90000022: Hibernate's legacy org.hibernate.Criteria API is deprecated; use the JPA javax.persistence.criteria.CriteriaQuery instead
2025-06-06 17:44:06.643  INFO 21908 --- [http-nio-8080-exec-6] com.e_com.Controller.UserController      : UserController.getUserByEmailAddress() invoked with emailAddress
2025-06-06 17:44:06.644  INFO 21908 --- [http-nio-8080-exec-9] c.e.C.ProductCategoryController          : ProductCategoryController.getAllBySearchProductCategory() invoked with name: null
2025-06-06 17:44:06.644  INFO 21908 --- [http-nio-8080-exec-9] c.e.S.ProductCategoryServiceImpl         : ProductCategoryServiceImpl.getAllBySearchProductCategory() invoked with name: null
2025-06-06 17:44:06.644  INFO 21908 --- [http-nio-8080-exec-9] c.e.Service.BL.ProductCategoryServiceBL  : ProductCategoryServiceBL.getAllBySearchProductCategory() invoked with name: null
2025-06-06 17:44:06.644  INFO 21908 --- [http-nio-8080-exec-6] com.e_com.Service.BL.UserServiceBL       : UserServiceBL.getUserByEmailAddress()invoked
2025-06-06 17:44:06.644  WARN 21908 --- [http-nio-8080-exec-6] org.hibernate.orm.deprecation            : HHH90000022: Hibernate's legacy org.hibernate.Criteria API is deprecated; use the JPA javax.persistence.criteria.CriteriaQuery instead
2025-06-06 17:44:06.646  INFO 21908 --- [http-nio-8080-exec-9] c.e_com.DaoImpl.ProductCategoryDaoImpl   : ProductCategoryDaoImpl.getAllBySearchProductCategory() invoked with name: null
2025-06-06 17:44:06.647  WARN 21908 --- [http-nio-8080-exec-9] org.hibernate.orm.deprecation            : HHH90000022: Hibernate's legacy org.hibernate.Criteria API is deprecated; use the JPA javax.persistence.criteria.CriteriaQuery instead
2025-06-06 17:44:06.658  INFO 21908 --- [http-nio-8080-exec-6] com.e_com.ServiceImpl.UserServiceImpl    : user detail retreived successfully.
2025-06-06 17:44:06.664  INFO 21908 --- [http-nio-8080-exec-9] c.e.S.ProductCategoryServiceImpl         : Retrieved ProductCategory details by search.
2025-06-06 17:44:06.672  INFO 21908 --- [http-nio-8080-exec-10] com.e_com.Service.Utils.JwtCustomFilter  : request enter the custom filter
2025-06-06 17:44:06.673  INFO 21908 --- [http-nio-8080-exec-2] com.e_com.Service.Utils.JwtCustomFilter  : request enter the custom filter
2025-06-06 17:44:06.676  INFO 21908 --- [http-nio-8080-exec-10] c.e.ServiceImpl.UserDetailsServiceImpl   : UserDetailsImpl.loadUserByUsername() invoked with username :lathusanthurairajah@codearson.com
2025-06-06 17:44:06.676  INFO 21908 --- [http-nio-8080-exec-10] com.e_com.Service.BL.UserServiceBL       : UserServiceBL.getUserByUserName() invoked
2025-06-06 17:44:06.677  WARN 21908 --- [http-nio-8080-exec-10] org.hibernate.orm.deprecation            : HHH90000022: Hibernate's legacy org.hibernate.Criteria API is deprecated; use the JPA javax.persistence.criteria.CriteriaQuery instead
2025-06-06 17:44:06.686  INFO 21908 --- [http-nio-8080-exec-2] c.e.ServiceImpl.UserDetailsServiceImpl   : UserDetailsImpl.loadUserByUsername() invoked with username :lathusanthurairajah@codearson.com
2025-06-06 17:44:06.687  INFO 21908 --- [http-nio-8080-exec-2] com.e_com.Service.BL.UserServiceBL       : UserServiceBL.getUserByUserName() invoked
2025-06-06 17:44:06.687  WARN 21908 --- [http-nio-8080-exec-2] org.hibernate.orm.deprecation            : HHH90000022: Hibernate's legacy org.hibernate.Criteria API is deprecated; use the JPA javax.persistence.criteria.CriteriaQuery instead
2025-06-06 17:44:06.700  INFO 21908 --- [http-nio-8080-exec-10] com.e_com.Controller.UserController      : UserController.getUserByEmailAddress() invoked with emailAddress
2025-06-06 17:44:06.703  INFO 21908 --- [http-nio-8080-exec-10] com.e_com.Service.BL.UserServiceBL       : UserServiceBL.getUserByEmailAddress()invoked
2025-06-06 17:44:06.704  WARN 21908 --- [http-nio-8080-exec-10] org.hibernate.orm.deprecation            : HHH90000022: Hibernate's legacy org.hibernate.Criteria API is deprecated; use the JPA javax.persistence.criteria.CriteriaQuery instead
2025-06-06 17:44:06.705  INFO 21908 --- [http-nio-8080-exec-2] c.e.C.ProductCategoryController          : ProductCategoryController.getAllBySearchProductCategory() invoked with name: null
2025-06-06 17:44:06.706  INFO 21908 --- [http-nio-8080-exec-2] c.e.S.ProductCategoryServiceImpl         : ProductCategoryServiceImpl.getAllBySearchProductCategory() invoked with name: null
2025-06-06 17:44:06.706  INFO 21908 --- [http-nio-8080-exec-2] c.e.Service.BL.ProductCategoryServiceBL  : ProductCategoryServiceBL.getAllBySearchProductCategory() invoked with name: null
2025-06-06 17:44:06.707  INFO 21908 --- [http-nio-8080-exec-2] c.e_com.DaoImpl.ProductCategoryDaoImpl   : ProductCategoryDaoImpl.getAllBySearchProductCategory() invoked with name: null
2025-06-06 17:44:06.708  INFO 21908 --- [http-nio-8080-exec-10] com.e_com.ServiceImpl.UserServiceImpl    : user detail retreived successfully.
2025-06-06 17:44:06.708  WARN 21908 --- [http-nio-8080-exec-2] org.hibernate.orm.deprecation            : HHH90000022: Hibernate's legacy org.hibernate.Criteria API is deprecated; use the JPA javax.persistence.criteria.CriteriaQuery instead
2025-06-06 17:44:06.720  INFO 21908 --- [http-nio-8080-exec-2] c.e.S.ProductCategoryServiceImpl         : Retrieved ProductCategory details by search.
2025-06-06 17:45:06.781  INFO 21908 --- [http-nio-8080-exec-7] com.e_com.Service.Utils.JwtCustomFilter  : request enter the custom filter
2025-06-06 17:45:06.791  INFO 21908 --- [http-nio-8080-exec-7] c.e.ServiceImpl.UserDetailsServiceImpl   : UserDetailsImpl.loadUserByUsername() invoked with username :lathusanthurairajah@codearson.com
2025-06-06 17:45:06.791  INFO 21908 --- [http-nio-8080-exec-7] com.e_com.Service.BL.UserServiceBL       : UserServiceBL.getUserByUserName() invoked
2025-06-06 17:45:06.792  WARN 21908 --- [http-nio-8080-exec-7] org.hibernate.orm.deprecation            : HHH90000022: Hibernate's legacy org.hibernate.Criteria API is deprecated; use the JPA javax.persistence.criteria.CriteriaQuery instead
2025-06-06 17:45:18.184  INFO 21908 --- [http-nio-8080-exec-6] com.e_com.Service.Utils.JwtCustomFilter  : request enter the custom filter
2025-06-06 17:45:18.190  INFO 21908 --- [http-nio-8080-exec-6] c.e.ServiceImpl.UserDetailsServiceImpl   : UserDetailsImpl.loadUserByUsername() invoked with username :lathusanthurairajah@codearson.com
2025-06-06 17:45:18.190  INFO 21908 --- [http-nio-8080-exec-6] com.e_com.Service.BL.UserServiceBL       : UserServiceBL.getUserByUserName() invoked
2025-06-06 17:45:18.190  WARN 21908 --- [http-nio-8080-exec-6] org.hibernate.orm.deprecation            : HHH90000022: Hibernate's legacy org.hibernate.Criteria API is deprecated; use the JPA javax.persistence.criteria.CriteriaQuery instead
2025-06-06 17:45:18.211  INFO 21908 --- [http-nio-8080-exec-6] com.e_com.Controller.ProductController   : ProductController.getAllPageSortByPrice() invoked with pageNumber: 1, pageSize: 5, status: true, asc: true
2025-06-06 17:45:18.211  INFO 21908 --- [http-nio-8080-exec-6] c.e_com.ServiceImpl.ProductServiceImpl   : ProductServiceImpl.getAllPageSortByPrice() invoked with pageNumber: 1, pageSize: 5, status: true, asc: true
2025-06-06 17:45:18.211  INFO 21908 --- [http-nio-8080-exec-6] com.e_com.Service.BL.ProductServiceBL    : ProductServiceBL.getAllPageProduct() invoked with pageNumber: 1, pageSize: 5, status: true
2025-06-06 17:45:18.212  INFO 21908 --- [http-nio-8080-exec-6] com.e_com.DaoImpl.ProductDaoImpl         : ProductDaoImpl.getAllPageSortByPrice() invoked with pageNumber: 1, pageSize: 5, status: true, asc: true
2025-06-06 17:45:18.214  WARN 21908 --- [http-nio-8080-exec-6] org.hibernate.orm.deprecation            : HHH90000022: Hibernate's legacy org.hibernate.Criteria API is deprecated; use the JPA javax.persistence.criteria.CriteriaQuery instead
2025-06-06 17:45:18.223  INFO 21908 --- [http-nio-8080-exec-6] c.e_com.ServiceImpl.ProductServiceImpl   : Retrieved paginated Product details.
2025-06-06 17:47:28.822  INFO 21908 --- [http-nio-8080-exec-2] com.e_com.Service.Utils.JwtCustomFilter  : request enter the custom filter
2025-06-06 17:47:28.832  INFO 21908 --- [http-nio-8080-exec-2] c.e.ServiceImpl.UserDetailsServiceImpl   : UserDetailsImpl.loadUserByUsername() invoked with username :lathusanthurairajah@codearson.com
2025-06-06 17:47:28.833  INFO 21908 --- [http-nio-8080-exec-2] com.e_com.Service.BL.UserServiceBL       : UserServiceBL.getUserByUserName() invoked
2025-06-06 17:47:28.833  WARN 21908 --- [http-nio-8080-exec-2] org.hibernate.orm.deprecation            : HHH90000022: Hibernate's legacy org.hibernate.Criteria API is deprecated; use the JPA javax.persistence.criteria.CriteriaQuery instead
2025-06-06 17:47:28.847  INFO 21908 --- [http-nio-8080-exec-2] com.e_com.Controller.ProductController   : ProductController.getAllPageSortByPrice() invoked with pageNumber: 1, pageSize: 5, status: true, asc: false
2025-06-06 17:47:28.847  INFO 21908 --- [http-nio-8080-exec-2] c.e_com.ServiceImpl.ProductServiceImpl   : ProductServiceImpl.getAllPageSortByPrice() invoked with pageNumber: 1, pageSize: 5, status: true, asc: false
2025-06-06 17:47:28.847  INFO 21908 --- [http-nio-8080-exec-2] com.e_com.Service.BL.ProductServiceBL    : ProductServiceBL.getAllPageProduct() invoked with pageNumber: 1, pageSize: 5, status: true
2025-06-06 17:47:28.849  INFO 21908 --- [http-nio-8080-exec-2] com.e_com.DaoImpl.ProductDaoImpl         : ProductDaoImpl.getAllPageSortByPrice() invoked with pageNumber: 1, pageSize: 5, status: true, asc: false
2025-06-06 17:47:28.850  WARN 21908 --- [http-nio-8080-exec-2] org.hibernate.orm.deprecation            : HHH90000022: Hibernate's legacy org.hibernate.Criteria API is deprecated; use the JPA javax.persistence.criteria.CriteriaQuery instead
2025-06-06 17:47:28.859  INFO 21908 --- [http-nio-8080-exec-2] c.e_com.ServiceImpl.ProductServiceImpl   : Retrieved paginated Product details.
2025-06-06 17:48:48.914  INFO 21908 --- [RMI TCP Connection(18)-127.0.0.1] inMXBeanRegistrar$SpringApplicationAdmin : Application shutdown requested.
2025-06-06 17:48:48.946  INFO 21908 --- [RMI TCP Connection(18)-127.0.0.1] j.LocalContainerEntityManagerFactoryBean : Closing JPA EntityManagerFactory for persistence unit 'default'
2025-06-06 17:48:48.960  INFO 21908 --- [RMI TCP Connection(18)-127.0.0.1] com.zaxxer.hikari.HikariDataSource       : HikariPool-1 - Shutdown initiated...
2025-06-06 17:48:48.970  INFO 21908 --- [RMI TCP Connection(18)-127.0.0.1] com.zaxxer.hikari.HikariDataSource       : HikariPool-1 - Shutdown completed.
